#
# There is insufficient memory for the Java Runtime Environment to continue.
# Native memory allocation (mmap) failed to map 668991488 bytes for G1 virtual space
# Possible reasons:
#   The system is out of physical RAM or swap space
#   The process is running with CompressedOops enabled, and the Java Heap may be blocking the growth of the native heap
# Possible solutions:
#   Reduce memory load on the system
#   Increase physical memory or swap space
#   Check if swap backing store is full
#   Decrease Java heap size (-Xmx/-Xms)
#   Decrease number of Java threads
#   Decrease Java thread stack sizes (-Xss)
#   Set larger code cache with -XX:ReservedCodeCacheSize=
#   JVM is running with Zero Based Compressed Oops mode in which the Java heap is
#     placed in the first 32GB address space. The Java Heap base address is the
#     maximum limit for the native heap growth. Please use -XX:HeapBaseMinAddress
#     to set the Java Heap base and to place the Java Heap above 32GB virtual address.
# This output file may be truncated or incomplete.
#
#  Out of Memory Error (os_windows.cpp:3541), pid=11956, tid=308
#
# JRE version: OpenJDK Runtime Environment Temurin-17.0.4.1+1 (17.0.4.1+1) (build 17.0.4.1+1)
# Java VM: OpenJDK 64-Bit Server VM Temurin-17.0.4.1+1 (17.0.4.1+1, mixed mode, emulated-client, tiered, compressed oops, compressed class ptrs, g1 gc, windows-amd64)
# No core dump will be written. Minidumps are not enabled by default on client versions of Windows
#

---------------  S U M M A R Y ------------

Command Line: -Dsts.lsp.client=vscode -Dsts.log.file=/dev/null -XX:TieredStopAtLevel=1 -Xlog:jni+resolve=off -Dspring.config.location=file:c:\Users\Jose Maria\.vscode\extensions\pivotal.vscode-spring-boot-1.39.0\language-server\BOOT-INF\classes\application.properties org.springframework.ide.vscode.boot.app.BootLanguageServerBootApp

Host: Intel(R) Core(TM) i7-8750H CPU @ 2.20GHz, 12 cores, 15G,  Windows 10 , 64 bit Build 19041 (10.0.19041.1889)
Time: Wed Oct 12 16:58:10 2022 Hora de verano romance elapsed time: 6.807008 seconds (0d 0h 0m 6s)

---------------  T H R E A D  ---------------

Current thread (0x00000207a04339a0):  VMThread "VM Thread" [stack: 0x0000006493d00000,0x0000006493e00000] [id=308]

Stack: [0x0000006493d00000,0x0000006493e00000]
Native frames: (J=compiled Java code, j=interpreted, Vv=VM code, C=native code)
V  [jvm.dll+0x67731a]
V  [jvm.dll+0x832284]
V  [jvm.dll+0x833a2e]
V  [jvm.dll+0x834093]
V  [jvm.dll+0x245775]
V  [jvm.dll+0x674209]
V  [jvm.dll+0x668a92]
V  [jvm.dll+0x30471b]
V  [jvm.dll+0x30bc66]
V  [jvm.dll+0x35ba9e]
V  [jvm.dll+0x35bccf]
V  [jvm.dll+0x2db5b8]
V  [jvm.dll+0x2d986c]
V  [jvm.dll+0x2d8e3c]
V  [jvm.dll+0x31cd9b]
V  [jvm.dll+0x83853b]
V  [jvm.dll+0x839274]
V  [jvm.dll+0x83978c]
V  [jvm.dll+0x839b64]
V  [jvm.dll+0x839c30]
V  [jvm.dll+0x7e240a]
V  [jvm.dll+0x6761a5]
C  [ucrtbase.dll+0x21bb2]
C  [KERNEL32.DLL+0x17034]
C  [ntdll.dll+0x526a1]

VM_Operation (0x0000006495dfe190): G1CollectForAllocation, mode: safepoint, requested by thread 0x00000207a065dcb0


---------------  P R O C E S S  ---------------

Threads class SMR info:
_java_thread_list=0x00000207a403b230, length=46, elements={
0x00000207a0434eb0, 0x00000207a04359d0, 0x00000207a0465e90, 0x00000207a0467f70,
0x00000207a0469050, 0x00000207a0469910, 0x00000207a046a490, 0x00000207a046b1a0,
0x00000207a06a7770, 0x00000207a06a9c90, 0x00000207a06b4a80, 0x00000207a06b6d40,
0x00000207a0f7a220, 0x00000207a1e8a8c0, 0x00000207a0e1f260, 0x00000207a0cbef20,
0x00000207a0e577d0, 0x00000207a0cbb040, 0x00000207a0daf860, 0x00000207a065dcb0,
0x00000207a065e180, 0x00000207a2244a40, 0x00000207a22440a0, 0x00000207a2244570,
0x00000207a2245d80, 0x00000207a22458b0, 0x00000207a22470c0, 0x00000207a2246250,
0x00000207a22453e0, 0x00000207a2247590, 0x00000207a2244f10, 0x00000207a2246720,
0x00000207a2246bf0, 0x00000207a2243bd0, 0x00000207a251e700, 0x00000207a25238d0,
0x00000207a251ff10, 0x00000207a251cef0, 0x00000207a2523da0, 0x00000207a25208b0,
0x00000207a2522590, 0x00000207a251f570, 0x00000207a251ebd0, 0x00000207a251f0a0,
0x00000207a251fa40, 0x00000207a25203e0
}

Java Threads: ( => current thread )
  0x00000207a0434eb0 JavaThread "Reference Handler" daemon [_thread_blocked, id=3460, stack(0x0000006493e00000,0x0000006493f00000)]
  0x00000207a04359d0 JavaThread "Finalizer" daemon [_thread_blocked, id=14088, stack(0x0000006493f00000,0x0000006494000000)]
  0x00000207a0465e90 JavaThread "Signal Dispatcher" daemon [_thread_blocked, id=16120, stack(0x0000006494000000,0x0000006494100000)]
  0x00000207a0467f70 JavaThread "Attach Listener" daemon [_thread_blocked, id=9704, stack(0x0000006494100000,0x0000006494200000)]
  0x00000207a0469050 JavaThread "Service Thread" daemon [_thread_blocked, id=8408, stack(0x0000006494200000,0x0000006494300000)]
  0x00000207a0469910 JavaThread "Monitor Deflation Thread" daemon [_thread_blocked, id=9620, stack(0x0000006494300000,0x0000006494400000)]
  0x00000207a046a490 JavaThread "C1 CompilerThread0" daemon [_thread_blocked, id=9816, stack(0x0000006494400000,0x0000006494500000)]
  0x00000207a046b1a0 JavaThread "Sweeper thread" daemon [_thread_blocked, id=7160, stack(0x0000006494500000,0x0000006494600000)]
  0x00000207a06a7770 JavaThread "C1 CompilerThread1" daemon [_thread_blocked, id=9948, stack(0x0000006494600000,0x0000006494700000)]
  0x00000207a06a9c90 JavaThread "C1 CompilerThread2" daemon [_thread_blocked, id=8428, stack(0x0000006494700000,0x0000006494800000)]
  0x00000207a06b4a80 JavaThread "Notification Thread" daemon [_thread_blocked, id=2088, stack(0x0000006494800000,0x0000006494900000)]
  0x00000207a06b6d40 JavaThread "Common-Cleaner" daemon [_thread_blocked, id=16484, stack(0x0000006494a00000,0x0000006494b00000)]
  0x00000207a0f7a220 JavaThread "C1 CompilerThread3" daemon [_thread_blocked, id=6264, stack(0x0000006494b00000,0x0000006494c00000)]
  0x00000207a1e8a8c0 JavaThread "boundedElastic-evictor-1" daemon [_thread_blocked, id=2212, stack(0x0000006495400000,0x0000006495500000)]
  0x00000207a0e1f260 JavaThread "ForkJoinPool.commonPool-worker-1" daemon [_thread_blocked, id=16032, stack(0x0000006495800000,0x0000006495900000)]
  0x00000207a0cbef20 JavaThread "ClassGraph-worker-0" daemon [_thread_blocked, id=7700, stack(0x0000006495900000,0x0000006495a00000)]
  0x00000207a0e577d0 JavaThread "ClassGraph-worker-1" daemon [_thread_blocked, id=10696, stack(0x0000006495a00000,0x0000006495b00000)]
  0x00000207a0cbb040 JavaThread "ClassGraph-worker-2" daemon [_thread_blocked, id=14308, stack(0x0000006495b00000,0x0000006495c00000)]
  0x00000207a0daf860 JavaThread "ClassGraph-worker-3" daemon [_thread_blocked, id=16764, stack(0x0000006495c00000,0x0000006495d00000)]
  0x00000207a065dcb0 JavaThread "ClassGraph-worker-4" daemon [_thread_blocked, id=12164, stack(0x0000006495d00000,0x0000006495e00000)]
  0x00000207a065e180 JavaThread "ClassGraph-worker-5" daemon [_thread_blocked, id=8824, stack(0x0000006495e00000,0x0000006495f00000)]
  0x00000207a2244a40 JavaThread "ClassGraph-worker-6" daemon [_thread_blocked, id=6164, stack(0x0000006495f00000,0x0000006496000000)]
  0x00000207a22440a0 JavaThread "ClassGraph-worker-7" daemon [_thread_blocked, id=3784, stack(0x0000006496000000,0x0000006496100000)]
  0x00000207a2244570 JavaThread "ClassGraph-worker-8" daemon [_thread_blocked, id=10940, stack(0x0000006496100000,0x0000006496200000)]
  0x00000207a2245d80 JavaThread "ClassGraph-worker-9" daemon [_thread_blocked, id=3064, stack(0x0000006496200000,0x0000006496300000)]
  0x00000207a22458b0 JavaThread "ClassGraph-worker-10" daemon [_thread_blocked, id=3492, stack(0x0000006496300000,0x0000006496400000)]
  0x00000207a22470c0 JavaThread "ClassGraph-worker-11" daemon [_thread_blocked, id=3424, stack(0x0000006496400000,0x0000006496500000)]
  0x00000207a2246250 JavaThread "ClassGraph-worker-12" daemon [_thread_blocked, id=12456, stack(0x0000006496500000,0x0000006496600000)]
  0x00000207a22453e0 JavaThread "ClassGraph-worker-13" daemon [_thread_blocked, id=13532, stack(0x0000006496600000,0x0000006496700000)]
  0x00000207a2247590 JavaThread "ClassGraph-worker-14" daemon [_thread_blocked, id=13244, stack(0x0000006496700000,0x0000006496800000)]
  0x00000207a2244f10 JavaThread "ClassGraph-worker-15" daemon [_thread_blocked, id=10292, stack(0x0000006496800000,0x0000006496900000)]
  0x00000207a2246720 JavaThread "ClassGraph-worker-16" daemon [_thread_blocked, id=8716, stack(0x0000006496900000,0x0000006496a00000)]
  0x00000207a2246bf0 JavaThread "ClassGraph-worker-17" daemon [_thread_blocked, id=9004, stack(0x0000006496a00000,0x0000006496b00000)]
  0x00000207a2243bd0 JavaThread "ClassGraph-worker-18" daemon [_thread_blocked, id=16448, stack(0x0000006496b00000,0x0000006496c00000)]
  0x00000207a251e700 JavaThread "pool-9-thread-1" [_thread_blocked, id=7900, stack(0x0000006496c00000,0x0000006496d00000)]
  0x00000207a25238d0 JavaThread "LanguageServerApp-lifecycle" [_thread_blocked, id=15248, stack(0x0000006496d00000,0x0000006496e00000)]
  0x00000207a251ff10 JavaThread "DestroyJavaVM" [_thread_blocked, id=11920, stack(0x0000006493700000,0x0000006493800000)]
  0x00000207a251cef0 JavaThread "pool-10-thread-1" [_thread_in_native, id=13744, stack(0x0000006497100000,0x0000006497200000)]
  0x00000207a2523da0 JavaThread "Simple-Language-Server main thread" daemon [_thread_blocked, id=6752, stack(0x0000006497200000,0x0000006497300000)]
  0x00000207a25208b0 JavaThread "pool-7-thread-1" [_thread_blocked, id=8660, stack(0x0000006497300000,0x0000006497400000)]
  0x00000207a2522590 JavaThread "parallel-1" daemon [_thread_blocked, id=8356, stack(0x0000006497400000,0x0000006497500000)]
  0x00000207a251f570 JavaThread "Reconciler-1" daemon [_thread_blocked, id=16668, stack(0x0000006497500000,0x0000006497600000)]
  0x00000207a251ebd0 JavaThread "parallel-2" daemon [_thread_blocked, id=13240, stack(0x0000006497600000,0x0000006497700000)]
  0x00000207a251f0a0 JavaThread "pool-4-thread-1" [_thread_blocked, id=12152, stack(0x0000006497700000,0x0000006497800000)]
  0x00000207a251fa40 JavaThread "ForkJoinPool.commonPool-worker-2" daemon [_thread_blocked, id=12404, stack(0x0000006497800000,0x0000006497900000)]
  0x00000207a25203e0 JavaThread "pool-4-thread-2" [_thread_blocked, id=10284, stack(0x0000006497900000,0x0000006497a00000)]

Other Threads:
=>0x00000207a04339a0 VMThread "VM Thread" [stack: 0x0000006493d00000,0x0000006493e00000] [id=308]
  0x000002078d486600 WatcherThread [stack: 0x0000006494900000,0x0000006494a00000] [id=7344]
  0x000002078d467f20 GCTaskThread "GC Thread#0" [stack: 0x0000006493800000,0x0000006493900000] [id=13768]
  0x00000207a0ff97f0 GCTaskThread "GC Thread#1" [stack: 0x0000006494c00000,0x0000006494d00000] [id=14844]
  0x00000207a1812010 GCTaskThread "GC Thread#2" [stack: 0x0000006494d00000,0x0000006494e00000] [id=9296]
  0x00000207a1812ae0 GCTaskThread "GC Thread#3" [stack: 0x0000006494e00000,0x0000006494f00000] [id=17220]
  0x00000207a1812d90 GCTaskThread "GC Thread#4" [stack: 0x0000006494f00000,0x0000006495000000] [id=3508]
  0x00000207a1813250 GCTaskThread "GC Thread#5" [stack: 0x0000006495000000,0x0000006495100000] [id=13612]
  0x00000207a18941d0 GCTaskThread "GC Thread#6" [stack: 0x0000006495100000,0x0000006495200000] [id=16700]
  0x00000207a19f3a50 GCTaskThread "GC Thread#7" [stack: 0x0000006495200000,0x0000006495300000] [id=16136]
  0x00000207a19f3d00 GCTaskThread "GC Thread#8" [stack: 0x0000006495300000,0x0000006495400000] [id=10848]
  0x00000207a1b05940 GCTaskThread "GC Thread#9" [stack: 0x0000006495500000,0x0000006495600000] [id=5316]
  0x000002078d478b80 ConcurrentGCThread "G1 Main Marker" [stack: 0x0000006493900000,0x0000006493a00000] [id=4940]
  0x000002078d479c40 ConcurrentGCThread "G1 Conc#0" [stack: 0x0000006493a00000,0x0000006493b00000] [id=10588]
  0x00000207a1b0d4f0 ConcurrentGCThread "G1 Conc#1" [stack: 0x0000006495600000,0x0000006495700000] [id=16832]
  0x00000207a1cab7a0 ConcurrentGCThread "G1 Conc#2" [stack: 0x0000006495700000,0x0000006495800000] [id=1956]
  0x000002078d4ce8b0 ConcurrentGCThread "G1 Refine#0" [stack: 0x0000006493b00000,0x0000006493c00000] [id=10048]
  0x00000207a22c6bf0 ConcurrentGCThread "G1 Refine#1" [stack: 0x0000006496e00000,0x0000006496f00000] [id=11240]
  0x00000207a2547cb0 ConcurrentGCThread "G1 Refine#2" [stack: 0x0000006496f00000,0x0000006497000000] [id=14592]
  0x00000207a2547f90 ConcurrentGCThread "G1 Refine#3" [stack: 0x0000006497000000,0x0000006497100000] [id=17120]
  0x000002079f69b780 ConcurrentGCThread "G1 Service" [stack: 0x0000006493c00000,0x0000006493d00000] [id=7484]

Threads with active compile tasks:

VM state: at safepoint (normal execution)

VM Mutex/Monitor currently owned by a thread:  ([mutex/lock_event])
[0x000002078b23a8e0] Threads_lock - owner thread: 0x00000207a04339a0
[0x000002078d3f6fa0] Heap_lock - owner thread: 0x00000207a065dcb0

Heap address: 0x0000000701e00000, size: 4066 MB, Compressed Oops mode: Zero based, Oop shift amount: 3

CDS archive(s) not mapped
Compressed class space mapped at: 0x0000000800000000-0x0000000840000000, reserved size: 1073741824
Narrow klass base: 0x0000000800000000, Narrow klass shift: 0, Narrow klass range: 0x40000000

GC Precious Log:
 CPUs: 12 total, 12 available
 Memory: 16257M
 Large Page Support: Disabled
 NUMA Support: Disabled
 Compressed Oops: Enabled (Zero based)
 Heap Region Size: 2M
 Heap Min Capacity: 8M
 Heap Initial Capacity: 256M
 Heap Max Capacity: 4066M
 Pre-touch: Disabled
 Parallel Workers: 10
 Concurrent Workers: 3
 Concurrent Refinement Workers: 10
 Periodic GC: Disabled

Heap:
 garbage-first heap   total 358400K, used 103631K [0x0000000701e00000, 0x0000000800000000)
  region size 2048K, 8 young (16384K), 8 survivors (16384K)
 Metaspace       used 36208K, committed 36544K, reserved 1081344K
  class space    used 4719K, committed 4864K, reserved 1048576K

Heap Regions: E=young(eden), S=young(survivor), O=old, HS=humongous(starts), HC=humongous(continues), CS=collection set, F=free, OA=open archive, CA=closed archive, TAMS=top-at-mark-start (previous, next)
|   0|0x0000000701e00000, 0x0000000702000000, 0x0000000702000000|100%| O|  |TAMS 0x0000000702000000, 0x0000000701e00000| Untracked 
|   1|0x0000000702000000, 0x0000000702200000, 0x0000000702200000|100%| O|  |TAMS 0x0000000702200000, 0x0000000702000000| Untracked 
|   2|0x0000000702200000, 0x0000000702400000, 0x0000000702400000|100%| O|  |TAMS 0x0000000702400000, 0x0000000702200000| Untracked 
|   3|0x0000000702400000, 0x0000000702600000, 0x0000000702600000|100%| O|  |TAMS 0x0000000702600000, 0x0000000702400000| Untracked 
|   4|0x0000000702600000, 0x0000000702800000, 0x0000000702800000|100%| O|  |TAMS 0x0000000702800000, 0x0000000702600000| Untracked 
|   5|0x0000000702800000, 0x0000000702a00000, 0x0000000702a00000|100%| O|  |TAMS 0x0000000702a00000, 0x0000000702800000| Untracked 
|   6|0x0000000702a00000, 0x0000000702c00000, 0x0000000702c00000|100%| O|  |TAMS 0x0000000702c00000, 0x0000000702a00000| Untracked 
|   7|0x0000000702c00000, 0x0000000702e00000, 0x0000000702e00000|100%| O|  |TAMS 0x0000000702e00000, 0x0000000702c00000| Untracked 
|   8|0x0000000702e00000, 0x0000000703000000, 0x0000000703000000|100%| O|  |TAMS 0x0000000703000000, 0x0000000702e00000| Untracked 
|   9|0x0000000703000000, 0x0000000703200000, 0x0000000703200000|100%| O|  |TAMS 0x0000000703200000, 0x0000000703000000| Untracked 
|  10|0x0000000703200000, 0x0000000703400000, 0x0000000703400000|100%| O|  |TAMS 0x0000000703400000, 0x0000000703200000| Untracked 
|  11|0x0000000703400000, 0x0000000703600000, 0x0000000703600000|100%| O|  |TAMS 0x0000000703600000, 0x0000000703400000| Untracked 
|  12|0x0000000703600000, 0x0000000703800000, 0x0000000703800000|100%| O|  |TAMS 0x0000000703800000, 0x0000000703600000| Untracked 
|  13|0x0000000703800000, 0x0000000703a00000, 0x0000000703a00000|100%| O|  |TAMS 0x0000000703a00000, 0x0000000703800000| Untracked 
|  14|0x0000000703a00000, 0x0000000703c00000, 0x0000000703c00000|100%| O|  |TAMS 0x0000000703c00000, 0x0000000703a00000| Untracked 
|  15|0x0000000703c00000, 0x0000000703e00000, 0x0000000703e00000|100%| O|  |TAMS 0x0000000703e00000, 0x0000000703c00000| Untracked 
|  16|0x0000000703e00000, 0x0000000704000000, 0x0000000704000000|100%| O|  |TAMS 0x0000000704000000, 0x0000000703e00000| Untracked 
|  17|0x0000000704000000, 0x0000000704200000, 0x0000000704200000|100%| O|  |TAMS 0x0000000704200000, 0x0000000704000000| Untracked 
|  18|0x0000000704200000, 0x0000000704400000, 0x0000000704400000|100%| O|  |TAMS 0x0000000704400000, 0x0000000704200000| Untracked 
|  19|0x0000000704400000, 0x0000000704600000, 0x0000000704600000|100%| O|  |TAMS 0x0000000704600000, 0x0000000704400000| Untracked 
|  20|0x0000000704600000, 0x0000000704800000, 0x0000000704800000|100%| O|  |TAMS 0x0000000704800000, 0x0000000704600000| Untracked 
|  21|0x0000000704800000, 0x0000000704a00000, 0x0000000704a00000|100%| O|  |TAMS 0x0000000704a00000, 0x0000000704800000| Untracked 
|  22|0x0000000704a00000, 0x0000000704c00000, 0x0000000704c00000|100%| O|  |TAMS 0x0000000704c00000, 0x0000000704a00000| Untracked 
|  23|0x0000000704c00000, 0x0000000704e00000, 0x0000000704e00000|100%| O|  |TAMS 0x0000000704e00000, 0x0000000704c00000| Untracked 
|  24|0x0000000704e00000, 0x0000000705000000, 0x0000000705000000|100%| O|  |TAMS 0x0000000705000000, 0x0000000704e00000| Untracked 
|  25|0x0000000705000000, 0x0000000705200000, 0x0000000705200000|100%| O|  |TAMS 0x0000000705200000, 0x0000000705000000| Untracked 
|  26|0x0000000705200000, 0x0000000705400000, 0x0000000705400000|100%| O|  |TAMS 0x0000000705400000, 0x0000000705200000| Untracked 
|  27|0x0000000705400000, 0x0000000705600000, 0x0000000705600000|100%| O|  |TAMS 0x0000000705600000, 0x0000000705400000| Untracked 
|  28|0x0000000705600000, 0x0000000705800000, 0x0000000705800000|100%| O|  |TAMS 0x0000000705800000, 0x0000000705600000| Untracked 
|  29|0x0000000705800000, 0x0000000705a00000, 0x0000000705a00000|100%| O|  |TAMS 0x0000000705a00000, 0x0000000705800000| Untracked 
|  30|0x0000000705a00000, 0x0000000705c00000, 0x0000000705c00000|100%| O|  |TAMS 0x0000000705bd8800, 0x0000000705a00000| Untracked 
|  31|0x0000000705c00000, 0x0000000705e00000, 0x0000000705e00000|100%| O|  |TAMS 0x0000000705c00000, 0x0000000705c00000| Untracked 
|  32|0x0000000705e00000, 0x0000000706000000, 0x0000000706000000|100%| O|  |TAMS 0x0000000705e00000, 0x0000000705e00000| Untracked 
|  33|0x0000000706000000, 0x0000000706200000, 0x0000000706200000|100%| O|  |TAMS 0x0000000706000000, 0x0000000706000000| Untracked 
|  34|0x0000000706200000, 0x0000000706400000, 0x0000000706400000|100%| O|  |TAMS 0x0000000706200000, 0x0000000706200000| Untracked 
|  35|0x0000000706400000, 0x0000000706600000, 0x0000000706600000|100%| O|  |TAMS 0x0000000706400000, 0x0000000706400000| Untracked 
|  36|0x0000000706600000, 0x0000000706800000, 0x0000000706800000|100%| O|  |TAMS 0x0000000706600000, 0x0000000706600000| Untracked 
|  37|0x0000000706800000, 0x0000000706a00000, 0x0000000706a00000|100%| O|  |TAMS 0x0000000706800000, 0x0000000706800000| Untracked 
|  38|0x0000000706a00000, 0x0000000706c00000, 0x0000000706c00000|100%| O|  |TAMS 0x0000000706a00000, 0x0000000706a00000| Untracked 
|  39|0x0000000706c00000, 0x0000000706e00000, 0x0000000706e00000|100%| O|  |TAMS 0x0000000706c00000, 0x0000000706c00000| Untracked 
|  40|0x0000000706e00000, 0x0000000707000000, 0x0000000707000000|100%| O|  |TAMS 0x0000000706e00000, 0x0000000706e00000| Untracked 
|  41|0x0000000707000000, 0x0000000707200000, 0x0000000707200000|100%| O|  |TAMS 0x0000000707000000, 0x0000000707000000| Untracked 
|  42|0x0000000707200000, 0x0000000707346800, 0x0000000707400000| 63%| O|  |TAMS 0x0000000707200000, 0x0000000707200000| Untracked 
|  43|0x0000000707400000, 0x0000000707400000, 0x0000000707600000|  0%| F|  |TAMS 0x0000000707400000, 0x0000000707400000| Untracked 
|  44|0x0000000707600000, 0x0000000707600000, 0x0000000707800000|  0%| F|  |TAMS 0x0000000707600000, 0x0000000707600000| Untracked 
|  45|0x0000000707800000, 0x0000000707800000, 0x0000000707a00000|  0%| F|  |TAMS 0x0000000707800000, 0x0000000707800000| Untracked 
|  46|0x0000000707a00000, 0x0000000707a00000, 0x0000000707c00000|  0%| F|  |TAMS 0x0000000707a00000, 0x0000000707a00000| Untracked 
|  47|0x0000000707c00000, 0x0000000707c00000, 0x0000000707e00000|  0%| F|  |TAMS 0x0000000707c00000, 0x0000000707c00000| Untracked 
|  48|0x0000000707e00000, 0x0000000707e00000, 0x0000000708000000|  0%| F|  |TAMS 0x0000000707e00000, 0x0000000707e00000| Untracked 
|  49|0x0000000708000000, 0x0000000708000000, 0x0000000708200000|  0%| F|  |TAMS 0x0000000708000000, 0x0000000708000000| Untracked 
|  50|0x0000000708200000, 0x0000000708200000, 0x0000000708400000|  0%| F|  |TAMS 0x0000000708200000, 0x0000000708200000| Untracked 
|  51|0x0000000708400000, 0x0000000708400000, 0x0000000708600000|  0%| F|  |TAMS 0x0000000708400000, 0x0000000708400000| Untracked 
|  52|0x0000000708600000, 0x0000000708600000, 0x0000000708800000|  0%| F|  |TAMS 0x0000000708600000, 0x0000000708600000| Untracked 
|  53|0x0000000708800000, 0x0000000708800000, 0x0000000708a00000|  0%| F|  |TAMS 0x0000000708800000, 0x0000000708800000| Untracked 
|  54|0x0000000708a00000, 0x0000000708a00000, 0x0000000708c00000|  0%| F|  |TAMS 0x0000000708a00000, 0x0000000708a00000| Untracked 
|  55|0x0000000708c00000, 0x0000000708c00000, 0x0000000708e00000|  0%| F|  |TAMS 0x0000000708c00000, 0x0000000708c00000| Untracked 
|  56|0x0000000708e00000, 0x0000000708e00000, 0x0000000709000000|  0%| F|  |TAMS 0x0000000708e00000, 0x0000000708e00000| Untracked 
|  57|0x0000000709000000, 0x0000000709000000, 0x0000000709200000|  0%| F|  |TAMS 0x0000000709000000, 0x0000000709000000| Untracked 
|  58|0x0000000709200000, 0x0000000709200000, 0x0000000709400000|  0%| F|  |TAMS 0x0000000709200000, 0x0000000709200000| Untracked 
|  59|0x0000000709400000, 0x0000000709400000, 0x0000000709600000|  0%| F|  |TAMS 0x0000000709400000, 0x0000000709400000| Untracked 
|  60|0x0000000709600000, 0x0000000709600000, 0x0000000709800000|  0%| F|  |TAMS 0x0000000709600000, 0x0000000709600000| Untracked 
|  61|0x0000000709800000, 0x0000000709800000, 0x0000000709a00000|  0%| F|  |TAMS 0x0000000709800000, 0x0000000709800000| Untracked 
|  62|0x0000000709a00000, 0x0000000709bed480, 0x0000000709c00000| 96%| S|CS|TAMS 0x0000000709a00000, 0x0000000709a00000| Complete 
|  63|0x0000000709c00000, 0x0000000709e00000, 0x0000000709e00000|100%| S|CS|TAMS 0x0000000709c00000, 0x0000000709c00000| Complete 
|  64|0x0000000709e00000, 0x000000070a000000, 0x000000070a000000|100%| S|CS|TAMS 0x0000000709e00000, 0x0000000709e00000| Complete 
|  65|0x000000070a000000, 0x000000070a200000, 0x000000070a200000|100%| S|CS|TAMS 0x000000070a000000, 0x000000070a000000| Complete 
|  66|0x000000070a200000, 0x000000070a400000, 0x000000070a400000|100%| S|CS|TAMS 0x000000070a200000, 0x000000070a200000| Complete 
|  67|0x000000070a400000, 0x000000070a600000, 0x000000070a600000|100%| S|CS|TAMS 0x000000070a400000, 0x000000070a400000| Complete 
|  68|0x000000070a600000, 0x000000070a800000, 0x000000070a800000|100%| S|CS|TAMS 0x000000070a600000, 0x000000070a600000| Complete 
|  69|0x000000070a800000, 0x000000070aa00000, 0x000000070aa00000|100%| S|CS|TAMS 0x000000070a800000, 0x000000070a800000| Complete 
|  70|0x000000070aa00000, 0x000000070aa00000, 0x000000070ac00000|  0%| F|  |TAMS 0x000000070aa00000, 0x000000070aa00000| Untracked 
|  71|0x000000070ac00000, 0x000000070ac00000, 0x000000070ae00000|  0%| F|  |TAMS 0x000000070ac00000, 0x000000070ac00000| Untracked 
|  72|0x000000070ae00000, 0x000000070ae00000, 0x000000070b000000|  0%| F|  |TAMS 0x000000070ae00000, 0x000000070ae00000| Untracked 
|  73|0x000000070b000000, 0x000000070b000000, 0x000000070b200000|  0%| F|  |TAMS 0x000000070b000000, 0x000000070b000000| Untracked 
|  74|0x000000070b200000, 0x000000070b200000, 0x000000070b400000|  0%| F|  |TAMS 0x000000070b200000, 0x000000070b200000| Untracked 
|  75|0x000000070b400000, 0x000000070b400000, 0x000000070b600000|  0%| F|  |TAMS 0x000000070b400000, 0x000000070b400000| Untracked 
|  76|0x000000070b600000, 0x000000070b600000, 0x000000070b800000|  0%| F|  |TAMS 0x000000070b600000, 0x000000070b600000| Untracked 
|  77|0x000000070b800000, 0x000000070b800000, 0x000000070ba00000|  0%| F|  |TAMS 0x000000070b800000, 0x000000070b800000| Untracked 
|  78|0x000000070ba00000, 0x000000070ba00000, 0x000000070bc00000|  0%| F|  |TAMS 0x000000070ba00000, 0x000000070ba00000| Untracked 
|  79|0x000000070bc00000, 0x000000070bc00000, 0x000000070be00000|  0%| F|  |TAMS 0x000000070bc00000, 0x000000070bc00000| Untracked 
|  80|0x000000070be00000, 0x000000070be00000, 0x000000070c000000|  0%| F|  |TAMS 0x000000070be00000, 0x000000070be00000| Untracked 
|  81|0x000000070c000000, 0x000000070c000000, 0x000000070c200000|  0%| F|  |TAMS 0x000000070c000000, 0x000000070c000000| Untracked 
|  82|0x000000070c200000, 0x000000070c200000, 0x000000070c400000|  0%| F|  |TAMS 0x000000070c200000, 0x000000070c200000| Untracked 
|  83|0x000000070c400000, 0x000000070c400000, 0x000000070c600000|  0%| F|  |TAMS 0x000000070c400000, 0x000000070c400000| Untracked 
|  84|0x000000070c600000, 0x000000070c600000, 0x000000070c800000|  0%| F|  |TAMS 0x000000070c600000, 0x000000070c600000| Untracked 
|  85|0x000000070c800000, 0x000000070c800000, 0x000000070ca00000|  0%| F|  |TAMS 0x000000070c800000, 0x000000070c800000| Untracked 
|  86|0x000000070ca00000, 0x000000070ca00000, 0x000000070cc00000|  0%| F|  |TAMS 0x000000070ca00000, 0x000000070ca00000| Untracked 
|  87|0x000000070cc00000, 0x000000070cc00000, 0x000000070ce00000|  0%| F|  |TAMS 0x000000070cc00000, 0x000000070cc00000| Untracked 
|  88|0x000000070ce00000, 0x000000070ce00000, 0x000000070d000000|  0%| F|  |TAMS 0x000000070ce00000, 0x000000070ce00000| Untracked 
|  89|0x000000070d000000, 0x000000070d000000, 0x000000070d200000|  0%| F|  |TAMS 0x000000070d000000, 0x000000070d000000| Untracked 
|  90|0x000000070d200000, 0x000000070d200000, 0x000000070d400000|  0%| F|  |TAMS 0x000000070d200000, 0x000000070d200000| Untracked 
|  91|0x000000070d400000, 0x000000070d400000, 0x000000070d600000|  0%| F|  |TAMS 0x000000070d400000, 0x000000070d400000| Untracked 
|  92|0x000000070d600000, 0x000000070d600000, 0x000000070d800000|  0%| F|  |TAMS 0x000000070d600000, 0x000000070d600000| Untracked 
|  93|0x000000070d800000, 0x000000070d800000, 0x000000070da00000|  0%| F|  |TAMS 0x000000070d800000, 0x000000070d800000| Untracked 
|  94|0x000000070da00000, 0x000000070da00000, 0x000000070dc00000|  0%| F|  |TAMS 0x000000070da00000, 0x000000070da00000| Untracked 
|  95|0x000000070dc00000, 0x000000070dc00000, 0x000000070de00000|  0%| F|  |TAMS 0x000000070dc00000, 0x000000070dc00000| Untracked 
|  96|0x000000070de00000, 0x000000070de00000, 0x000000070e000000|  0%| F|  |TAMS 0x000000070de00000, 0x000000070de00000| Untracked 
|  97|0x000000070e000000, 0x000000070e000000, 0x000000070e200000|  0%| F|  |TAMS 0x000000070e000000, 0x000000070e000000| Untracked 
|  98|0x000000070e200000, 0x000000070e200000, 0x000000070e400000|  0%| F|  |TAMS 0x000000070e200000, 0x000000070e200000| Untracked 
|  99|0x000000070e400000, 0x000000070e400000, 0x000000070e600000|  0%| F|  |TAMS 0x000000070e400000, 0x000000070e400000| Untracked 
| 100|0x000000070e600000, 0x000000070e600000, 0x000000070e800000|  0%| F|  |TAMS 0x000000070e600000, 0x000000070e600000| Untracked 
| 101|0x000000070e800000, 0x000000070e800000, 0x000000070ea00000|  0%| F|  |TAMS 0x000000070e800000, 0x000000070e800000| Untracked 
| 102|0x000000070ea00000, 0x000000070ea00000, 0x000000070ec00000|  0%| F|  |TAMS 0x000000070ea00000, 0x000000070ea00000| Untracked 
| 103|0x000000070ec00000, 0x000000070ec00000, 0x000000070ee00000|  0%| F|  |TAMS 0x000000070ec00000, 0x000000070ec00000| Untracked 
| 104|0x000000070ee00000, 0x000000070ee00000, 0x000000070f000000|  0%| F|  |TAMS 0x000000070ee00000, 0x000000070ee00000| Untracked 
| 105|0x000000070f000000, 0x000000070f000000, 0x000000070f200000|  0%| F|  |TAMS 0x000000070f000000, 0x000000070f000000| Untracked 
| 106|0x000000070f200000, 0x000000070f200000, 0x000000070f400000|  0%| F|  |TAMS 0x000000070f200000, 0x000000070f200000| Untracked 
| 107|0x000000070f400000, 0x000000070f400000, 0x000000070f600000|  0%| F|  |TAMS 0x000000070f400000, 0x000000070f400000| Untracked 
| 108|0x000000070f600000, 0x000000070f600000, 0x000000070f800000|  0%| F|  |TAMS 0x000000070f600000, 0x000000070f600000| Untracked 
| 109|0x000000070f800000, 0x000000070f800000, 0x000000070fa00000|  0%| F|  |TAMS 0x000000070f800000, 0x000000070f800000| Untracked 
| 110|0x000000070fa00000, 0x000000070fa00000, 0x000000070fc00000|  0%| F|  |TAMS 0x000000070fa00000, 0x000000070fa00000| Untracked 
| 111|0x000000070fc00000, 0x000000070fc00000, 0x000000070fe00000|  0%| F|  |TAMS 0x000000070fc00000, 0x000000070fc00000| Untracked 
| 112|0x000000070fe00000, 0x000000070fe00000, 0x0000000710000000|  0%| F|  |TAMS 0x000000070fe00000, 0x000000070fe00000| Untracked 
| 113|0x0000000710000000, 0x0000000710000000, 0x0000000710200000|  0%| F|  |TAMS 0x0000000710000000, 0x0000000710000000| Untracked 
| 114|0x0000000710200000, 0x0000000710200000, 0x0000000710400000|  0%| F|  |TAMS 0x0000000710200000, 0x0000000710200000| Untracked 
| 115|0x0000000710400000, 0x0000000710400000, 0x0000000710600000|  0%| F|  |TAMS 0x0000000710400000, 0x0000000710400000| Untracked 
| 116|0x0000000710600000, 0x0000000710600000, 0x0000000710800000|  0%| F|  |TAMS 0x0000000710600000, 0x0000000710600000| Untracked 
| 117|0x0000000710800000, 0x0000000710800000, 0x0000000710a00000|  0%| F|  |TAMS 0x0000000710800000, 0x0000000710800000| Untracked 
| 118|0x0000000710a00000, 0x0000000710a00000, 0x0000000710c00000|  0%| F|  |TAMS 0x0000000710a00000, 0x0000000710a00000| Untracked 
| 119|0x0000000710c00000, 0x0000000710c00000, 0x0000000710e00000|  0%| F|  |TAMS 0x0000000710c00000, 0x0000000710c00000| Untracked 
| 120|0x0000000710e00000, 0x0000000710e00000, 0x0000000711000000|  0%| F|  |TAMS 0x0000000710e00000, 0x0000000710e00000| Untracked 
| 121|0x0000000711000000, 0x0000000711000000, 0x0000000711200000|  0%| F|  |TAMS 0x0000000711000000, 0x0000000711000000| Untracked 
| 122|0x0000000711200000, 0x0000000711200000, 0x0000000711400000|  0%| F|  |TAMS 0x0000000711200000, 0x0000000711200000| Untracked 
| 123|0x0000000711400000, 0x0000000711400000, 0x0000000711600000|  0%| F|  |TAMS 0x0000000711400000, 0x0000000711400000| Untracked 
| 124|0x0000000711600000, 0x0000000711600000, 0x0000000711800000|  0%| F|  |TAMS 0x0000000711600000, 0x0000000711600000| Untracked 
| 125|0x0000000711800000, 0x0000000711800000, 0x0000000711a00000|  0%| F|  |TAMS 0x0000000711800000, 0x0000000711800000| Untracked 
| 126|0x0000000711a00000, 0x0000000711a00000, 0x0000000711c00000|  0%| F|  |TAMS 0x0000000711a00000, 0x0000000711a00000| Untracked 
| 127|0x0000000711c00000, 0x0000000711c00000, 0x0000000711e00000|  0%| F|  |TAMS 0x0000000711c00000, 0x0000000711c00000| Untracked 
| 128|0x0000000711e00000, 0x0000000711e00000, 0x0000000712000000|  0%| F|  |TAMS 0x0000000711e00000, 0x0000000711e00000| Untracked 
| 129|0x0000000712000000, 0x0000000712000000, 0x0000000712200000|  0%| F|  |TAMS 0x0000000712000000, 0x0000000712000000| Untracked 
| 130|0x0000000712200000, 0x0000000712200000, 0x0000000712400000|  0%| F|  |TAMS 0x0000000712200000, 0x0000000712200000| Untracked 
| 131|0x0000000712400000, 0x0000000712400000, 0x0000000712600000|  0%| F|  |TAMS 0x0000000712400000, 0x0000000712400000| Untracked 
| 132|0x0000000712600000, 0x0000000712600000, 0x0000000712800000|  0%| F|  |TAMS 0x0000000712600000, 0x0000000712600000| Untracked 
| 133|0x0000000712800000, 0x0000000712800000, 0x0000000712a00000|  0%| F|  |TAMS 0x0000000712800000, 0x0000000712800000| Untracked 
| 134|0x0000000712a00000, 0x0000000712a00000, 0x0000000712c00000|  0%| F|  |TAMS 0x0000000712a00000, 0x0000000712a00000| Untracked 
| 135|0x0000000712c00000, 0x0000000712c00000, 0x0000000712e00000|  0%| F|  |TAMS 0x0000000712c00000, 0x0000000712c00000| Untracked 
| 136|0x0000000712e00000, 0x0000000712e00000, 0x0000000713000000|  0%| F|  |TAMS 0x0000000712e00000, 0x0000000712e00000| Untracked 
| 137|0x0000000713000000, 0x0000000713000000, 0x0000000713200000|  0%| F|  |TAMS 0x0000000713000000, 0x0000000713000000| Untracked 
| 138|0x0000000713200000, 0x0000000713200000, 0x0000000713400000|  0%| F|  |TAMS 0x0000000713200000, 0x0000000713200000| Untracked 
| 139|0x0000000713400000, 0x0000000713400000, 0x0000000713600000|  0%| F|  |TAMS 0x0000000713400000, 0x0000000713400000| Untracked 
| 140|0x0000000713600000, 0x0000000713600000, 0x0000000713800000|  0%| F|  |TAMS 0x0000000713600000, 0x0000000713600000| Untracked 
| 141|0x0000000713800000, 0x0000000713800000, 0x0000000713a00000|  0%| F|  |TAMS 0x0000000713800000, 0x0000000713800000| Untracked 
| 142|0x0000000713a00000, 0x0000000713a00000, 0x0000000713c00000|  0%| F|  |TAMS 0x0000000713a00000, 0x0000000713a00000| Untracked 
| 143|0x0000000713c00000, 0x0000000713c00000, 0x0000000713e00000|  0%| F|  |TAMS 0x0000000713c00000, 0x0000000713c00000| Untracked 
| 144|0x0000000713e00000, 0x0000000713e00000, 0x0000000714000000|  0%| F|  |TAMS 0x0000000713e00000, 0x0000000713e00000| Untracked 
| 145|0x0000000714000000, 0x0000000714000000, 0x0000000714200000|  0%| F|  |TAMS 0x0000000714000000, 0x0000000714000000| Untracked 
| 146|0x0000000714200000, 0x0000000714200000, 0x0000000714400000|  0%| F|  |TAMS 0x0000000714200000, 0x0000000714200000| Untracked 
| 147|0x0000000714400000, 0x0000000714400000, 0x0000000714600000|  0%| F|  |TAMS 0x0000000714400000, 0x0000000714400000| Untracked 
| 148|0x0000000714600000, 0x0000000714600000, 0x0000000714800000|  0%| F|  |TAMS 0x0000000714600000, 0x0000000714600000| Untracked 
| 149|0x0000000714800000, 0x0000000714800000, 0x0000000714a00000|  0%| F|  |TAMS 0x0000000714800000, 0x0000000714800000| Untracked 
| 150|0x0000000714a00000, 0x0000000714a00000, 0x0000000714c00000|  0%| F|  |TAMS 0x0000000714a00000, 0x0000000714a00000| Untracked 
| 151|0x0000000714c00000, 0x0000000714c00000, 0x0000000714e00000|  0%| F|  |TAMS 0x0000000714c00000, 0x0000000714c00000| Untracked 
| 152|0x0000000714e00000, 0x0000000714e00000, 0x0000000715000000|  0%| F|  |TAMS 0x0000000714e00000, 0x0000000714e00000| Untracked 
| 153|0x0000000715000000, 0x0000000715000000, 0x0000000715200000|  0%| F|  |TAMS 0x0000000715000000, 0x0000000715000000| Untracked 
| 154|0x0000000715200000, 0x0000000715200000, 0x0000000715400000|  0%| F|  |TAMS 0x0000000715200000, 0x0000000715200000| Untracked 
| 155|0x0000000715400000, 0x0000000715400000, 0x0000000715600000|  0%| F|  |TAMS 0x0000000715400000, 0x0000000715400000| Untracked 
| 156|0x0000000715600000, 0x0000000715600000, 0x0000000715800000|  0%| F|  |TAMS 0x0000000715600000, 0x0000000715600000| Untracked 
| 157|0x0000000715800000, 0x0000000715800000, 0x0000000715a00000|  0%| F|  |TAMS 0x0000000715800000, 0x0000000715800000| Untracked 
| 158|0x0000000715a00000, 0x0000000715a00000, 0x0000000715c00000|  0%| F|  |TAMS 0x0000000715a00000, 0x0000000715a00000| Untracked 
| 159|0x0000000715c00000, 0x0000000715c00000, 0x0000000715e00000|  0%| F|  |TAMS 0x0000000715c00000, 0x0000000715c00000| Untracked 
| 160|0x0000000715e00000, 0x0000000715e00000, 0x0000000716000000|  0%| F|  |TAMS 0x0000000715e00000, 0x0000000715e00000| Untracked 
| 161|0x0000000716000000, 0x0000000716000000, 0x0000000716200000|  0%| F|  |TAMS 0x0000000716000000, 0x0000000716000000| Untracked 
| 162|0x0000000716200000, 0x0000000716200000, 0x0000000716400000|  0%| F|  |TAMS 0x0000000716200000, 0x0000000716200000| Untracked 
| 163|0x0000000716400000, 0x0000000716400000, 0x0000000716600000|  0%| F|  |TAMS 0x0000000716400000, 0x0000000716400000| Untracked 
| 164|0x0000000716600000, 0x0000000716600000, 0x0000000716800000|  0%| F|  |TAMS 0x0000000716600000, 0x0000000716600000| Untracked 
| 165|0x0000000716800000, 0x0000000716800000, 0x0000000716a00000|  0%| F|  |TAMS 0x0000000716800000, 0x0000000716800000| Untracked 
| 166|0x0000000716a00000, 0x0000000716a00000, 0x0000000716c00000|  0%| F|  |TAMS 0x0000000716a00000, 0x0000000716a00000| Untracked 
| 167|0x0000000716c00000, 0x0000000716c00000, 0x0000000716e00000|  0%| F|  |TAMS 0x0000000716c00000, 0x0000000716c00000| Untracked 
| 168|0x0000000716e00000, 0x0000000716e00000, 0x0000000717000000|  0%| F|  |TAMS 0x0000000716e00000, 0x0000000716e00000| Untracked 
| 169|0x0000000717000000, 0x0000000717000000, 0x0000000717200000|  0%| F|  |TAMS 0x0000000717000000, 0x0000000717000000| Untracked 
| 170|0x0000000717200000, 0x0000000717200000, 0x0000000717400000|  0%| F|  |TAMS 0x0000000717200000, 0x0000000717200000| Untracked 
| 171|0x0000000717400000, 0x0000000717400000, 0x0000000717600000|  0%| F|  |TAMS 0x0000000717400000, 0x0000000717400000| Untracked 
| 172|0x0000000717600000, 0x0000000717600000, 0x0000000717800000|  0%| F|  |TAMS 0x0000000717600000, 0x0000000717600000| Untracked 
| 173|0x0000000717800000, 0x0000000717800000, 0x0000000717a00000|  0%| F|  |TAMS 0x0000000717800000, 0x0000000717800000| Untracked 
| 174|0x0000000717a00000, 0x0000000717a00000, 0x0000000717c00000|  0%| F|  |TAMS 0x0000000717a00000, 0x0000000717a00000| Untracked 

Card table byte_map: [0x0000020793bc0000,0x00000207943c0000] _byte_map_base: 0x00000207903b1000

Marking Bits (Prev, Next): (CMBitMap*) 0x000002078d468440, (CMBitMap*) 0x000002078d468480
 Prev Bits: [0x0000020794bc0000, 0x0000020798b48000)
 Next Bits: [0x0000020798b50000, 0x000002079cad8000)

Polling page: 0x000002078b1e0000

Metaspace:

Usage:
  Non-class:     30.75 MB used.
      Class:      4.61 MB used.
       Both:     35.36 MB used.

Virtual space:
  Non-class space:       32.00 MB reserved,      30.94 MB ( 97%) committed,  4 nodes.
      Class space:        1.00 GB reserved,       4.75 MB ( <1%) committed,  1 nodes.
             Both:        1.03 GB reserved,      35.69 MB (  3%) committed. 

Chunk freelists:
   Non-Class:  688.00 KB
       Class:  3.08 MB
        Both:  3.75 MB

MaxMetaspaceSize: unlimited
CompressedClassSpaceSize: 1.00 GB
Initial GC threshold: 21.00 MB
Current GC threshold: 59.19 MB
CDS: off
MetaspaceReclaimPolicy: balanced
 - commit_granule_bytes: 65536.
 - commit_granule_words: 8192.
 - virtual_space_node_default_size: 1048576.
 - enlarge_chunks_in_place: 1.
 - new_chunks_are_fully_committed: 0.
 - uncommit_free_chunks: 1.
 - use_allocation_guard: 0.
 - handle_deallocations: 1.


Internal statistics:

num_allocs_failed_limit: 6.
num_arena_births: 344.
num_arena_deaths: 0.
num_vsnodes_births: 5.
num_vsnodes_deaths: 0.
num_space_committed: 571.
num_space_uncommitted: 0.
num_chunks_returned_to_freelist: 6.
num_chunks_taken_from_freelist: 1388.
num_chunk_merges: 6.
num_chunk_splits: 943.
num_chunks_enlarged: 733.
num_purges: 0.
num_inconsistent_stats: 0.

CodeCache: size=49152Kb used=9242Kb max_used=9242Kb free=39909Kb
 bounds [0x0000020790090000, 0x00000207909a0000, 0x0000020793090000]
 total_blobs=4277 nmethods=3751 adapters=450
 compilation: enabled
              stopped_count=0, restarted_count=0
 full_count=0

Compilation events (20 events):
Event: 6.735 Thread 0x00000207a046a490 nmethod 3742 0x0000020790991890 code [0x0000020790991a40, 0x0000020790991c08]
Event: 6.737 Thread 0x00000207a06a9c90 nmethod 3741 0x0000020790991d90 code [0x0000020790992040, 0x0000020790992b98]
Event: 6.738 Thread 0x00000207a0f7a220 3743       1       java.lang.invoke.MemberName::equals (24 bytes)
Event: 6.738 Thread 0x00000207a0f7a220 nmethod 3743 0x0000020790993190 code [0x0000020790993320, 0x00000207909934a8]
Event: 6.741 Thread 0x00000207a06a7770 3744   !   1       java.lang.ClassLoader::addClass (27 bytes)
Event: 6.741 Thread 0x00000207a06a7770 nmethod 3744 0x0000020790993590 code [0x0000020790993740, 0x0000020790993908]
Event: 6.744 Thread 0x00000207a06a7770 3745       1       com.google.gson.stream.JsonWriter::name (53 bytes)
Event: 6.755 Thread 0x00000207a06a7770 nmethod 3745 0x0000020790993a10 code [0x0000020790993be0, 0x0000020790993f08]
Event: 6.764 Thread 0x00000207a06a7770 3746       1       java.util.jar.JarVerifier::mapSignersToCertArray (68 bytes)
Event: 6.764 Thread 0x00000207a0f7a220 3747       1       java.util.jar.JarVerifier$VerifierStream::close (30 bytes)
Event: 6.764 Thread 0x00000207a0f7a220 nmethod 3747 0x0000020790994010 code [0x00000207909941a0, 0x0000020790994328]
Event: 6.765 Thread 0x00000207a06a7770 nmethod 3746 0x0000020790994390 code [0x0000020790994560, 0x00000207909948b8]
Event: 6.765 Thread 0x00000207a06a7770 3748       1       java.lang.Class::getDeclaredConstructor (31 bytes)
Event: 6.765 Thread 0x00000207a06a7770 nmethod 3748 0x0000020790994a90 code [0x0000020790994c80, 0x0000020790994fd8]
Event: 6.766 Thread 0x00000207a06a7770 3749       1       com.google.gson.internal.$Gson$Types$ParameterizedTypeImpl::getOwnerType (5 bytes)
Event: 6.766 Thread 0x00000207a06a7770 nmethod 3749 0x0000020790995210 code [0x00000207909953a0, 0x0000020790995478]
Event: 6.767 Thread 0x00000207a06a7770 3750       1       jdk.internal.reflect.UnsafeObjectFieldAccessorImpl::set (56 bytes)
Event: 6.768 Thread 0x00000207a06a7770 nmethod 3750 0x0000020790995510 code [0x0000020790995740, 0x0000020790995d68]
Event: 6.776 Thread 0x00000207a0f7a220 3751  s    1       java.lang.StringBuffer::toString (59 bytes)
Event: 6.777 Thread 0x00000207a0f7a220 nmethod 3751 0x0000020790996190 code [0x0000020790996360, 0x0000020790996838]

GC Heap History (20 events):
Event: 5.740 GC heap after
{Heap after GC invocations=8 (full 0):
 garbage-first heap   total 155648K, used 15776K [0x0000000701e00000, 0x0000000800000000)
  region size 2048K, 1 young (2048K), 1 survivors (2048K)
 Metaspace       used 30660K, committed 30976K, reserved 1081344K
  class space    used 3872K, committed 4032K, reserved 1048576K
}
Event: 6.232 GC heap before
{Heap before GC invocations=8 (full 0):
 garbage-first heap   total 155648K, used 103840K [0x0000000701e00000, 0x0000000800000000)
  region size 2048K, 45 young (92160K), 1 survivors (2048K)
 Metaspace       used 33453K, committed 33728K, reserved 1081344K
  class space    used 4255K, committed 4416K, reserved 1048576K
}
Event: 6.243 GC heap after
{Heap after GC invocations=9 (full 0):
 garbage-first heap   total 155648K, used 30720K [0x0000000701e00000, 0x0000000800000000)
  region size 2048K, 6 young (12288K), 6 survivors (12288K)
 Metaspace       used 33453K, committed 33728K, reserved 1081344K
  class space    used 4255K, committed 4416K, reserved 1048576K
}
Event: 6.409 GC heap before
{Heap before GC invocations=9 (full 0):
 garbage-first heap   total 155648K, used 92160K [0x0000000701e00000, 0x0000000800000000)
  region size 2048K, 37 young (75776K), 6 survivors (12288K)
 Metaspace       used 34656K, committed 35008K, reserved 1081344K
  class space    used 4430K, committed 4608K, reserved 1048576K
}
Event: 6.422 GC heap after
{Heap after GC invocations=10 (full 0):
 garbage-first heap   total 155648K, used 45056K [0x0000000701e00000, 0x0000000800000000)
  region size 2048K, 5 young (10240K), 5 survivors (10240K)
 Metaspace       used 34656K, committed 35008K, reserved 1081344K
  class space    used 4430K, committed 4608K, reserved 1048576K
}
Event: 6.501 GC heap before
{Heap before GC invocations=10 (full 0):
 garbage-first heap   total 155648K, used 98304K [0x0000000701e00000, 0x0000000800000000)
  region size 2048K, 32 young (65536K), 5 survivors (10240K)
 Metaspace       used 35578K, committed 35904K, reserved 1081344K
  class space    used 4584K, committed 4736K, reserved 1048576K
}
Event: 6.525 GC heap after
{Heap after GC invocations=11 (full 0):
 garbage-first heap   total 155648K, used 61421K [0x0000000701e00000, 0x0000000800000000)
  region size 2048K, 4 young (8192K), 4 survivors (8192K)
 Metaspace       used 35578K, committed 35904K, reserved 1081344K
  class space    used 4584K, committed 4736K, reserved 1048576K
}
Event: 6.536 GC heap before
{Heap before GC invocations=11 (full 0):
 garbage-first heap   total 155648K, used 104429K [0x0000000701e00000, 0x0000000800000000)
  region size 2048K, 26 young (53248K), 4 survivors (8192K)
 Metaspace       used 35585K, committed 35904K, reserved 1081344K
  class space    used 4585K, committed 4736K, reserved 1048576K
}
Event: 6.542 GC heap after
{Heap after GC invocations=12 (full 0):
 garbage-first heap   total 155648K, used 65964K [0x0000000701e00000, 0x0000000800000000)
  region size 2048K, 2 young (4096K), 2 survivors (4096K)
 Metaspace       used 35585K, committed 35904K, reserved 1081344K
  class space    used 4585K, committed 4736K, reserved 1048576K
}
Event: 6.550 GC heap before
{Heap before GC invocations=12 (full 0):
 garbage-first heap   total 155648K, used 111020K [0x0000000701e00000, 0x0000000800000000)
  region size 2048K, 25 young (51200K), 2 survivors (4096K)
 Metaspace       used 35619K, committed 35904K, reserved 1081344K
  class space    used 4593K, committed 4736K, reserved 1048576K
}
Event: 6.553 GC heap after
{Heap after GC invocations=13 (full 0):
 garbage-first heap   total 358400K, used 67493K [0x0000000701e00000, 0x0000000800000000)
  region size 2048K, 3 young (6144K), 3 survivors (6144K)
 Metaspace       used 35619K, committed 35904K, reserved 1081344K
  class space    used 4593K, committed 4736K, reserved 1048576K
}
Event: 6.612 GC heap before
{Heap before GC invocations=13 (full 0):
 garbage-first heap   total 358400K, used 266149K [0x0000000701e00000, 0x0000000800000000)
  region size 2048K, 101 young (206848K), 3 survivors (6144K)
 Metaspace       used 35796K, committed 36160K, reserved 1081344K
  class space    used 4622K, committed 4800K, reserved 1048576K
}
Event: 6.618 GC heap after
{Heap after GC invocations=14 (full 0):
 garbage-first heap   total 358400K, used 74905K [0x0000000701e00000, 0x0000000800000000)
  region size 2048K, 6 young (12288K), 6 survivors (12288K)
 Metaspace       used 35796K, committed 36160K, reserved 1081344K
  class space    used 4622K, committed 4800K, reserved 1048576K
}
Event: 6.637 GC heap before
{Heap before GC invocations=14 (full 0):
 garbage-first heap   total 358400K, used 179353K [0x0000000701e00000, 0x0000000800000000)
  region size 2048K, 59 young (120832K), 6 survivors (12288K)
 Metaspace       used 35858K, committed 36160K, reserved 1081344K
  class space    used 4638K, committed 4800K, reserved 1048576K
}
Event: 6.643 GC heap after
{Heap after GC invocations=15 (full 0):
 garbage-first heap   total 358400K, used 79899K [0x0000000701e00000, 0x0000000800000000)
  region size 2048K, 9 young (18432K), 9 survivors (18432K)
 Metaspace       used 35858K, committed 36160K, reserved 1081344K
  class space    used 4638K, committed 4800K, reserved 1048576K
}
Event: 6.685 GC heap before
{Heap before GC invocations=15 (full 0):
 garbage-first heap   total 358400K, used 274459K [0x0000000701e00000, 0x0000000800000000)
  region size 2048K, 105 young (215040K), 9 survivors (18432K)
 Metaspace       used 35989K, committed 36288K, reserved 1081344K
  class space    used 4670K, committed 4800K, reserved 1048576K
}
Event: 6.693 GC heap after
{Heap after GC invocations=16 (full 0):
 garbage-first heap   total 358400K, used 87997K [0x0000000701e00000, 0x0000000800000000)
  region size 2048K, 12 young (24576K), 12 survivors (24576K)
 Metaspace       used 35989K, committed 36288K, reserved 1081344K
  class space    used 4670K, committed 4800K, reserved 1048576K
}
Event: 6.745 GC heap before
{Heap before GC invocations=17 (full 0):
 garbage-first heap   total 358400K, used 276413K [0x0000000701e00000, 0x0000000800000000)
  region size 2048K, 105 young (215040K), 12 survivors (24576K)
 Metaspace       used 36146K, committed 36480K, reserved 1081344K
  class space    used 4703K, committed 4864K, reserved 1048576K
}
Event: 6.755 GC heap after
{Heap after GC invocations=18 (full 0):
 garbage-first heap   total 358400K, used 96931K [0x0000000701e00000, 0x0000000800000000)
  region size 2048K, 11 young (22528K), 11 survivors (22528K)
 Metaspace       used 36146K, committed 36480K, reserved 1081344K
  class space    used 4703K, committed 4864K, reserved 1048576K
}
Event: 6.795 GC heap before
{Heap before GC invocations=18 (full 0):
 garbage-first heap   total 358400K, used 287395K [0x0000000701e00000, 0x0000000800000000)
  region size 2048K, 105 young (215040K), 11 survivors (22528K)
 Metaspace       used 36208K, committed 36544K, reserved 1081344K
  class space    used 4719K, committed 4864K, reserved 1048576K
}

Deoptimization events (20 events):
Event: 6.733 Thread 0x00000207a2244f10 DEOPT PACKING pc=0x000002079097f214 sp=0x00000064968fecc0
Event: 6.733 Thread 0x00000207a2244f10 DEOPT UNPACKING pc=0x00000207900e2b43 sp=0x00000064968fe248 mode 0
Event: 6.733 Thread 0x00000207a2243bd0 DEOPT PACKING pc=0x000002079097f214 sp=0x0000006496bfee30
Event: 6.733 Thread 0x00000207a2246720 DEOPT PACKING pc=0x000002079097f214 sp=0x00000064969fea10
Event: 6.733 Thread 0x00000207a22470c0 DEOPT PACKING pc=0x000002079097f214 sp=0x00000064964fe780
Event: 6.733 Thread 0x00000207a2243bd0 DEOPT UNPACKING pc=0x00000207900e2b43 sp=0x0000006496bfe3b8 mode 0
Event: 6.733 Thread 0x00000207a0cbef20 DEOPT PACKING pc=0x000002079097f214 sp=0x00000064959feb80
Event: 6.733 Thread 0x00000207a065dcb0 DEOPT PACKING pc=0x000002079097f214 sp=0x0000006495dfecc0
Event: 6.733 Thread 0x00000207a2244570 DEOPT PACKING pc=0x000002079097f214 sp=0x00000064961fe8f0
Event: 6.733 Thread 0x00000207a0daf860 DEOPT PACKING pc=0x000002079097f214 sp=0x0000006495cfe9b0
Event: 6.733 Thread 0x00000207a2246250 DEOPT PACKING pc=0x000002079097f214 sp=0x00000064965fed90
Event: 6.733 Thread 0x00000207a065e180 DEOPT PACKING pc=0x000002079097f214 sp=0x0000006495efee20
Event: 6.733 Thread 0x00000207a2246720 DEOPT UNPACKING pc=0x00000207900e2b43 sp=0x00000064969fdf98 mode 0
Event: 6.733 Thread 0x00000207a0daf860 DEOPT UNPACKING pc=0x00000207900e2b43 sp=0x0000006495cfdf38 mode 0
Event: 6.734 Thread 0x00000207a065dcb0 DEOPT UNPACKING pc=0x00000207900e2b43 sp=0x0000006495dfe248 mode 0
Event: 6.734 Thread 0x00000207a2246250 DEOPT UNPACKING pc=0x00000207900e2b43 sp=0x00000064965fe318 mode 0
Event: 6.734 Thread 0x00000207a22470c0 DEOPT UNPACKING pc=0x00000207900e2b43 sp=0x00000064964fdd08 mode 0
Event: 6.734 Thread 0x00000207a0cbef20 DEOPT UNPACKING pc=0x00000207900e2b43 sp=0x00000064959fe108 mode 0
Event: 6.734 Thread 0x00000207a065e180 DEOPT UNPACKING pc=0x00000207900e2b43 sp=0x0000006495efe3a8 mode 0
Event: 6.734 Thread 0x00000207a2244570 DEOPT UNPACKING pc=0x00000207900e2b43 sp=0x00000064961fde78 mode 0

Classes unloaded (0 events):
No events

Classes redefined (0 events):
No events

Internal exceptions (20 events):
Event: 6.044 Thread 0x00000207a0e577d0 Exception <a 'sun/nio/fs/WindowsException'{0x000000070ad77ac8}> (0x000000070ad77ac8) 
thrown [s\src\hotspot\share\prims\jni.cpp, line 516]
Event: 6.044 Thread 0x00000207a0e577d0 Exception <a 'sun/nio/fs/WindowsException'{0x000000070ad77e88}> (0x000000070ad77e88) 
thrown [s\src\hotspot\share\prims\jni.cpp, line 516]
Event: 6.044 Thread 0x00000207a0e577d0 Exception <a 'sun/nio/fs/WindowsException'{0x000000070ad788b0}> (0x000000070ad788b0) 
thrown [s\src\hotspot\share\prims\jni.cpp, line 516]
Event: 6.044 Thread 0x00000207a0e577d0 Exception <a 'sun/nio/fs/WindowsException'{0x000000070ad78c90}> (0x000000070ad78c90) 
thrown [s\src\hotspot\share\prims\jni.cpp, line 516]
Event: 6.044 Thread 0x00000207a0e577d0 Exception <a 'sun/nio/fs/WindowsException'{0x000000070ad796d0}> (0x000000070ad796d0) 
thrown [s\src\hotspot\share\prims\jni.cpp, line 516]
Event: 6.044 Thread 0x00000207a0e577d0 Exception <a 'sun/nio/fs/WindowsException'{0x000000070ad79ac0}> (0x000000070ad79ac0) 
thrown [s\src\hotspot\share\prims\jni.cpp, line 516]
Event: 6.044 Thread 0x00000207a0e577d0 Exception <a 'sun/nio/fs/WindowsException'{0x000000070ad7a518}> (0x000000070ad7a518) 
thrown [s\src\hotspot\share\prims\jni.cpp, line 516]
Event: 6.044 Thread 0x00000207a0e577d0 Exception <a 'sun/nio/fs/WindowsException'{0x000000070ad7a928}> (0x000000070ad7a928) 
thrown [s\src\hotspot\share\prims\jni.cpp, line 516]
Event: 6.044 Thread 0x00000207a0e577d0 Exception <a 'sun/nio/fs/WindowsException'{0x000000070ad7b378}> (0x000000070ad7b378) 
thrown [s\src\hotspot\share\prims\jni.cpp, line 516]
Event: 6.044 Thread 0x00000207a0e577d0 Exception <a 'sun/nio/fs/WindowsException'{0x000000070ad7b788}> (0x000000070ad7b788) 
thrown [s\src\hotspot\share\prims\jni.cpp, line 516]
Event: 6.046 Thread 0x000002078d3f77e0 Exception <a 'java/lang/NoSuchMethodError'{0x000000070a793600}: 'java.lang.Object java.lang.invoke.DirectMethodHandle$Holder.invokeInterface(java.lang.Object, java.lang.Object, int)'> (0x000000070a793600) 
thrown [s\src\hotspot\share\interpreter\linkResolver.cpp, line 759]
Event: 6.048 Thread 0x000002078d3f77e0 Exception <a 'java/lang/IncompatibleClassChangeError'{0x000000070a7a6890}: Found class java.lang.Object, but interface was expected> (0x000000070a7a6890) 
thrown [s\src\hotspot\share\interpreter\linkResolver.cpp, line 826]
Event: 6.221 Thread 0x000002078d3f77e0 Exception <a 'java/lang/NoSuchMethodError'{0x00000007062c97a8}: 'java.lang.Object java.lang.invoke.DirectMethodHandle$Holder.newInvokeSpecial(java.lang.Object, java.lang.Object, int, java.lang.Object, java.lang.Object)'> (0x00000007062c97a8) 
thrown [s\src\hotspot\share\interpreter\linkResolver.cpp, line 759]
Event: 6.222 Thread 0x000002078d3f77e0 Exception <a 'java/lang/NoSuchMethodError'{0x00000007062db810}: 'java.lang.Object java.lang.invoke.DirectMethodHandle$Holder.invokeSpecial(java.lang.Object, java.lang.Object, int, java.lang.Object, int, java.lang.Object)'> (0x00000007062db810) 
thrown [s\src\hotspot\share\interpreter\linkResolver.cpp, line 759]
Event: 6.222 Thread 0x000002078d3f77e0 Exception <a 'java/lang/NoSuchMethodError'{0x00000007062e3610}: 'java.lang.Object java.lang.invoke.DirectMethodHandle$Holder.newInvokeSpecial(java.lang.Object, java.lang.Object, int, java.lang.Object, int)'> (0x00000007062e3610) 
thrown [s\src\hotspot\share\interpreter\linkResolver.cpp, line 759]
Event: 6.222 Thread 0x000002078d3f77e0 Exception <a 'java/lang/NoSuchMethodError'{0x00000007062e7710}: 'java.lang.Object java.lang.invoke.DirectMethodHandle$Holder.invokeSpecial(java.lang.Object, java.lang.Object, java.lang.Object, int, java.lang.Object, int)'> (0x00000007062e7710) 
thrown [s\src\hotspot\share\interpreter\linkResolver.cpp, line 759]
Event: 6.446 Thread 0x00000207a251cef0 Exception <a 'java/lang/NoSuchMethodError'{0x000000070aa31790}: 'java.lang.Object java.lang.invoke.DirectMethodHandle$Holder.invokeStatic(java.lang.Object, java.lang.Object, java.lang.Object, int, java.lang.Object, java.lang.Object)'> (0x000000070aa31790) 
thrown [s\src\hotspot\share\interpreter\linkResolver.cpp, line 759]
Event: 6.448 Thread 0x00000207a2523da0 Exception <a 'java/lang/NoSuchMethodError'{0x000000070aa77e90}: 'java.lang.Object java.lang.invoke.DirectMethodHandle$Holder.invokeStatic(java.lang.Object, int, java.lang.Object)'> (0x000000070aa77e90) 
thrown [s\src\hotspot\share\interpreter\linkResolver.cpp, line 759]
Event: 6.729 Thread 0x00000207a251f570 Exception <a 'java/lang/NoSuchMethodError'{0x00000007106d3250}: 'int java.lang.invoke.DirectMethodHandle$Holder.invokeStatic(java.lang.Object)'> (0x00000007106d3250) 
thrown [s\src\hotspot\share\interpreter\linkResolver.cpp, line 759]
Event: 6.729 Thread 0x00000207a251f570 Exception <a 'java/lang/NoSuchMethodError'{0x00000007106d6650}: 'int java.lang.invoke.DirectMethodHandle$Holder.invokeStaticInit(java.lang.Object)'> (0x00000007106d6650) 
thrown [s\src\hotspot\share\interpreter\linkResolver.cpp, line 759]

VM Operations (20 events):
Event: 6.618 Executing VM operation: G1CollectForAllocation done
Event: 6.637 Executing VM operation: CollectForMetadataAllocation
Event: 6.643 Executing VM operation: CollectForMetadataAllocation done
Event: 6.685 Executing VM operation: G1CollectForAllocation
Event: 6.685 Executing VM operation: G1CollectForAllocation done
Event: 6.685 Executing VM operation: G1CollectForAllocation
Event: 6.693 Executing VM operation: G1CollectForAllocation done
Event: 6.703 Executing VM operation: G1Concurrent
Event: 6.712 Executing VM operation: G1Concurrent done
Event: 6.733 Executing VM operation: HandshakeAllThreads
Event: 6.733 Executing VM operation: HandshakeAllThreads done
Event: 6.734 Executing VM operation: G1Concurrent
Event: 6.734 Executing VM operation: G1Concurrent done
Event: 6.745 Executing VM operation: G1CollectForAllocation
Event: 6.745 Executing VM operation: G1CollectForAllocation done
Event: 6.745 Executing VM operation: G1CollectForAllocation
Event: 6.755 Executing VM operation: G1CollectForAllocation done
Event: 6.795 Executing VM operation: G1CollectForAllocation
Event: 6.795 Executing VM operation: G1CollectForAllocation done
Event: 6.795 Executing VM operation: G1CollectForAllocation

Events (20 events):
Event: 6.463 loading class java/util/ServiceConfigurationError done
Event: 6.464 Thread 0x00000207a25208b0 Thread added: 0x00000207a25208b0
Event: 6.467 Thread 0x00000207a2522590 Thread added: 0x00000207a2522590
Event: 6.475 loading class java/util/concurrent/ConcurrentHashMap$ValueSpliterator
Event: 6.475 loading class java/util/concurrent/ConcurrentHashMap$ValueSpliterator done
Event: 6.582 Thread 0x00000207a251f570 Thread added: 0x00000207a251f570
Event: 6.741 Thread 0x00000207a251ebd0 Thread added: 0x00000207a251ebd0
Event: 6.759 loading class java/util/concurrent/CompletableFuture$UniApply
Event: 6.759 loading class java/util/concurrent/CompletableFuture$UniApply done
Event: 6.760 Thread 0x00000207a251f0a0 Thread added: 0x00000207a251f0a0
Event: 6.760 loading class java/util/concurrent/CompletableFuture$UniExceptionally
Event: 6.760 loading class java/util/concurrent/CompletableFuture$UniExceptionally done
Event: 6.763 loading class java/util/concurrent/CompletableFuture$UniCompose
Event: 6.764 loading class java/util/concurrent/CompletableFuture$UniCompose done
Event: 6.764 loading class java/util/concurrent/CompletableFuture$Signaller
Event: 6.764 loading class java/util/concurrent/CompletableFuture$Signaller done
Event: 6.768 Thread 0x00000207a251fa40 Thread added: 0x00000207a251fa40
Event: 6.772 Thread 0x00000207a25203e0 Thread added: 0x00000207a25203e0
Event: 6.772 loading class java/util/concurrent/CompletableFuture$UniRelay
Event: 6.772 loading class java/util/concurrent/CompletableFuture$UniRelay done


Dynamic libraries:
0x00007ff765800000 - 0x00007ff76580e000 	c:\Users\Jose Maria\.vscode\extensions\redhat.java-1.11.0-win32-x64\jre\17.0.4.1-win32-x86_64\bin\java.exe
0x00007ffbb5410000 - 0x00007ffbb5608000 	C:\WINDOWS\SYSTEM32\ntdll.dll
0x00007ffbb3d70000 - 0x00007ffbb3e2d000 	C:\WINDOWS\System32\KERNEL32.DLL
0x00007ffbb3050000 - 0x00007ffbb3322000 	C:\WINDOWS\System32\KERNELBASE.dll
0x00007ffbb2f50000 - 0x00007ffbb3050000 	C:\WINDOWS\System32\ucrtbase.dll
0x00007ffba27c0000 - 0x00007ffba27d8000 	c:\Users\Jose Maria\.vscode\extensions\redhat.java-1.11.0-win32-x64\jre\17.0.4.1-win32-x86_64\bin\jli.dll
0x00007ffb9d330000 - 0x00007ffb9d349000 	c:\Users\Jose Maria\.vscode\extensions\redhat.java-1.11.0-win32-x64\jre\17.0.4.1-win32-x86_64\bin\VCRUNTIME140.dll
0x00007ffbb4950000 - 0x00007ffbb4aed000 	C:\WINDOWS\System32\USER32.dll
0x00007ffbb3440000 - 0x00007ffbb3462000 	C:\WINDOWS\System32\win32u.dll
0x00007ffb9f840000 - 0x00007ffb9fada000 	C:\WINDOWS\WinSxS\amd64_microsoft.windows.common-controls_6595b64144ccf1df_6.0.19041.1110_none_60b5254171f9507e\COMCTL32.dll
0x00007ffbb4b10000 - 0x00007ffbb4b3b000 	C:\WINDOWS\System32\GDI32.dll
0x00007ffbb3f90000 - 0x00007ffbb402e000 	C:\WINDOWS\System32\msvcrt.dll
0x00007ffbb3330000 - 0x00007ffbb343f000 	C:\WINDOWS\System32\gdi32full.dll
0x00007ffbb2e80000 - 0x00007ffbb2f1d000 	C:\WINDOWS\System32\msvcp_win.dll
0x00007ffbb4030000 - 0x00007ffbb4060000 	C:\WINDOWS\System32\IMM32.DLL
0x00007ffbac3f0000 - 0x00007ffbac3fc000 	c:\Users\Jose Maria\.vscode\extensions\redhat.java-1.11.0-win32-x64\jre\17.0.4.1-win32-x86_64\bin\vcruntime140_1.dll
0x00007ffb76ff0000 - 0x00007ffb77081000 	c:\Users\Jose Maria\.vscode\extensions\redhat.java-1.11.0-win32-x64\jre\17.0.4.1-win32-x86_64\bin\msvcp140.dll
0x00007ffb1c4d0000 - 0x00007ffb1d116000 	c:\Users\Jose Maria\.vscode\extensions\redhat.java-1.11.0-win32-x64\jre\17.0.4.1-win32-x86_64\bin\server\jvm.dll
0x00007ffbb3c30000 - 0x00007ffbb3cde000 	C:\WINDOWS\System32\ADVAPI32.dll
0x00007ffbb3e40000 - 0x00007ffbb3edc000 	C:\WINDOWS\System32\sechost.dll
0x00007ffbb47b0000 - 0x00007ffbb48d5000 	C:\WINDOWS\System32\RPCRT4.dll
0x00007ffbb4940000 - 0x00007ffbb4948000 	C:\WINDOWS\System32\PSAPI.DLL
0x00007ffbad080000 - 0x00007ffbad08a000 	C:\WINDOWS\SYSTEM32\VERSION.dll
0x00007ffbaadd0000 - 0x00007ffbaadd9000 	C:\WINDOWS\SYSTEM32\WSOCK32.dll
0x00007ffbac650000 - 0x00007ffbac677000 	C:\WINDOWS\SYSTEM32\WINMM.dll
0x00007ffbb4b40000 - 0x00007ffbb4bab000 	C:\WINDOWS\System32\WS2_32.dll
0x00007ffbb09d0000 - 0x00007ffbb09e2000 	C:\WINDOWS\SYSTEM32\kernel.appcore.dll
0x00007ffbac430000 - 0x00007ffbac43a000 	c:\Users\Jose Maria\.vscode\extensions\redhat.java-1.11.0-win32-x64\jre\17.0.4.1-win32-x86_64\bin\jimage.dll
0x00007ffba9e70000 - 0x00007ffbaa054000 	C:\WINDOWS\SYSTEM32\DBGHELP.DLL
0x00007ffba9e40000 - 0x00007ffba9e6c000 	C:\WINDOWS\SYSTEM32\dbgcore.DLL
0x00007ffbb2c20000 - 0x00007ffbb2ca2000 	C:\WINDOWS\System32\bcryptPrimitives.dll
0x00007ffb902f0000 - 0x00007ffb90315000 	c:\Users\Jose Maria\.vscode\extensions\redhat.java-1.11.0-win32-x64\jre\17.0.4.1-win32-x86_64\bin\java.dll
0x00007ffb9c6b0000 - 0x00007ffb9c6c8000 	c:\Users\Jose Maria\.vscode\extensions\redhat.java-1.11.0-win32-x64\jre\17.0.4.1-win32-x86_64\bin\zip.dll
0x00007ffbb34d0000 - 0x00007ffbb3c13000 	C:\WINDOWS\System32\SHELL32.dll
0x00007ffbb0bc0000 - 0x00007ffbb1351000 	C:\WINDOWS\SYSTEM32\windows.storage.dll
0x00007ffbb5070000 - 0x00007ffbb53c4000 	C:\WINDOWS\System32\combase.dll
0x00007ffbb24a0000 - 0x00007ffbb24d0000 	C:\WINDOWS\SYSTEM32\Wldp.dll
0x00007ffbb3ee0000 - 0x00007ffbb3f8d000 	C:\WINDOWS\System32\SHCORE.dll
0x00007ffbb4dc0000 - 0x00007ffbb4e15000 	C:\WINDOWS\System32\shlwapi.dll
0x00007ffbb2a60000 - 0x00007ffbb2a7f000 	C:\WINDOWS\SYSTEM32\profapi.dll
0x00007ffb9cfa0000 - 0x00007ffb9cfb9000 	C:\Users\Jose Maria\.vscode\extensions\redhat.java-1.11.0-win32-x64\jre\17.0.4.1-win32-x86_64\bin\net.dll
0x00007ffba8560000 - 0x00007ffba866d000 	C:\WINDOWS\SYSTEM32\WINHTTP.dll
0x00007ffbb2200000 - 0x00007ffbb226a000 	C:\WINDOWS\system32\mswsock.dll
0x00007ffb989e0000 - 0x00007ffb989f5000 	C:\Users\Jose Maria\.vscode\extensions\redhat.java-1.11.0-win32-x64\jre\17.0.4.1-win32-x86_64\bin\nio.dll
0x00007ffbac320000 - 0x00007ffbac330000 	c:\Users\Jose Maria\.vscode\extensions\redhat.java-1.11.0-win32-x64\jre\17.0.4.1-win32-x86_64\bin\verify.dll
0x00007ffbac210000 - 0x00007ffbac219000 	C:\Users\Jose Maria\.vscode\extensions\redhat.java-1.11.0-win32-x64\jre\17.0.4.1-win32-x86_64\bin\management.dll
0x00007ffbaa740000 - 0x00007ffbaa74b000 	C:\Users\Jose Maria\.vscode\extensions\redhat.java-1.11.0-win32-x64\jre\17.0.4.1-win32-x86_64\bin\management_ext.dll
0x00007ffbaa970000 - 0x00007ffbaa987000 	C:\WINDOWS\system32\napinsp.dll
0x00007ffbaa840000 - 0x00007ffbaa85b000 	C:\WINDOWS\system32\pnrpnsp.dll
0x00007ffbade20000 - 0x00007ffbade35000 	C:\WINDOWS\system32\wshbth.dll
0x00007ffbabfc0000 - 0x00007ffbabfdd000 	C:\WINDOWS\system32\NLAapi.dll
0x00007ffbb1ef0000 - 0x00007ffbb1f2b000 	C:\WINDOWS\SYSTEM32\IPHLPAPI.DLL
0x00007ffbb1f30000 - 0x00007ffbb1ffa000 	C:\WINDOWS\SYSTEM32\DNSAPI.dll
0x00007ffbb3e30000 - 0x00007ffbb3e38000 	C:\WINDOWS\System32\NSI.dll
0x00007ffbaa890000 - 0x00007ffbaa8a2000 	C:\WINDOWS\System32\winrnr.dll
0x00007ffbaa880000 - 0x00007ffbaa88a000 	C:\Windows\System32\rasadhlp.dll
0x00007ffbaa4e0000 - 0x00007ffbaa560000 	C:\WINDOWS\System32\fwpuclnt.dll
0x00007ffbb2f20000 - 0x00007ffbb2f47000 	C:\WINDOWS\System32\bcrypt.dll
0x00007ffbb23f0000 - 0x00007ffbb2408000 	C:\WINDOWS\SYSTEM32\CRYPTSP.dll
0x00007ffbb1b20000 - 0x00007ffbb1b54000 	C:\WINDOWS\system32\rsaenh.dll
0x00007ffbb29e0000 - 0x00007ffbb2a0e000 	C:\WINDOWS\SYSTEM32\USERENV.dll
0x00007ffbb2410000 - 0x00007ffbb241c000 	C:\WINDOWS\SYSTEM32\CRYPTBASE.dll
0x00007ffbaa8f0000 - 0x00007ffbaa907000 	C:\WINDOWS\SYSTEM32\dhcpcsvc6.DLL
0x00007ffbaabb0000 - 0x00007ffbaabcd000 	C:\WINDOWS\SYSTEM32\dhcpcsvc.DLL

dbghelp: loaded successfully - version: 4.0.5 - missing functions: none
symbol engine: initialized successfully - sym options: 0x614 - pdb path: .;c:\Users\Jose Maria\.vscode\extensions\redhat.java-1.11.0-win32-x64\jre\17.0.4.1-win32-x86_64\bin;C:\WINDOWS\SYSTEM32;C:\WINDOWS\WinSxS\amd64_microsoft.windows.common-controls_6595b64144ccf1df_6.0.19041.1110_none_60b5254171f9507e;c:\Users\Jose Maria\.vscode\extensions\redhat.java-1.11.0-win32-x64\jre\17.0.4.1-win32-x86_64\bin\server

VM Arguments:
jvm_args: -Dsts.lsp.client=vscode -Dsts.log.file=/dev/null -XX:TieredStopAtLevel=1 -Xlog:jni+resolve=off -Dspring.config.location=file:c:\Users\Jose Maria\.vscode\extensions\pivotal.vscode-spring-boot-1.39.0\language-server\BOOT-INF\classes\application.properties 
java_command: org.springframework.ide.vscode.boot.app.BootLanguageServerBootApp
java_class_path (initial): c:\Users\Jose Maria\.vscode\extensions\pivotal.vscode-spring-boot-1.39.0\language-server\BOOT-INF\classes;c:\Users\Jose Maria\.vscode\extensions\pivotal.vscode-spring-boot-1.39.0\language-server\BOOT-INF\lib\annotations-23.0.0.jar;c:\Users\Jose Maria\.vscode\extensions\pivotal.vscode-spring-boot-1.39.0\language-server\BOOT-INF\lib\antlr-runtime-3.5.2.jar;c:\Users\Jose Maria\.vscode\extensions\pivotal.vscode-spring-boot-1.39.0\language-server\BOOT-INF\lib\antlr4-4.9.3.jar;c:\Users\Jose Maria\.vscode\extensions\pivotal.vscode-spring-boot-1.39.0\language-server\BOOT-INF\lib\antlr4-runtime-4.9.3.jar;c:\Users\Jose Maria\.vscode\extensions\pivotal.vscode-spring-boot-1.39.0\language-server\BOOT-INF\lib\asm-9.3.jar;c:\Users\Jose Maria\.vscode\extensions\pivotal.vscode-spring-boot-1.39.0\language-server\BOOT-INF\lib\asm-analysis-9.3.jar;c:\Users\Jose Maria\.vscode\extensions\pivotal.vscode-spring-boot-1.39.0\language-server\BOOT-INF\lib\asm-tree-9.3.jar;c:\Users\Jose Maria\.vscode\extensions\pivotal.vscode-spring-boot-1.39.0\language-server\BOOT-INF\lib\asm-util-9.3.jar;c:\Users\Jose Maria\.vscode\extensions\pivotal.vscode-spring-boot-1.39.0\language-server\BOOT-INF\lib\byte-buddy-1.12.13.jar;c:\Users\Jose Maria\.vscode\extensions\pivotal.vscode-spring-boot-1.39.0\language-server\BOOT-INF\lib\caffeine-2.9.3.jar;c:\Users\Jose Maria\.vscode\extensions\pivotal.vscode-spring-boot-1.39.0\language-server\BOOT-INF\lib\checker-qual-3.12.0.jar;c:\Users\Jose Maria\.vscode\extensions\pivotal.vscode-spring-boot-1.39.0\language-server\BOOT-INF\lib\classgraph-4.8.149.jar;c:\Users\Jose Maria\.vscode\extensions\pivotal.vscode-spring-boot-1.39.0\language-server\BOOT-INF\lib\commons-codec-1.15.jar;c:\Users\Jose Maria\.vscode\extensions\pivotal.vscode-spring-boot-1.39.0\language-server\BOOT-INF\lib\commons-compress-1.21.jar;c:\Users\Jose Maria\.vscode\extensions\pivotal.vscode-spring-boot-1.39.0\language-server\BOOT-INF\lib\commons-exec-1.3.jar;c:\Users\Jose Maria\
Launcher Type: SUN_STANDARD

[Global flags]
     intx CICompilerCount                          = 4                                         {product} {ergonomic}
     uint ConcGCThreads                            = 3                                         {product} {ergonomic}
     uint G1ConcRefinementThreads                  = 10                                        {product} {ergonomic}
   size_t G1HeapRegionSize                         = 2097152                                   {product} {ergonomic}
    uintx GCDrainStackTargetSize                   = 64                                        {product} {ergonomic}
   size_t InitialHeapSize                          = 268435456                                 {product} {ergonomic}
   size_t MarkStackSize                            = 4194304                                   {product} {ergonomic}
   size_t MaxHeapSize                              = 4263510016                                {product} {ergonomic}
   size_t MaxNewSize                               = 2556428288                                {product} {ergonomic}
   size_t MinHeapDeltaBytes                        = 2097152                                   {product} {ergonomic}
   size_t MinHeapSize                              = 8388608                                   {product} {ergonomic}
    uintx NonProfiledCodeHeapSize                  = 0                                      {pd product} {ergonomic}
     bool ProfileInterpreter                       = false                                  {pd product} {command line}
    uintx ProfiledCodeHeapSize                     = 0                                      {pd product} {ergonomic}
   size_t SoftMaxHeapSize                          = 4263510016                             {manageable} {ergonomic}
     intx TieredStopAtLevel                        = 1                                         {product} {command line}
     bool UseCompressedClassPointers               = true                           {product lp64_product} {ergonomic}
     bool UseCompressedOops                        = true                           {product lp64_product} {ergonomic}
     bool UseG1GC                                  = true                                      {product} {ergonomic}
     bool UseLargePagesIndividualAllocation        = false                                  {pd product} {ergonomic}

Logging:
Log output configuration:
 #0: stdout all=warning,jni+resolve=off uptime,level,tags
 #1: stderr all=off uptime,level,tags

Environment Variables:
JAVA_HOME=C:\Program Files\Java\jdk-16.0.2
PATH=C:\gurobi950\win64\bin;C:\Program Files\Common Files\Oracle\Java\javapath;C:\Program Files (x86)\Common Files\Oracle\Java\javapath;C:\WINDOWS\system32;C:\WINDOWS;C:\WINDOWS\System32\Wbem;C:\WINDOWS\System32\WindowsPowerShell\v1.0\;C:\WINDOWS\System32\OpenSSH\;C:\Program Files (x86)\Calibre2\;C:\Program Files\Calibre2\;C:\Program Files\AutoFirma\AutoFirma;C:\Program Files\Csound6_x64\bin;C:\Program Files (x86)\NVIDIA Corporation\PhysX\Common;C:\WINDOWS\system32;C:\WINDOWS;C:\WINDOWS\System32\Wbem;C:\WINDOWS\System32\WindowsPowerShell\v1.0\;C:\WINDOWS\System32\OpenSSH\;C:\Program Files\AutoFirmaJA\AutoFirmaJA;C:\Program Files\nodejs\;C:\Program Files\Git\cmd;C:\Users\Jose Maria\AppData\Local\Programs\Python\Python38-32\Scripts\;C:\Users\Jose Maria\AppData\Local\Programs\Python\Python38-32\;C:\Users\Jose Maria\AppData\Local\Microsoft\WindowsApps;C:\Users\Jose Maria\AppData\Roaming\npm;C:\Users\Jose Maria\AppData\Local\Programs\Microsoft VS Code\bin;F:\2 Ing. Soft\Web crawler\SeleniumWebDrivers;C:\Program Files\nodejs;F:\3 Ing. Soft\Diseo y pruebas 1\Prcticas\SW\apache-maven-3.8.6-bin\bin;
USERNAME=Jose Maria
OS=Windows_NT
PROCESSOR_IDENTIFIER=Intel64 Family 6 Model 158 Stepping 10, GenuineIntel
TMP=C:\Users\Jose Maria\AppData\Roaming\Local\Temp
TEMP=C:\Users\Jose Maria\AppData\Roaming\Local\Temp



---------------  S Y S T E M  ---------------

OS:
 Windows 10 , 64 bit Build 19041 (10.0.19041.1889)
OS uptime: 0 days 4:00 hours

CPU: total 12 (initial active 12) (6 cores per cpu, 2 threads per core) family 6 model 158 stepping 10 microcode 0xb4, cx8, cmov, fxsr, ht, mmx, 3dnowpref, sse, sse2, sse3, ssse3, sse4.1, sse4.2, popcnt, lzcnt, tsc, tscinvbit, avx, avx2, aes, erms, clmul, bmi1, bmi2, adx, fma, vzeroupper, clflush, clflushopt

Memory: 4k page, system-wide physical 16257M (5093M free)
TotalPageFile size 16257M (AvailPageFile size 378M)
current process WorkingSet (physical memory assigned to process): 479M, peak: 479M
current process commit charge ("private bytes"): 506M, peak: 1144M

vm_info: OpenJDK 64-Bit Server VM (17.0.4.1+1) for windows-amd64 JRE (17.0.4.1+1), built on Aug 17 2022 07:42:43 by "temurin" with MS VC++ 16.7 (VS2019)

END.
