#
# There is insufficient memory for the Java Runtime Environment to continue.
# Native memory allocation (mmap) failed to map 769654784 bytes for G1 virtual space
# Possible reasons:
#   The system is out of physical RAM or swap space
#   The process is running with CompressedOops enabled, and the Java Heap may be blocking the growth of the native heap
# Possible solutions:
#   Reduce memory load on the system
#   Increase physical memory or swap space
#   Check if swap backing store is full
#   Decrease Java heap size (-Xmx/-Xms)
#   Decrease number of Java threads
#   Decrease Java thread stack sizes (-Xss)
#   Set larger code cache with -XX:ReservedCodeCacheSize=
#   JVM is running with Zero Based Compressed Oops mode in which the Java heap is
#     placed in the first 32GB address space. The Java Heap base address is the
#     maximum limit for the native heap growth. Please use -XX:HeapBaseMinAddress
#     to set the Java Heap base and to place the Java Heap above 32GB virtual address.
# This output file may be truncated or incomplete.
#
#  Out of Memory Error (os_windows.cpp:3541), pid=14112, tid=4348
#
# JRE version: OpenJDK Runtime Environment Temurin-17.0.4.1+1 (17.0.4.1+1) (build 17.0.4.1+1)
# Java VM: OpenJDK 64-Bit Server VM Temurin-17.0.4.1+1 (17.0.4.1+1, mixed mode, emulated-client, tiered, compressed oops, compressed class ptrs, g1 gc, windows-amd64)
# No core dump will be written. Minidumps are not enabled by default on client versions of Windows
#

---------------  S U M M A R Y ------------

Command Line: -Dsts.lsp.client=vscode -Dsts.log.file=/dev/null -XX:TieredStopAtLevel=1 -Xlog:jni+resolve=off -Dspring.config.location=file:c:\Users\Jose Maria\.vscode\extensions\pivotal.vscode-spring-boot-1.39.0\language-server\BOOT-INF\classes\application.properties org.springframework.ide.vscode.boot.app.BootLanguageServerBootApp

Host: Intel(R) Core(TM) i7-8750H CPU @ 2.20GHz, 12 cores, 15G,  Windows 10 , 64 bit Build 19041 (10.0.19041.1889)
Time: Wed Oct 12 16:58:13 2022 Hora de verano romance elapsed time: 2.876510 seconds (0d 0h 0m 2s)

---------------  T H R E A D  ---------------

Current thread (0x0000027cef412850):  VMThread "VM Thread" [stack: 0x000000f36a100000,0x000000f36a200000] [id=4348]

Stack: [0x000000f36a100000,0x000000f36a200000]
Native frames: (J=compiled Java code, j=interpreted, Vv=VM code, C=native code)
V  [jvm.dll+0x67731a]
V  [jvm.dll+0x832284]
V  [jvm.dll+0x833a2e]
V  [jvm.dll+0x834093]
V  [jvm.dll+0x245775]
V  [jvm.dll+0x674209]
V  [jvm.dll+0x668a92]
V  [jvm.dll+0x30471b]
V  [jvm.dll+0x30bc66]
V  [jvm.dll+0x35ba9e]
V  [jvm.dll+0x35bccf]
V  [jvm.dll+0x2db5b8]
V  [jvm.dll+0x2d986c]
V  [jvm.dll+0x2d8e3c]
V  [jvm.dll+0x31cd9b]
V  [jvm.dll+0x83853b]
V  [jvm.dll+0x839274]
V  [jvm.dll+0x83978c]
V  [jvm.dll+0x839b64]
V  [jvm.dll+0x839c30]
V  [jvm.dll+0x7e240a]
V  [jvm.dll+0x6761a5]
C  [ucrtbase.dll+0x21bb2]
C  [KERNEL32.DLL+0x17034]
C  [ntdll.dll+0x526a1]

VM_Operation (0x000000f36d3fbc10): G1CollectForAllocation, mode: safepoint, requested by thread 0x0000027cf170d0b0


---------------  P R O C E S S  ---------------

Threads class SMR info:
_java_thread_list=0x0000027cf11d0a90, length=46, elements={
0x0000027ceebe5430, 0x0000027cef43c190, 0x0000027cef478130, 0x0000027cef479e00,
0x0000027cef47a6c0, 0x0000027cef47af80, 0x0000027cef47f700, 0x0000027cef480000,
0x0000027cef687c10, 0x0000027cef6a0f90, 0x0000027cef6a94f0, 0x0000027cf002ce40,
0x0000027cf00538d0, 0x0000027cf133da00, 0x0000027cf145e040, 0x0000027cf16589a0,
0x0000027cf165a330, 0x0000027cf165bb00, 0x0000027cf165d400, 0x0000027cf165d8d0,
0x0000027cf165bfd0, 0x0000027cf1666520, 0x0000027cf1663500, 0x0000027cf16656b0,
0x0000027cf1664d10, 0x0000027cf16669f0, 0x0000027cf16651e0, 0x0000027cf16639d0,
0x0000027cf1663030, 0x0000027cf1664370, 0x0000027cf1663ea0, 0x0000027cf1665b80,
0x0000027cf1664840, 0x0000027cf1666050, 0x0000027cf170da50, 0x0000027cf1708d50,
0x0000027cf170cbe0, 0x0000027cf170b3d0, 0x0000027cf170d0b0, 0x0000027cf170d580,
0x0000027cf170df20, 0x0000027cf170bd70, 0x0000027cf1706ba0, 0x0000027cf17066d0,
0x0000027cf1707070, 0x0000027cf1707540
}

Java Threads: ( => current thread )
  0x0000027ceebe5430 JavaThread "Reference Handler" daemon [_thread_blocked, id=8516, stack(0x000000f36a200000,0x000000f36a300000)]
  0x0000027cef43c190 JavaThread "Finalizer" daemon [_thread_blocked, id=16408, stack(0x000000f36a300000,0x000000f36a400000)]
  0x0000027cef478130 JavaThread "Signal Dispatcher" daemon [_thread_blocked, id=9020, stack(0x000000f36a400000,0x000000f36a500000)]
  0x0000027cef479e00 JavaThread "Attach Listener" daemon [_thread_blocked, id=16864, stack(0x000000f36a500000,0x000000f36a600000)]
  0x0000027cef47a6c0 JavaThread "Service Thread" daemon [_thread_blocked, id=1444, stack(0x000000f36a600000,0x000000f36a700000)]
  0x0000027cef47af80 JavaThread "Monitor Deflation Thread" daemon [_thread_blocked, id=11504, stack(0x000000f36a700000,0x000000f36a800000)]
  0x0000027cef47f700 JavaThread "C1 CompilerThread0" daemon [_thread_blocked, id=8540, stack(0x000000f36a800000,0x000000f36a900000)]
  0x0000027cef480000 JavaThread "Sweeper thread" daemon [_thread_blocked, id=7312, stack(0x000000f36a900000,0x000000f36aa00000)]
  0x0000027cef687c10 JavaThread "C1 CompilerThread1" daemon [_thread_blocked, id=9000, stack(0x000000f36aa00000,0x000000f36ab00000)]
  0x0000027cef6a0f90 JavaThread "Notification Thread" daemon [_thread_blocked, id=2380, stack(0x000000f36ab00000,0x000000f36ac00000)]
  0x0000027cef6a94f0 JavaThread "Common-Cleaner" daemon [_thread_blocked, id=2180, stack(0x000000f36ad00000,0x000000f36ae00000)]
  0x0000027cf002ce40 JavaThread "C1 CompilerThread2" daemon [_thread_blocked, id=3000, stack(0x000000f36ae00000,0x000000f36af00000)]
  0x0000027cf00538d0 JavaThread "C1 CompilerThread3" daemon [_thread_blocked, id=9044, stack(0x000000f36af00000,0x000000f36b000000)]
  0x0000027cf133da00 JavaThread "boundedElastic-evictor-1" daemon [_thread_blocked, id=7160, stack(0x000000f36b900000,0x000000f36ba00000)]
  0x0000027cf145e040 JavaThread "ForkJoinPool.commonPool-worker-1" daemon [_thread_blocked, id=9948, stack(0x000000f36bc00000,0x000000f36bd00000)]
  0x0000027cf16589a0 JavaThread "ClassGraph-worker-0" daemon [_thread_blocked, id=8428, stack(0x000000f36bd00000,0x000000f36be00000)]
  0x0000027cf165a330 JavaThread "ClassGraph-worker-1" daemon [_thread_blocked, id=2088, stack(0x000000f36be00000,0x000000f36bf00000)]
  0x0000027cf165bb00 JavaThread "ClassGraph-worker-2" daemon [_thread_blocked, id=7344, stack(0x000000f36bf00000,0x000000f36c000000)]
  0x0000027cf165d400 JavaThread "ClassGraph-worker-3" daemon [_thread_blocked, id=16484, stack(0x000000f36c000000,0x000000f36c100000)]
  0x0000027cf165d8d0 JavaThread "ClassGraph-worker-4" daemon [_thread_blocked, id=12828, stack(0x000000f36c100000,0x000000f36c200000)]
  0x0000027cf165bfd0 JavaThread "ClassGraph-worker-5" daemon [_thread_blocked, id=6264, stack(0x000000f36c200000,0x000000f36c300000)]
  0x0000027cf1666520 JavaThread "ClassGraph-worker-6" daemon [_thread_blocked, id=14844, stack(0x000000f36c300000,0x000000f36c400000)]
  0x0000027cf1663500 JavaThread "ClassGraph-worker-7" daemon [_thread_blocked, id=9296, stack(0x000000f36c400000,0x000000f36c500000)]
  0x0000027cf16656b0 JavaThread "ClassGraph-worker-8" daemon [_thread_blocked, id=17220, stack(0x000000f36c500000,0x000000f36c600000)]
  0x0000027cf1664d10 JavaThread "ClassGraph-worker-9" daemon [_thread_blocked, id=3508, stack(0x000000f36c600000,0x000000f36c700000)]
  0x0000027cf16669f0 JavaThread "ClassGraph-worker-10" daemon [_thread_blocked, id=13612, stack(0x000000f36c700000,0x000000f36c800000)]
  0x0000027cf16651e0 JavaThread "ClassGraph-worker-11" daemon [_thread_blocked, id=16700, stack(0x000000f36c800000,0x000000f36c900000)]
  0x0000027cf16639d0 JavaThread "ClassGraph-worker-12" daemon [_thread_blocked, id=16136, stack(0x000000f36c900000,0x000000f36ca00000)]
  0x0000027cf1663030 JavaThread "ClassGraph-worker-13" daemon [_thread_blocked, id=10848, stack(0x000000f36ca00000,0x000000f36cb00000)]
  0x0000027cf1664370 JavaThread "ClassGraph-worker-14" daemon [_thread_blocked, id=308, stack(0x000000f36cb00000,0x000000f36cc00000)]
  0x0000027cf1663ea0 JavaThread "ClassGraph-worker-15" daemon [_thread_blocked, id=11920, stack(0x000000f36cc00000,0x000000f36cd00000)]
  0x0000027cf1665b80 JavaThread "ClassGraph-worker-16" daemon [_thread_blocked, id=5316, stack(0x000000f36cd00000,0x000000f36ce00000)]
  0x0000027cf1664840 JavaThread "ClassGraph-worker-17" daemon [_thread_blocked, id=16832, stack(0x000000f36ce00000,0x000000f36cf00000)]
  0x0000027cf1666050 JavaThread "ClassGraph-worker-18" daemon [_thread_blocked, id=1956, stack(0x000000f36cf00000,0x000000f36d000000)]
  0x0000027cf170da50 JavaThread "pool-9-thread-1" [_thread_blocked, id=2212, stack(0x000000f36d000000,0x000000f36d100000)]
  0x0000027cf1708d50 JavaThread "LanguageServerApp-lifecycle" [_thread_blocked, id=16032, stack(0x000000f36d100000,0x000000f36d200000)]
  0x0000027cf170cbe0 JavaThread "DestroyJavaVM" [_thread_blocked, id=3576, stack(0x000000f369b00000,0x000000f369c00000)]
  0x0000027cf170b3d0 JavaThread "pool-10-thread-1" [_thread_in_native, id=7700, stack(0x000000f36d200000,0x000000f36d300000)]
  0x0000027cf170d0b0 JavaThread "Simple-Language-Server main thread" daemon [_thread_blocked, id=10696, stack(0x000000f36d300000,0x000000f36d400000)]
  0x0000027cf170d580 JavaThread "pool-7-thread-1" [_thread_blocked, id=16764, stack(0x000000f36d400000,0x000000f36d500000)]
  0x0000027cf170df20 JavaThread "parallel-1" daemon [_thread_blocked, id=12164, stack(0x000000f36d500000,0x000000f36d600000)]
  0x0000027cf170bd70 JavaThread "pool-4-thread-1" [_thread_blocked, id=8824, stack(0x000000f36d600000,0x000000f36d700000)]
  0x0000027cf1706ba0 JavaThread "ForkJoinPool.commonPool-worker-2" daemon [_thread_blocked, id=6164, stack(0x000000f36d700000,0x000000f36d800000)]
  0x0000027cf17066d0 JavaThread "pool-4-thread-2" [_thread_blocked, id=3784, stack(0x000000f36d800000,0x000000f36d900000)]
  0x0000027cf1707070 JavaThread "parallel-2" daemon [_thread_blocked, id=10940, stack(0x000000f36d900000,0x000000f36da00000)]
  0x0000027cf1707540 JavaThread "Reconciler-1" daemon [_thread_blocked, id=3064, stack(0x000000f36da00000,0x000000f36db00000)]

Other Threads:
=>0x0000027cef412850 VMThread "VM Thread" [stack: 0x000000f36a100000,0x000000f36a200000] [id=4348]
  0x0000027cef6a7480 WatcherThread [stack: 0x000000f36ac00000,0x000000f36ad00000] [id=12056]
  0x0000027cda886270 GCTaskThread "GC Thread#0" [stack: 0x000000f369c00000,0x000000f369d00000] [id=14540]
  0x0000027cf00fb0e0 GCTaskThread "GC Thread#1" [stack: 0x000000f36b000000,0x000000f36b100000] [id=13372]
  0x0000027cf00fb390 GCTaskThread "GC Thread#2" [stack: 0x000000f36b100000,0x000000f36b200000] [id=7740]
  0x0000027cf0103ae0 GCTaskThread "GC Thread#3" [stack: 0x000000f36b200000,0x000000f36b300000] [id=13664]
  0x0000027cf0103d90 GCTaskThread "GC Thread#4" [stack: 0x000000f36b300000,0x000000f36b400000] [id=17048]
  0x0000027cf0104040 GCTaskThread "GC Thread#5" [stack: 0x000000f36b400000,0x000000f36b500000] [id=11536]
  0x0000027cf0ddbf10 GCTaskThread "GC Thread#6" [stack: 0x000000f36b500000,0x000000f36b600000] [id=7844]
  0x0000027cf0ddc5d0 GCTaskThread "GC Thread#7" [stack: 0x000000f36b600000,0x000000f36b700000] [id=6044]
  0x0000027cf0ddcc90 GCTaskThread "GC Thread#8" [stack: 0x000000f36b700000,0x000000f36b800000] [id=16644]
  0x0000027cf0ddcf40 GCTaskThread "GC Thread#9" [stack: 0x000000f36b800000,0x000000f36b900000] [id=13296]
  0x0000027cda897ed0 ConcurrentGCThread "G1 Main Marker" [stack: 0x000000f369d00000,0x000000f369e00000] [id=5344]
  0x0000027cda898f80 ConcurrentGCThread "G1 Conc#0" [stack: 0x000000f369e00000,0x000000f369f00000] [id=3752]
  0x0000027cf0f14240 ConcurrentGCThread "G1 Conc#1" [stack: 0x000000f36ba00000,0x000000f36bb00000] [id=17252]
  0x0000027cf0e51100 ConcurrentGCThread "G1 Conc#2" [stack: 0x000000f36bb00000,0x000000f36bc00000] [id=12320]
  0x0000027ceea89110 ConcurrentGCThread "G1 Refine#0" [stack: 0x000000f369f00000,0x000000f36a000000] [id=16148]
  0x0000027ceea8a7f0 ConcurrentGCThread "G1 Service" [stack: 0x000000f36a000000,0x000000f36a100000] [id=10088]

Threads with active compile tasks:
C1 CompilerThread0     2896 3947  s    1       jdk.internal.jimage.ImageReader$SharedImageReader::findNode (36 bytes)
C1 CompilerThread1     2896 3949       1       jdk.internal.jimage.ImageLocation::getExtension (6 bytes)
C1 CompilerThread2     2896 3946  s    1       jdk.internal.jimage.ImageReader$SharedImageReader::buildRootDirectory (71 bytes)
C1 CompilerThread3     2896 3948       1       jdk.internal.jimage.ImageHeader::getTableLength (5 bytes)

VM state: at safepoint (normal execution)

VM Mutex/Monitor currently owned by a thread:  ([mutex/lock_event])
[0x0000027cda636d00] Threads_lock - owner thread: 0x0000027cef412850
[0x0000027cda815cd0] Heap_lock - owner thread: 0x0000027cf170d0b0

Heap address: 0x0000000701e00000, size: 4066 MB, Compressed Oops mode: Zero based, Oop shift amount: 3

CDS archive(s) not mapped
Compressed class space mapped at: 0x0000000800000000-0x0000000840000000, reserved size: 1073741824
Narrow klass base: 0x0000000800000000, Narrow klass shift: 0, Narrow klass range: 0x40000000

GC Precious Log:
 CPUs: 12 total, 12 available
 Memory: 16257M
 Large Page Support: Disabled
 NUMA Support: Disabled
 Compressed Oops: Enabled (Zero based)
 Heap Region Size: 2M
 Heap Min Capacity: 8M
 Heap Initial Capacity: 256M
 Heap Max Capacity: 4066M
 Pre-touch: Disabled
 Parallel Workers: 10
 Concurrent Workers: 3
 Concurrent Refinement Workers: 10
 Periodic GC: Disabled

Heap:
 garbage-first heap   total 559104K, used 136959K [0x0000000701e00000, 0x0000000800000000)
  region size 2048K, 18 young (36864K), 18 survivors (36864K)
 Metaspace       used 39354K, committed 39744K, reserved 1089536K
  class space    used 4975K, committed 5184K, reserved 1048576K

Heap Regions: E=young(eden), S=young(survivor), O=old, HS=humongous(starts), HC=humongous(continues), CS=collection set, F=free, OA=open archive, CA=closed archive, TAMS=top-at-mark-start (previous, next)
|   0|0x0000000701e00000, 0x0000000702000000, 0x0000000702000000|100%| O|  |TAMS 0x0000000702000000, 0x0000000701e00000| Untracked 
|   1|0x0000000702000000, 0x0000000702200000, 0x0000000702200000|100%| O|  |TAMS 0x0000000702200000, 0x0000000702000000| Untracked 
|   2|0x0000000702200000, 0x0000000702400000, 0x0000000702400000|100%| O|  |TAMS 0x0000000702400000, 0x0000000702200000| Untracked 
|   3|0x0000000702400000, 0x0000000702600000, 0x0000000702600000|100%| O|  |TAMS 0x0000000702600000, 0x0000000702400000| Untracked 
|   4|0x0000000702600000, 0x0000000702800000, 0x0000000702800000|100%| O|  |TAMS 0x0000000702800000, 0x0000000702600000| Untracked 
|   5|0x0000000702800000, 0x0000000702a00000, 0x0000000702a00000|100%| O|  |TAMS 0x0000000702a00000, 0x0000000702800000| Untracked 
|   6|0x0000000702a00000, 0x0000000702c00000, 0x0000000702c00000|100%| O|  |TAMS 0x0000000702c00000, 0x0000000702a00000| Untracked 
|   7|0x0000000702c00000, 0x0000000702e00000, 0x0000000702e00000|100%| O|  |TAMS 0x0000000702e00000, 0x0000000702c00000| Untracked 
|   8|0x0000000702e00000, 0x0000000703000000, 0x0000000703000000|100%| O|  |TAMS 0x0000000703000000, 0x0000000702e00000| Untracked 
|   9|0x0000000703000000, 0x0000000703200000, 0x0000000703200000|100%| O|  |TAMS 0x0000000703200000, 0x0000000703000000| Untracked 
|  10|0x0000000703200000, 0x0000000703400000, 0x0000000703400000|100%| O|  |TAMS 0x0000000703400000, 0x0000000703200000| Untracked 
|  11|0x0000000703400000, 0x0000000703600000, 0x0000000703600000|100%| O|  |TAMS 0x0000000703600000, 0x0000000703400000| Untracked 
|  12|0x0000000703600000, 0x0000000703800000, 0x0000000703800000|100%| O|  |TAMS 0x0000000703800000, 0x0000000703600000| Untracked 
|  13|0x0000000703800000, 0x0000000703a00000, 0x0000000703a00000|100%| O|  |TAMS 0x0000000703a00000, 0x0000000703800000| Untracked 
|  14|0x0000000703a00000, 0x0000000703c00000, 0x0000000703c00000|100%| O|  |TAMS 0x0000000703bbae00, 0x0000000703a00000| Untracked 
|  15|0x0000000703c00000, 0x0000000703e00000, 0x0000000703e00000|100%| O|  |TAMS 0x0000000703c00000, 0x0000000703c00000| Untracked 
|  16|0x0000000703e00000, 0x0000000704000000, 0x0000000704000000|100%| O|  |TAMS 0x0000000703e00000, 0x0000000703e00000| Untracked 
|  17|0x0000000704000000, 0x0000000704200000, 0x0000000704200000|100%| O|  |TAMS 0x0000000704000000, 0x0000000704000000| Untracked 
|  18|0x0000000704200000, 0x0000000704400000, 0x0000000704400000|100%| O|  |TAMS 0x0000000704200000, 0x0000000704200000| Untracked 
|  19|0x0000000704400000, 0x0000000704600000, 0x0000000704600000|100%| O|  |TAMS 0x0000000704400000, 0x0000000704400000| Untracked 
|  20|0x0000000704600000, 0x0000000704800000, 0x0000000704800000|100%| O|  |TAMS 0x0000000704600000, 0x0000000704600000| Untracked 
|  21|0x0000000704800000, 0x0000000704a00000, 0x0000000704a00000|100%| O|  |TAMS 0x0000000704800000, 0x0000000704800000| Untracked 
|  22|0x0000000704a00000, 0x0000000704c00000, 0x0000000704c00000|100%| O|  |TAMS 0x0000000704a00000, 0x0000000704a00000| Untracked 
|  23|0x0000000704c00000, 0x0000000704e00000, 0x0000000704e00000|100%| O|  |TAMS 0x0000000704c00000, 0x0000000704c00000| Untracked 
|  24|0x0000000704e00000, 0x0000000705000000, 0x0000000705000000|100%| O|  |TAMS 0x0000000704e00000, 0x0000000704e00000| Untracked 
|  25|0x0000000705000000, 0x0000000705200000, 0x0000000705200000|100%| O|  |TAMS 0x0000000705000000, 0x0000000705000000| Untracked 
|  26|0x0000000705200000, 0x0000000705400000, 0x0000000705400000|100%| O|  |TAMS 0x0000000705200000, 0x0000000705200000| Untracked 
|  27|0x0000000705400000, 0x0000000705600000, 0x0000000705600000|100%| O|  |TAMS 0x0000000705400000, 0x0000000705400000| Untracked 
|  28|0x0000000705600000, 0x0000000705800000, 0x0000000705800000|100%| O|  |TAMS 0x0000000705600000, 0x0000000705600000| Untracked 
|  29|0x0000000705800000, 0x0000000705a00000, 0x0000000705a00000|100%| O|  |TAMS 0x0000000705800000, 0x0000000705800000| Untracked 
|  30|0x0000000705a00000, 0x0000000705c00000, 0x0000000705c00000|100%| O|  |TAMS 0x0000000705a00000, 0x0000000705a00000| Untracked 
|  31|0x0000000705c00000, 0x0000000705e00000, 0x0000000705e00000|100%| O|  |TAMS 0x0000000705c00000, 0x0000000705c00000| Untracked 
|  32|0x0000000705e00000, 0x0000000706000000, 0x0000000706000000|100%| O|  |TAMS 0x0000000705e00000, 0x0000000705e00000| Untracked 
|  33|0x0000000706000000, 0x0000000706200000, 0x0000000706200000|100%| O|  |TAMS 0x0000000706000000, 0x0000000706000000| Untracked 
|  34|0x0000000706200000, 0x0000000706400000, 0x0000000706400000|100%| O|  |TAMS 0x0000000706200000, 0x0000000706200000| Untracked 
|  35|0x0000000706400000, 0x0000000706600000, 0x0000000706600000|100%| O|  |TAMS 0x0000000706400000, 0x0000000706400000| Untracked 
|  36|0x0000000706600000, 0x0000000706800000, 0x0000000706800000|100%| O|  |TAMS 0x0000000706600000, 0x0000000706600000| Untracked 
|  37|0x0000000706800000, 0x0000000706a00000, 0x0000000706a00000|100%| O|  |TAMS 0x0000000706800000, 0x0000000706800000| Untracked 
|  38|0x0000000706a00000, 0x0000000706c00000, 0x0000000706c00000|100%| O|  |TAMS 0x0000000706a00000, 0x0000000706a00000| Untracked 
|  39|0x0000000706c00000, 0x0000000706e00000, 0x0000000706e00000|100%| O|  |TAMS 0x0000000706c00000, 0x0000000706c00000| Untracked 
|  40|0x0000000706e00000, 0x0000000707000000, 0x0000000707000000|100%| O|  |TAMS 0x0000000706e00000, 0x0000000706e00000| Untracked 
|  41|0x0000000707000000, 0x0000000707200000, 0x0000000707200000|100%| O|  |TAMS 0x0000000707000000, 0x0000000707000000| Untracked 
|  42|0x0000000707200000, 0x0000000707400000, 0x0000000707400000|100%| O|  |TAMS 0x0000000707200000, 0x0000000707200000| Untracked 
|  43|0x0000000707400000, 0x0000000707600000, 0x0000000707600000|100%| O|  |TAMS 0x0000000707400000, 0x0000000707400000| Untracked 
|  44|0x0000000707600000, 0x0000000707800000, 0x0000000707800000|100%| O|  |TAMS 0x0000000707600000, 0x0000000707600000| Untracked 
|  45|0x0000000707800000, 0x0000000707a00000, 0x0000000707a00000|100%| O|  |TAMS 0x0000000707800000, 0x0000000707800000| Untracked 
|  46|0x0000000707a00000, 0x0000000707c00000, 0x0000000707c00000|100%| O|  |TAMS 0x0000000707a00000, 0x0000000707a00000| Untracked 
|  47|0x0000000707c00000, 0x0000000707e00000, 0x0000000707e00000|100%| O|  |TAMS 0x0000000707c00000, 0x0000000707c00000| Untracked 
|  48|0x0000000707e00000, 0x0000000707fbfe00, 0x0000000708000000| 87%| O|  |TAMS 0x0000000707e00000, 0x0000000707e00000| Untracked 
|  49|0x0000000708000000, 0x0000000708000000, 0x0000000708200000|  0%| F|  |TAMS 0x0000000708000000, 0x0000000708000000| Untracked 
|  50|0x0000000708200000, 0x0000000708200000, 0x0000000708400000|  0%| F|  |TAMS 0x0000000708200000, 0x0000000708200000| Untracked 
|  51|0x0000000708400000, 0x0000000708400000, 0x0000000708600000|  0%| F|  |TAMS 0x0000000708400000, 0x0000000708400000| Untracked 
|  52|0x0000000708600000, 0x0000000708600000, 0x0000000708800000|  0%| F|  |TAMS 0x0000000708600000, 0x0000000708600000| Untracked 
|  53|0x0000000708800000, 0x0000000708800000, 0x0000000708a00000|  0%| F|  |TAMS 0x0000000708800000, 0x0000000708800000| Untracked 
|  54|0x0000000708a00000, 0x0000000708a00000, 0x0000000708c00000|  0%| F|  |TAMS 0x0000000708a00000, 0x0000000708a00000| Untracked 
|  55|0x0000000708c00000, 0x0000000708c00000, 0x0000000708e00000|  0%| F|  |TAMS 0x0000000708c00000, 0x0000000708c00000| Untracked 
|  56|0x0000000708e00000, 0x0000000708e00000, 0x0000000709000000|  0%| F|  |TAMS 0x0000000708e00000, 0x0000000708e00000| Untracked 
|  57|0x0000000709000000, 0x0000000709000000, 0x0000000709200000|  0%| F|  |TAMS 0x0000000709000000, 0x0000000709000000| Untracked 
|  58|0x0000000709200000, 0x0000000709200000, 0x0000000709400000|  0%| F|  |TAMS 0x0000000709200000, 0x0000000709200000| Untracked 
|  59|0x0000000709400000, 0x0000000709400000, 0x0000000709600000|  0%| F|  |TAMS 0x0000000709400000, 0x0000000709400000| Untracked 
|  60|0x0000000709600000, 0x0000000709600000, 0x0000000709800000|  0%| F|  |TAMS 0x0000000709600000, 0x0000000709600000| Untracked 
|  61|0x0000000709800000, 0x0000000709800000, 0x0000000709a00000|  0%| F|  |TAMS 0x0000000709800000, 0x0000000709800000| Untracked 
|  62|0x0000000709a00000, 0x0000000709a00000, 0x0000000709c00000|  0%| F|  |TAMS 0x0000000709a00000, 0x0000000709a00000| Untracked 
|  63|0x0000000709c00000, 0x0000000709c00000, 0x0000000709e00000|  0%| F|  |TAMS 0x0000000709c00000, 0x0000000709c00000| Untracked 
|  64|0x0000000709e00000, 0x0000000709e00000, 0x000000070a000000|  0%| F|  |TAMS 0x0000000709e00000, 0x0000000709e00000| Untracked 
|  65|0x000000070a000000, 0x000000070a000000, 0x000000070a200000|  0%| F|  |TAMS 0x000000070a000000, 0x000000070a000000| Untracked 
|  66|0x000000070a200000, 0x000000070a200000, 0x000000070a400000|  0%| F|  |TAMS 0x000000070a200000, 0x000000070a200000| Untracked 
|  67|0x000000070a400000, 0x000000070a400000, 0x000000070a600000|  0%| F|  |TAMS 0x000000070a400000, 0x000000070a400000| Untracked 
|  68|0x000000070a600000, 0x000000070a600000, 0x000000070a800000|  0%| F|  |TAMS 0x000000070a600000, 0x000000070a600000| Untracked 
|  69|0x000000070a800000, 0x000000070a800000, 0x000000070aa00000|  0%| F|  |TAMS 0x000000070a800000, 0x000000070a800000| Untracked 
|  70|0x000000070aa00000, 0x000000070aa00000, 0x000000070ac00000|  0%| F|  |TAMS 0x000000070aa00000, 0x000000070aa00000| Untracked 
|  71|0x000000070ac00000, 0x000000070ac00000, 0x000000070ae00000|  0%| F|  |TAMS 0x000000070ac00000, 0x000000070ac00000| Untracked 
|  72|0x000000070ae00000, 0x000000070ae00000, 0x000000070b000000|  0%| F|  |TAMS 0x000000070ae00000, 0x000000070ae00000| Untracked 
|  73|0x000000070b000000, 0x000000070b000000, 0x000000070b200000|  0%| F|  |TAMS 0x000000070b000000, 0x000000070b000000| Untracked 
|  74|0x000000070b200000, 0x000000070b200000, 0x000000070b400000|  0%| F|  |TAMS 0x000000070b200000, 0x000000070b200000| Untracked 
|  75|0x000000070b400000, 0x000000070b400000, 0x000000070b600000|  0%| F|  |TAMS 0x000000070b400000, 0x000000070b400000| Untracked 
|  76|0x000000070b600000, 0x000000070b600000, 0x000000070b800000|  0%| F|  |TAMS 0x000000070b600000, 0x000000070b600000| Untracked 
|  77|0x000000070b800000, 0x000000070b800000, 0x000000070ba00000|  0%| F|  |TAMS 0x000000070b800000, 0x000000070b800000| Untracked 
|  78|0x000000070ba00000, 0x000000070ba00000, 0x000000070bc00000|  0%| F|  |TAMS 0x000000070ba00000, 0x000000070ba00000| Untracked 
|  79|0x000000070bc00000, 0x000000070bc00000, 0x000000070be00000|  0%| F|  |TAMS 0x000000070bc00000, 0x000000070bc00000| Untracked 
|  80|0x000000070be00000, 0x000000070be00000, 0x000000070c000000|  0%| F|  |TAMS 0x000000070be00000, 0x000000070be00000| Untracked 
|  81|0x000000070c000000, 0x000000070c000000, 0x000000070c200000|  0%| F|  |TAMS 0x000000070c000000, 0x000000070c000000| Untracked 
|  82|0x000000070c200000, 0x000000070c200000, 0x000000070c400000|  0%| F|  |TAMS 0x000000070c200000, 0x000000070c200000| Untracked 
|  83|0x000000070c400000, 0x000000070c400000, 0x000000070c600000|  0%| F|  |TAMS 0x000000070c400000, 0x000000070c400000| Untracked 
|  84|0x000000070c600000, 0x000000070c600000, 0x000000070c800000|  0%| F|  |TAMS 0x000000070c600000, 0x000000070c600000| Untracked 
|  85|0x000000070c800000, 0x000000070c800000, 0x000000070ca00000|  0%| F|  |TAMS 0x000000070c800000, 0x000000070c800000| Untracked 
|  86|0x000000070ca00000, 0x000000070ca00000, 0x000000070cc00000|  0%| F|  |TAMS 0x000000070ca00000, 0x000000070ca00000| Untracked 
|  87|0x000000070cc00000, 0x000000070cc00000, 0x000000070ce00000|  0%| F|  |TAMS 0x000000070cc00000, 0x000000070cc00000| Untracked 
|  88|0x000000070ce00000, 0x000000070ce00000, 0x000000070d000000|  0%| F|  |TAMS 0x000000070ce00000, 0x000000070ce00000| Untracked 
|  89|0x000000070d000000, 0x000000070d000000, 0x000000070d200000|  0%| F|  |TAMS 0x000000070d000000, 0x000000070d000000| Untracked 
|  90|0x000000070d200000, 0x000000070d200000, 0x000000070d400000|  0%| F|  |TAMS 0x000000070d200000, 0x000000070d200000| Untracked 
|  91|0x000000070d400000, 0x000000070d400000, 0x000000070d600000|  0%| F|  |TAMS 0x000000070d400000, 0x000000070d400000| Untracked 
|  92|0x000000070d600000, 0x000000070d800000, 0x000000070d800000|100%| S|CS|TAMS 0x000000070d600000, 0x000000070d600000| Complete 
|  93|0x000000070d800000, 0x000000070da00000, 0x000000070da00000|100%| S|CS|TAMS 0x000000070d800000, 0x000000070d800000| Complete 
|  94|0x000000070da00000, 0x000000070dc00000, 0x000000070dc00000|100%| S|CS|TAMS 0x000000070da00000, 0x000000070da00000| Complete 
|  95|0x000000070dc00000, 0x000000070de00000, 0x000000070de00000|100%| S|CS|TAMS 0x000000070dc00000, 0x000000070dc00000| Complete 
|  96|0x000000070de00000, 0x000000070e000000, 0x000000070e000000|100%| S|CS|TAMS 0x000000070de00000, 0x000000070de00000| Complete 
|  97|0x000000070e000000, 0x000000070e200000, 0x000000070e200000|100%| S|CS|TAMS 0x000000070e000000, 0x000000070e000000| Complete 
|  98|0x000000070e200000, 0x000000070e400000, 0x000000070e400000|100%| S|CS|TAMS 0x000000070e200000, 0x000000070e200000| Complete 
|  99|0x000000070e400000, 0x000000070e600000, 0x000000070e600000|100%| S|CS|TAMS 0x000000070e400000, 0x000000070e400000| Complete 
| 100|0x000000070e600000, 0x000000070e800000, 0x000000070e800000|100%| S|CS|TAMS 0x000000070e600000, 0x000000070e600000| Complete 
| 101|0x000000070e800000, 0x000000070ea00000, 0x000000070ea00000|100%| S|CS|TAMS 0x000000070e800000, 0x000000070e800000| Complete 
| 102|0x000000070ea00000, 0x000000070ec00000, 0x000000070ec00000|100%| S|CS|TAMS 0x000000070ea00000, 0x000000070ea00000| Complete 
| 103|0x000000070ec00000, 0x000000070ee00000, 0x000000070ee00000|100%| S|CS|TAMS 0x000000070ec00000, 0x000000070ec00000| Complete 
| 104|0x000000070ee00000, 0x000000070f000000, 0x000000070f000000|100%| S|CS|TAMS 0x000000070ee00000, 0x000000070ee00000| Complete 
| 105|0x000000070f000000, 0x000000070f200000, 0x000000070f200000|100%| S|CS|TAMS 0x000000070f000000, 0x000000070f000000| Complete 
| 106|0x000000070f200000, 0x000000070f200000, 0x000000070f400000|  0%| F|  |TAMS 0x000000070f200000, 0x000000070f200000| Untracked 
| 107|0x000000070f400000, 0x000000070f400000, 0x000000070f600000|  0%| F|  |TAMS 0x000000070f400000, 0x000000070f400000| Untracked 
| 108|0x000000070f600000, 0x000000070f600000, 0x000000070f800000|  0%| F|  |TAMS 0x000000070f600000, 0x000000070f600000| Untracked 
| 109|0x000000070f800000, 0x000000070f800000, 0x000000070fa00000|  0%| F|  |TAMS 0x000000070f800000, 0x000000070f800000| Untracked 
| 110|0x000000070fa00000, 0x000000070fa00000, 0x000000070fc00000|  0%| F|  |TAMS 0x000000070fa00000, 0x000000070fa00000| Untracked 
| 111|0x000000070fc00000, 0x000000070fc00000, 0x000000070fe00000|  0%| F|  |TAMS 0x000000070fc00000, 0x000000070fc00000| Untracked 
| 112|0x000000070fe00000, 0x000000070fe00000, 0x0000000710000000|  0%| F|  |TAMS 0x000000070fe00000, 0x000000070fe00000| Untracked 
| 113|0x0000000710000000, 0x0000000710000000, 0x0000000710200000|  0%| F|  |TAMS 0x0000000710000000, 0x0000000710000000| Untracked 
| 114|0x0000000710200000, 0x0000000710200000, 0x0000000710400000|  0%| F|  |TAMS 0x0000000710200000, 0x0000000710200000| Untracked 
| 115|0x0000000710400000, 0x0000000710400000, 0x0000000710600000|  0%| F|  |TAMS 0x0000000710400000, 0x0000000710400000| Untracked 
| 116|0x0000000710600000, 0x0000000710800000, 0x0000000710800000|100%| S|CS|TAMS 0x0000000710600000, 0x0000000710600000| Complete 
| 117|0x0000000710800000, 0x0000000710a00000, 0x0000000710a00000|100%| S|CS|TAMS 0x0000000710800000, 0x0000000710800000| Complete 
| 118|0x0000000710a00000, 0x0000000710c00000, 0x0000000710c00000|100%| S|CS|TAMS 0x0000000710a00000, 0x0000000710a00000| Complete 
| 119|0x0000000710c00000, 0x0000000710e00000, 0x0000000710e00000|100%| S|CS|TAMS 0x0000000710c00000, 0x0000000710c00000| Complete 
| 120|0x0000000710e00000, 0x0000000710e00000, 0x0000000711000000|  0%| F|  |TAMS 0x0000000710e00000, 0x0000000710e00000| Untracked 
| 121|0x0000000711000000, 0x0000000711000000, 0x0000000711200000|  0%| F|  |TAMS 0x0000000711000000, 0x0000000711000000| Untracked 
| 122|0x0000000711200000, 0x0000000711200000, 0x0000000711400000|  0%| F|  |TAMS 0x0000000711200000, 0x0000000711200000| Untracked 
| 123|0x0000000711400000, 0x0000000711400000, 0x0000000711600000|  0%| F|  |TAMS 0x0000000711400000, 0x0000000711400000| Untracked 
| 124|0x0000000711600000, 0x0000000711600000, 0x0000000711800000|  0%| F|  |TAMS 0x0000000711600000, 0x0000000711600000| Untracked 
| 125|0x0000000711800000, 0x0000000711800000, 0x0000000711a00000|  0%| F|  |TAMS 0x0000000711800000, 0x0000000711800000| Untracked 
| 126|0x0000000711a00000, 0x0000000711a00000, 0x0000000711c00000|  0%| F|  |TAMS 0x0000000711a00000, 0x0000000711a00000| Untracked 
| 127|0x0000000711c00000, 0x0000000711c00000, 0x0000000711e00000|  0%| F|  |TAMS 0x0000000711c00000, 0x0000000711c00000| Untracked 
| 128|0x0000000711e00000, 0x0000000711e00000, 0x0000000712000000|  0%| F|  |TAMS 0x0000000711e00000, 0x0000000711e00000| Untracked 
| 129|0x0000000712000000, 0x0000000712000000, 0x0000000712200000|  0%| F|  |TAMS 0x0000000712000000, 0x0000000712000000| Untracked 
| 130|0x0000000712200000, 0x0000000712200000, 0x0000000712400000|  0%| F|  |TAMS 0x0000000712200000, 0x0000000712200000| Untracked 
| 131|0x0000000712400000, 0x0000000712400000, 0x0000000712600000|  0%| F|  |TAMS 0x0000000712400000, 0x0000000712400000| Untracked 
| 132|0x0000000712600000, 0x0000000712600000, 0x0000000712800000|  0%| F|  |TAMS 0x0000000712600000, 0x0000000712600000| Untracked 
| 133|0x0000000712800000, 0x0000000712800000, 0x0000000712a00000|  0%| F|  |TAMS 0x0000000712800000, 0x0000000712800000| Untracked 
| 134|0x0000000712a00000, 0x0000000712a00000, 0x0000000712c00000|  0%| F|  |TAMS 0x0000000712a00000, 0x0000000712a00000| Untracked 
| 135|0x0000000712c00000, 0x0000000712c00000, 0x0000000712e00000|  0%| F|  |TAMS 0x0000000712c00000, 0x0000000712c00000| Untracked 
| 136|0x0000000712e00000, 0x0000000712e00000, 0x0000000713000000|  0%| F|  |TAMS 0x0000000712e00000, 0x0000000712e00000| Untracked 
| 137|0x0000000713000000, 0x0000000713000000, 0x0000000713200000|  0%| F|  |TAMS 0x0000000713000000, 0x0000000713000000| Untracked 
| 138|0x0000000713200000, 0x0000000713200000, 0x0000000713400000|  0%| F|  |TAMS 0x0000000713200000, 0x0000000713200000| Untracked 
| 139|0x0000000713400000, 0x0000000713400000, 0x0000000713600000|  0%| F|  |TAMS 0x0000000713400000, 0x0000000713400000| Untracked 
| 140|0x0000000713600000, 0x0000000713600000, 0x0000000713800000|  0%| F|  |TAMS 0x0000000713600000, 0x0000000713600000| Untracked 
| 141|0x0000000713800000, 0x0000000713800000, 0x0000000713a00000|  0%| F|  |TAMS 0x0000000713800000, 0x0000000713800000| Untracked 
| 142|0x0000000713a00000, 0x0000000713a00000, 0x0000000713c00000|  0%| F|  |TAMS 0x0000000713a00000, 0x0000000713a00000| Untracked 
| 143|0x0000000713c00000, 0x0000000713c00000, 0x0000000713e00000|  0%| F|  |TAMS 0x0000000713c00000, 0x0000000713c00000| Untracked 
| 144|0x0000000713e00000, 0x0000000713e00000, 0x0000000714000000|  0%| F|  |TAMS 0x0000000713e00000, 0x0000000713e00000| Untracked 
| 145|0x0000000714000000, 0x0000000714000000, 0x0000000714200000|  0%| F|  |TAMS 0x0000000714000000, 0x0000000714000000| Untracked 
| 146|0x0000000714200000, 0x0000000714200000, 0x0000000714400000|  0%| F|  |TAMS 0x0000000714200000, 0x0000000714200000| Untracked 
| 147|0x0000000714400000, 0x0000000714400000, 0x0000000714600000|  0%| F|  |TAMS 0x0000000714400000, 0x0000000714400000| Untracked 
| 148|0x0000000714600000, 0x0000000714600000, 0x0000000714800000|  0%| F|  |TAMS 0x0000000714600000, 0x0000000714600000| Untracked 
| 149|0x0000000714800000, 0x0000000714800000, 0x0000000714a00000|  0%| F|  |TAMS 0x0000000714800000, 0x0000000714800000| Untracked 
| 150|0x0000000714a00000, 0x0000000714a00000, 0x0000000714c00000|  0%| F|  |TAMS 0x0000000714a00000, 0x0000000714a00000| Untracked 
| 151|0x0000000714c00000, 0x0000000714c00000, 0x0000000714e00000|  0%| F|  |TAMS 0x0000000714c00000, 0x0000000714c00000| Untracked 
| 152|0x0000000714e00000, 0x0000000714e00000, 0x0000000715000000|  0%| F|  |TAMS 0x0000000714e00000, 0x0000000714e00000| Untracked 
| 153|0x0000000715000000, 0x0000000715000000, 0x0000000715200000|  0%| F|  |TAMS 0x0000000715000000, 0x0000000715000000| Untracked 
| 154|0x0000000715200000, 0x0000000715200000, 0x0000000715400000|  0%| F|  |TAMS 0x0000000715200000, 0x0000000715200000| Untracked 
| 155|0x0000000715400000, 0x0000000715400000, 0x0000000715600000|  0%| F|  |TAMS 0x0000000715400000, 0x0000000715400000| Untracked 
| 156|0x0000000715600000, 0x0000000715600000, 0x0000000715800000|  0%| F|  |TAMS 0x0000000715600000, 0x0000000715600000| Untracked 
| 157|0x0000000715800000, 0x0000000715800000, 0x0000000715a00000|  0%| F|  |TAMS 0x0000000715800000, 0x0000000715800000| Untracked 
| 158|0x0000000715a00000, 0x0000000715a00000, 0x0000000715c00000|  0%| F|  |TAMS 0x0000000715a00000, 0x0000000715a00000| Untracked 
| 159|0x0000000715c00000, 0x0000000715c00000, 0x0000000715e00000|  0%| F|  |TAMS 0x0000000715c00000, 0x0000000715c00000| Untracked 
| 160|0x0000000715e00000, 0x0000000715e00000, 0x0000000716000000|  0%| F|  |TAMS 0x0000000715e00000, 0x0000000715e00000| Untracked 
| 161|0x0000000716000000, 0x0000000716000000, 0x0000000716200000|  0%| F|  |TAMS 0x0000000716000000, 0x0000000716000000| Untracked 
| 162|0x0000000716200000, 0x0000000716200000, 0x0000000716400000|  0%| F|  |TAMS 0x0000000716200000, 0x0000000716200000| Untracked 
| 163|0x0000000716400000, 0x0000000716400000, 0x0000000716600000|  0%| F|  |TAMS 0x0000000716400000, 0x0000000716400000| Untracked 
| 164|0x0000000716600000, 0x0000000716600000, 0x0000000716800000|  0%| F|  |TAMS 0x0000000716600000, 0x0000000716600000| Untracked 
| 165|0x0000000716800000, 0x0000000716800000, 0x0000000716a00000|  0%| F|  |TAMS 0x0000000716800000, 0x0000000716800000| Untracked 
| 166|0x0000000716a00000, 0x0000000716a00000, 0x0000000716c00000|  0%| F|  |TAMS 0x0000000716a00000, 0x0000000716a00000| Untracked 
| 167|0x0000000716c00000, 0x0000000716c00000, 0x0000000716e00000|  0%| F|  |TAMS 0x0000000716c00000, 0x0000000716c00000| Untracked 
| 168|0x0000000716e00000, 0x0000000716e00000, 0x0000000717000000|  0%| F|  |TAMS 0x0000000716e00000, 0x0000000716e00000| Untracked 
| 169|0x0000000717000000, 0x0000000717000000, 0x0000000717200000|  0%| F|  |TAMS 0x0000000717000000, 0x0000000717000000| Untracked 
| 170|0x0000000717200000, 0x0000000717200000, 0x0000000717400000|  0%| F|  |TAMS 0x0000000717200000, 0x0000000717200000| Untracked 
| 171|0x0000000717400000, 0x0000000717400000, 0x0000000717600000|  0%| F|  |TAMS 0x0000000717400000, 0x0000000717400000| Untracked 
| 172|0x0000000717600000, 0x0000000717600000, 0x0000000717800000|  0%| F|  |TAMS 0x0000000717600000, 0x0000000717600000| Untracked 
| 173|0x0000000717800000, 0x0000000717800000, 0x0000000717a00000|  0%| F|  |TAMS 0x0000000717800000, 0x0000000717800000| Untracked 
| 174|0x0000000717a00000, 0x0000000717a00000, 0x0000000717c00000|  0%| F|  |TAMS 0x0000000717a00000, 0x0000000717a00000| Untracked 
| 175|0x0000000717c00000, 0x0000000717c00000, 0x0000000717e00000|  0%| F|  |TAMS 0x0000000717c00000, 0x0000000717c00000| Untracked 
| 176|0x0000000717e00000, 0x0000000717e00000, 0x0000000718000000|  0%| F|  |TAMS 0x0000000717e00000, 0x0000000717e00000| Untracked 
| 177|0x0000000718000000, 0x0000000718000000, 0x0000000718200000|  0%| F|  |TAMS 0x0000000718000000, 0x0000000718000000| Untracked 
| 178|0x0000000718200000, 0x0000000718200000, 0x0000000718400000|  0%| F|  |TAMS 0x0000000718200000, 0x0000000718200000| Untracked 
| 179|0x0000000718400000, 0x0000000718400000, 0x0000000718600000|  0%| F|  |TAMS 0x0000000718400000, 0x0000000718400000| Untracked 
| 180|0x0000000718600000, 0x0000000718600000, 0x0000000718800000|  0%| F|  |TAMS 0x0000000718600000, 0x0000000718600000| Untracked 
| 181|0x0000000718800000, 0x0000000718800000, 0x0000000718a00000|  0%| F|  |TAMS 0x0000000718800000, 0x0000000718800000| Untracked 
| 182|0x0000000718a00000, 0x0000000718a00000, 0x0000000718c00000|  0%| F|  |TAMS 0x0000000718a00000, 0x0000000718a00000| Untracked 
| 183|0x0000000718c00000, 0x0000000718c00000, 0x0000000718e00000|  0%| F|  |TAMS 0x0000000718c00000, 0x0000000718c00000| Untracked 
| 184|0x0000000718e00000, 0x0000000718e00000, 0x0000000719000000|  0%| F|  |TAMS 0x0000000718e00000, 0x0000000718e00000| Untracked 
| 185|0x0000000719000000, 0x0000000719000000, 0x0000000719200000|  0%| F|  |TAMS 0x0000000719000000, 0x0000000719000000| Untracked 
| 186|0x0000000719200000, 0x0000000719200000, 0x0000000719400000|  0%| F|  |TAMS 0x0000000719200000, 0x0000000719200000| Untracked 
| 187|0x0000000719400000, 0x0000000719400000, 0x0000000719600000|  0%| F|  |TAMS 0x0000000719400000, 0x0000000719400000| Untracked 
| 188|0x0000000719600000, 0x0000000719600000, 0x0000000719800000|  0%| F|  |TAMS 0x0000000719600000, 0x0000000719600000| Untracked 
| 189|0x0000000719800000, 0x0000000719800000, 0x0000000719a00000|  0%| F|  |TAMS 0x0000000719800000, 0x0000000719800000| Untracked 
| 190|0x0000000719a00000, 0x0000000719a00000, 0x0000000719c00000|  0%| F|  |TAMS 0x0000000719a00000, 0x0000000719a00000| Untracked 
| 191|0x0000000719c00000, 0x0000000719c00000, 0x0000000719e00000|  0%| F|  |TAMS 0x0000000719c00000, 0x0000000719c00000| Untracked 
| 192|0x0000000719e00000, 0x0000000719e00000, 0x000000071a000000|  0%| F|  |TAMS 0x0000000719e00000, 0x0000000719e00000| Untracked 
| 193|0x000000071a000000, 0x000000071a000000, 0x000000071a200000|  0%| F|  |TAMS 0x000000071a000000, 0x000000071a000000| Untracked 
| 194|0x000000071a200000, 0x000000071a200000, 0x000000071a400000|  0%| F|  |TAMS 0x000000071a200000, 0x000000071a200000| Untracked 
| 195|0x000000071a400000, 0x000000071a400000, 0x000000071a600000|  0%| F|  |TAMS 0x000000071a400000, 0x000000071a400000| Untracked 
| 196|0x000000071a600000, 0x000000071a600000, 0x000000071a800000|  0%| F|  |TAMS 0x000000071a600000, 0x000000071a600000| Untracked 
| 197|0x000000071a800000, 0x000000071a800000, 0x000000071aa00000|  0%| F|  |TAMS 0x000000071a800000, 0x000000071a800000| Untracked 
| 198|0x000000071aa00000, 0x000000071aa00000, 0x000000071ac00000|  0%| F|  |TAMS 0x000000071aa00000, 0x000000071aa00000| Untracked 
| 199|0x000000071ac00000, 0x000000071ac00000, 0x000000071ae00000|  0%| F|  |TAMS 0x000000071ac00000, 0x000000071ac00000| Untracked 
| 200|0x000000071ae00000, 0x000000071ae00000, 0x000000071b000000|  0%| F|  |TAMS 0x000000071ae00000, 0x000000071ae00000| Untracked 
| 201|0x000000071b000000, 0x000000071b000000, 0x000000071b200000|  0%| F|  |TAMS 0x000000071b000000, 0x000000071b000000| Untracked 
| 202|0x000000071b200000, 0x000000071b200000, 0x000000071b400000|  0%| F|  |TAMS 0x000000071b200000, 0x000000071b200000| Untracked 
| 203|0x000000071b400000, 0x000000071b400000, 0x000000071b600000|  0%| F|  |TAMS 0x000000071b400000, 0x000000071b400000| Untracked 
| 204|0x000000071b600000, 0x000000071b600000, 0x000000071b800000|  0%| F|  |TAMS 0x000000071b600000, 0x000000071b600000| Untracked 
| 205|0x000000071b800000, 0x000000071b800000, 0x000000071ba00000|  0%| F|  |TAMS 0x000000071b800000, 0x000000071b800000| Untracked 
| 206|0x000000071ba00000, 0x000000071ba00000, 0x000000071bc00000|  0%| F|  |TAMS 0x000000071ba00000, 0x000000071ba00000| Untracked 
| 207|0x000000071bc00000, 0x000000071bc00000, 0x000000071be00000|  0%| F|  |TAMS 0x000000071bc00000, 0x000000071bc00000| Untracked 
| 208|0x000000071be00000, 0x000000071be00000, 0x000000071c000000|  0%| F|  |TAMS 0x000000071be00000, 0x000000071be00000| Untracked 
| 209|0x000000071c000000, 0x000000071c000000, 0x000000071c200000|  0%| F|  |TAMS 0x000000071c000000, 0x000000071c000000| Untracked 
| 210|0x000000071c200000, 0x000000071c200000, 0x000000071c400000|  0%| F|  |TAMS 0x000000071c200000, 0x000000071c200000| Untracked 
| 211|0x000000071c400000, 0x000000071c400000, 0x000000071c600000|  0%| F|  |TAMS 0x000000071c400000, 0x000000071c400000| Untracked 
| 212|0x000000071c600000, 0x000000071c600000, 0x000000071c800000|  0%| F|  |TAMS 0x000000071c600000, 0x000000071c600000| Untracked 
| 213|0x000000071c800000, 0x000000071c800000, 0x000000071ca00000|  0%| F|  |TAMS 0x000000071c800000, 0x000000071c800000| Untracked 
| 214|0x000000071ca00000, 0x000000071ca00000, 0x000000071cc00000|  0%| F|  |TAMS 0x000000071ca00000, 0x000000071ca00000| Untracked 
| 215|0x000000071cc00000, 0x000000071cc00000, 0x000000071ce00000|  0%| F|  |TAMS 0x000000071cc00000, 0x000000071cc00000| Untracked 
| 216|0x000000071ce00000, 0x000000071ce00000, 0x000000071d000000|  0%| F|  |TAMS 0x000000071ce00000, 0x000000071ce00000| Untracked 
| 217|0x000000071d000000, 0x000000071d000000, 0x000000071d200000|  0%| F|  |TAMS 0x000000071d000000, 0x000000071d000000| Untracked 
| 218|0x000000071d200000, 0x000000071d200000, 0x000000071d400000|  0%| F|  |TAMS 0x000000071d200000, 0x000000071d200000| Untracked 
| 219|0x000000071d400000, 0x000000071d400000, 0x000000071d600000|  0%| F|  |TAMS 0x000000071d400000, 0x000000071d400000| Untracked 
| 220|0x000000071d600000, 0x000000071d600000, 0x000000071d800000|  0%| F|  |TAMS 0x000000071d600000, 0x000000071d600000| Untracked 
| 221|0x000000071d800000, 0x000000071d800000, 0x000000071da00000|  0%| F|  |TAMS 0x000000071d800000, 0x000000071d800000| Untracked 
| 222|0x000000071da00000, 0x000000071da00000, 0x000000071dc00000|  0%| F|  |TAMS 0x000000071da00000, 0x000000071da00000| Untracked 
| 223|0x000000071dc00000, 0x000000071dc00000, 0x000000071de00000|  0%| F|  |TAMS 0x000000071dc00000, 0x000000071dc00000| Untracked 
| 224|0x000000071de00000, 0x000000071de00000, 0x000000071e000000|  0%| F|  |TAMS 0x000000071de00000, 0x000000071de00000| Untracked 
| 225|0x000000071e000000, 0x000000071e000000, 0x000000071e200000|  0%| F|  |TAMS 0x000000071e000000, 0x000000071e000000| Untracked 
| 226|0x000000071e200000, 0x000000071e200000, 0x000000071e400000|  0%| F|  |TAMS 0x000000071e200000, 0x000000071e200000| Untracked 
| 227|0x000000071e400000, 0x000000071e400000, 0x000000071e600000|  0%| F|  |TAMS 0x000000071e400000, 0x000000071e400000| Untracked 
| 228|0x000000071e600000, 0x000000071e600000, 0x000000071e800000|  0%| F|  |TAMS 0x000000071e600000, 0x000000071e600000| Untracked 
| 229|0x000000071e800000, 0x000000071e800000, 0x000000071ea00000|  0%| F|  |TAMS 0x000000071e800000, 0x000000071e800000| Untracked 
| 230|0x000000071ea00000, 0x000000071ea00000, 0x000000071ec00000|  0%| F|  |TAMS 0x000000071ea00000, 0x000000071ea00000| Untracked 
| 231|0x000000071ec00000, 0x000000071ec00000, 0x000000071ee00000|  0%| F|  |TAMS 0x000000071ec00000, 0x000000071ec00000| Untracked 
| 232|0x000000071ee00000, 0x000000071ee00000, 0x000000071f000000|  0%| F|  |TAMS 0x000000071ee00000, 0x000000071ee00000| Untracked 
| 233|0x000000071f000000, 0x000000071f000000, 0x000000071f200000|  0%| F|  |TAMS 0x000000071f000000, 0x000000071f000000| Untracked 
| 234|0x000000071f200000, 0x000000071f200000, 0x000000071f400000|  0%| F|  |TAMS 0x000000071f200000, 0x000000071f200000| Untracked 
| 235|0x000000071f400000, 0x000000071f400000, 0x000000071f600000|  0%| F|  |TAMS 0x000000071f400000, 0x000000071f400000| Untracked 
| 236|0x000000071f600000, 0x000000071f600000, 0x000000071f800000|  0%| F|  |TAMS 0x000000071f600000, 0x000000071f600000| Untracked 
| 237|0x000000071f800000, 0x000000071f800000, 0x000000071fa00000|  0%| F|  |TAMS 0x000000071f800000, 0x000000071f800000| Untracked 
| 238|0x000000071fa00000, 0x000000071fa00000, 0x000000071fc00000|  0%| F|  |TAMS 0x000000071fa00000, 0x000000071fa00000| Untracked 
| 239|0x000000071fc00000, 0x000000071fc00000, 0x000000071fe00000|  0%| F|  |TAMS 0x000000071fc00000, 0x000000071fc00000| Untracked 
| 240|0x000000071fe00000, 0x000000071fe00000, 0x0000000720000000|  0%| F|  |TAMS 0x000000071fe00000, 0x000000071fe00000| Untracked 
| 241|0x0000000720000000, 0x0000000720000000, 0x0000000720200000|  0%| F|  |TAMS 0x0000000720000000, 0x0000000720000000| Untracked 
| 242|0x0000000720200000, 0x0000000720200000, 0x0000000720400000|  0%| F|  |TAMS 0x0000000720200000, 0x0000000720200000| Untracked 
| 243|0x0000000720400000, 0x0000000720400000, 0x0000000720600000|  0%| F|  |TAMS 0x0000000720400000, 0x0000000720400000| Untracked 
| 244|0x0000000720600000, 0x0000000720600000, 0x0000000720800000|  0%| F|  |TAMS 0x0000000720600000, 0x0000000720600000| Untracked 
| 245|0x0000000720800000, 0x0000000720800000, 0x0000000720a00000|  0%| F|  |TAMS 0x0000000720800000, 0x0000000720800000| Untracked 
| 246|0x0000000720a00000, 0x0000000720a00000, 0x0000000720c00000|  0%| F|  |TAMS 0x0000000720a00000, 0x0000000720a00000| Untracked 
| 247|0x0000000720c00000, 0x0000000720c00000, 0x0000000720e00000|  0%| F|  |TAMS 0x0000000720c00000, 0x0000000720c00000| Untracked 
| 248|0x0000000720e00000, 0x0000000720e00000, 0x0000000721000000|  0%| F|  |TAMS 0x0000000720e00000, 0x0000000720e00000| Untracked 
| 249|0x0000000721000000, 0x0000000721000000, 0x0000000721200000|  0%| F|  |TAMS 0x0000000721000000, 0x0000000721000000| Untracked 
| 250|0x0000000721200000, 0x0000000721200000, 0x0000000721400000|  0%| F|  |TAMS 0x0000000721200000, 0x0000000721200000| Untracked 
| 251|0x0000000721400000, 0x0000000721400000, 0x0000000721600000|  0%| F|  |TAMS 0x0000000721400000, 0x0000000721400000| Untracked 
| 252|0x0000000721600000, 0x0000000721600000, 0x0000000721800000|  0%| F|  |TAMS 0x0000000721600000, 0x0000000721600000| Untracked 
| 253|0x0000000721800000, 0x0000000721800000, 0x0000000721a00000|  0%| F|  |TAMS 0x0000000721800000, 0x0000000721800000| Untracked 
| 254|0x0000000721a00000, 0x0000000721a00000, 0x0000000721c00000|  0%| F|  |TAMS 0x0000000721a00000, 0x0000000721a00000| Untracked 
| 255|0x0000000721c00000, 0x0000000721c00000, 0x0000000721e00000|  0%| F|  |TAMS 0x0000000721c00000, 0x0000000721c00000| Untracked 
| 256|0x0000000721e00000, 0x0000000721e00000, 0x0000000722000000|  0%| F|  |TAMS 0x0000000721e00000, 0x0000000721e00000| Untracked 
| 257|0x0000000722000000, 0x0000000722000000, 0x0000000722200000|  0%| F|  |TAMS 0x0000000722000000, 0x0000000722000000| Untracked 
| 258|0x0000000722200000, 0x0000000722200000, 0x0000000722400000|  0%| F|  |TAMS 0x0000000722200000, 0x0000000722200000| Untracked 
| 259|0x0000000722400000, 0x0000000722400000, 0x0000000722600000|  0%| F|  |TAMS 0x0000000722400000, 0x0000000722400000| Untracked 
| 260|0x0000000722600000, 0x0000000722600000, 0x0000000722800000|  0%| F|  |TAMS 0x0000000722600000, 0x0000000722600000| Untracked 
| 261|0x0000000722800000, 0x0000000722800000, 0x0000000722a00000|  0%| F|  |TAMS 0x0000000722800000, 0x0000000722800000| Untracked 
| 262|0x0000000722a00000, 0x0000000722a00000, 0x0000000722c00000|  0%| F|  |TAMS 0x0000000722a00000, 0x0000000722a00000| Untracked 
| 263|0x0000000722c00000, 0x0000000722c00000, 0x0000000722e00000|  0%| F|  |TAMS 0x0000000722c00000, 0x0000000722c00000| Untracked 
| 264|0x0000000722e00000, 0x0000000722e00000, 0x0000000723000000|  0%| F|  |TAMS 0x0000000722e00000, 0x0000000722e00000| Untracked 
| 265|0x0000000723000000, 0x0000000723000000, 0x0000000723200000|  0%| F|  |TAMS 0x0000000723000000, 0x0000000723000000| Untracked 
| 266|0x0000000723200000, 0x0000000723200000, 0x0000000723400000|  0%| F|  |TAMS 0x0000000723200000, 0x0000000723200000| Untracked 
| 267|0x0000000723400000, 0x0000000723400000, 0x0000000723600000|  0%| F|  |TAMS 0x0000000723400000, 0x0000000723400000| Untracked 
| 268|0x0000000723600000, 0x0000000723600000, 0x0000000723800000|  0%| F|  |TAMS 0x0000000723600000, 0x0000000723600000| Untracked 
| 269|0x0000000723800000, 0x0000000723800000, 0x0000000723a00000|  0%| F|  |TAMS 0x0000000723800000, 0x0000000723800000| Untracked 
| 270|0x0000000723a00000, 0x0000000723a00000, 0x0000000723c00000|  0%| F|  |TAMS 0x0000000723a00000, 0x0000000723a00000| Untracked 
| 271|0x0000000723c00000, 0x0000000723c00000, 0x0000000723e00000|  0%| F|  |TAMS 0x0000000723c00000, 0x0000000723c00000| Untracked 
| 272|0x0000000723e00000, 0x0000000723e00000, 0x0000000724000000|  0%| F|  |TAMS 0x0000000723e00000, 0x0000000723e00000| Untracked 

Card table byte_map: [0x0000027ce2fa0000,0x0000027ce37a0000] _byte_map_base: 0x0000027cdf791000

Marking Bits (Prev, Next): (CMBitMap*) 0x0000027cda887790, (CMBitMap*) 0x0000027cda8877d0
 Prev Bits: [0x0000027ce3fa0000, 0x0000027ce7f28000)
 Next Bits: [0x0000027ce7f30000, 0x0000027cebeb8000)

Polling page: 0x0000027cda5e0000

Metaspace:

Usage:
  Non-class:     33.57 MB used.
      Class:      4.86 MB used.
       Both:     38.43 MB used.

Virtual space:
  Non-class space:       40.00 MB reserved,      33.75 MB ( 84%) committed,  5 nodes.
      Class space:        1.00 GB reserved,       5.06 MB ( <1%) committed,  1 nodes.
             Both:        1.04 GB reserved,      38.81 MB (  4%) committed. 

Chunk freelists:
   Non-Class:  2.03 MB
       Class:  2.86 MB
        Both:  4.89 MB

MaxMetaspaceSize: unlimited
CompressedClassSpaceSize: 1.00 GB
Initial GC threshold: 21.00 MB
Current GC threshold: 59.19 MB
CDS: off
MetaspaceReclaimPolicy: balanced
 - commit_granule_bytes: 65536.
 - commit_granule_words: 8192.
 - virtual_space_node_default_size: 1048576.
 - enlarge_chunks_in_place: 1.
 - new_chunks_are_fully_committed: 0.
 - uncommit_free_chunks: 1.
 - use_allocation_guard: 0.
 - handle_deallocations: 1.


Internal statistics:

num_allocs_failed_limit: 8.
num_arena_births: 352.
num_arena_deaths: 0.
num_vsnodes_births: 6.
num_vsnodes_deaths: 0.
num_space_committed: 621.
num_space_uncommitted: 0.
num_chunks_returned_to_freelist: 8.
num_chunks_taken_from_freelist: 1511.
num_chunk_merges: 8.
num_chunk_splits: 1043.
num_chunks_enlarged: 811.
num_purges: 0.
num_inconsistent_stats: 0.

CodeCache: size=49152Kb used=9584Kb max_used=9584Kb free=39567Kb
 bounds [0x0000027cdec80000, 0x0000027cdf5e0000, 0x0000027ce1c80000]
 total_blobs=4480 nmethods=3945 adapters=459
 compilation: enabled
              stopped_count=0, restarted_count=0
 full_count=0

Compilation events (20 events):
Event: 2.860 Thread 0x0000027cef47f700 3939       1       jdk.internal.jimage.ImageLocation::getBase (6 bytes)
Event: 2.860 Thread 0x0000027cef687c10 nmethod 3937 0x0000027cdf5d9410 code [0x0000027cdf5d95c0, 0x0000027cdf5d98f8]
Event: 2.860 Thread 0x0000027cef47f700 nmethod 3939 0x0000027cdf5d9a10 code [0x0000027cdf5d9ba0, 0x0000027cdf5d9c88]
Event: 2.860 Thread 0x0000027cef47f700 3940       1       jdk.internal.jimage.ImageBufferCache$2::compare (13 bytes)
Event: 2.860 Thread 0x0000027cef687c10 3941       1       jdk.internal.jimage.ImageBufferCache$2::compare (28 bytes)
Event: 2.860 Thread 0x0000027cf002ce40 nmethod 3936 0x0000027cdf5d9d10 code [0x0000027cdf5d9ee0, 0x0000027cdf5da3f8]
Event: 2.860 Thread 0x0000027cef687c10 nmethod 3941 0x0000027cdf5da810 code [0x0000027cdf5da9a0, 0x0000027cdf5daad8]
Event: 2.860 Thread 0x0000027cef47f700 nmethod 3940 0x0000027cdf5dab90 code [0x0000027cdf5dad20, 0x0000027cdf5daed8]
Event: 2.860 Thread 0x0000027cef47f700 3942       1       jdk.internal.jimage.BasicImageReader::getAttributes (49 bytes)
Event: 2.860 Thread 0x0000027cf00538d0 3943       1       jdk.internal.jimage.ImageLocation::<init> (27 bytes)
Event: 2.860 Thread 0x0000027cef687c10 3944       1       jdk.internal.jimage.ImageReader$Node::getFileAttributes (5 bytes)
Event: 2.860 Thread 0x0000027cef687c10 nmethod 3944 0x0000027cdf5db010 code [0x0000027cdf5db1a0, 0x0000027cdf5db278]
Event: 2.860 Thread 0x0000027cef47f700 nmethod 3942 0x0000027cdf5db310 code [0x0000027cdf5db4e0, 0x0000027cdf5db808]
Event: 2.860 Thread 0x0000027cf00538d0 nmethod 3943 0x0000027cdf5dba10 code [0x0000027cdf5dbbc0, 0x0000027cdf5dbef8]
Event: 2.860 Thread 0x0000027cf00538d0 3945       1       jdk.internal.jimage.ImageReader$Node::isCompleted (5 bytes)
Event: 2.860 Thread 0x0000027cf00538d0 nmethod 3945 0x0000027cdf5dc010 code [0x0000027cdf5dc1a0, 0x0000027cdf5dc278]
Event: 2.860 Thread 0x0000027cf002ce40 3946  s    1       jdk.internal.jimage.ImageReader$SharedImageReader::buildRootDirectory (71 bytes)
Event: 2.860 Thread 0x0000027cef47f700 3947  s    1       jdk.internal.jimage.ImageReader$SharedImageReader::findNode (36 bytes)
Event: 2.860 Thread 0x0000027cf00538d0 3948       1       jdk.internal.jimage.ImageHeader::getTableLength (5 bytes)
Event: 2.860 Thread 0x0000027cef687c10 3949       1       jdk.internal.jimage.ImageLocation::getExtension (6 bytes)

GC Heap History (20 events):
Event: 2.064 GC heap after
{Heap after GC invocations=9 (full 0):
 garbage-first heap   total 155648K, used 40683K [0x0000000701e00000, 0x0000000800000000)
  region size 2048K, 5 young (10240K), 5 survivors (10240K)
 Metaspace       used 34540K, committed 34944K, reserved 1081344K
  class space    used 4409K, committed 4608K, reserved 1048576K
}
Event: 2.168 GC heap before
{Heap before GC invocations=9 (full 0):
 garbage-first heap   total 155648K, used 65259K [0x0000000701e00000, 0x0000000800000000)
  region size 2048K, 19 young (38912K), 5 survivors (10240K)
 Metaspace       used 35811K, committed 36096K, reserved 1081344K
  class space    used 4643K, committed 4800K, reserved 1048576K
}
Event: 2.177 GC heap after
{Heap after GC invocations=10 (full 0):
 garbage-first heap   total 155648K, used 49020K [0x0000000701e00000, 0x0000000800000000)
  region size 2048K, 4 young (8192K), 4 survivors (8192K)
 Metaspace       used 35811K, committed 36096K, reserved 1081344K
  class space    used 4643K, committed 4800K, reserved 1048576K
}
Event: 2.251 GC heap before
{Heap before GC invocations=11 (full 0):
 garbage-first heap   total 155648K, used 100220K [0x0000000701e00000, 0x0000000800000000)
  region size 2048K, 30 young (61440K), 4 survivors (8192K)
 Metaspace       used 36314K, committed 36672K, reserved 1081344K
  class space    used 4737K, committed 4928K, reserved 1048576K
}
Event: 2.272 GC heap after
{Heap after GC invocations=12 (full 0):
 garbage-first heap   total 219136K, used 59602K [0x0000000701e00000, 0x0000000800000000)
  region size 2048K, 4 young (8192K), 4 survivors (8192K)
 Metaspace       used 36314K, committed 36672K, reserved 1081344K
  class space    used 4737K, committed 4928K, reserved 1048576K
}
Event: 2.296 GC heap before
{Heap before GC invocations=12 (full 0):
 garbage-first heap   total 219136K, used 141522K [0x0000000701e00000, 0x0000000800000000)
  region size 2048K, 45 young (92160K), 4 survivors (8192K)
 Metaspace       used 36330K, committed 36672K, reserved 1081344K
  class space    used 4738K, committed 4928K, reserved 1048576K
}
Event: 2.301 GC heap after
{Heap after GC invocations=13 (full 0):
 garbage-first heap   total 219136K, used 65005K [0x0000000701e00000, 0x0000000800000000)
  region size 2048K, 3 young (6144K), 3 survivors (6144K)
 Metaspace       used 36330K, committed 36672K, reserved 1081344K
  class space    used 4738K, committed 4928K, reserved 1048576K
}
Event: 2.319 GC heap before
{Heap before GC invocations=13 (full 0):
 garbage-first heap   total 219136K, used 148973K [0x0000000701e00000, 0x0000000800000000)
  region size 2048K, 45 young (92160K), 3 survivors (6144K)
 Metaspace       used 36388K, committed 36736K, reserved 1081344K
  class space    used 4746K, committed 4928K, reserved 1048576K
}
Event: 2.322 GC heap after
{Heap after GC invocations=14 (full 0):
 garbage-first heap   total 219136K, used 67601K [0x0000000701e00000, 0x0000000800000000)
  region size 2048K, 4 young (8192K), 4 survivors (8192K)
 Metaspace       used 36388K, committed 36736K, reserved 1081344K
  class space    used 4746K, committed 4928K, reserved 1048576K
}
Event: 2.336 GC heap before
{Heap before GC invocations=14 (full 0):
 garbage-first heap   total 219136K, used 155665K [0x0000000701e00000, 0x0000000800000000)
  region size 2048K, 48 young (98304K), 4 survivors (8192K)
 Metaspace       used 36544K, committed 36864K, reserved 1081344K
  class space    used 4753K, committed 4928K, reserved 1048576K
}
Event: 2.339 GC heap after
{Heap after GC invocations=15 (full 0):
 garbage-first heap   total 219136K, used 70862K [0x0000000701e00000, 0x0000000800000000)
  region size 2048K, 4 young (8192K), 4 survivors (8192K)
 Metaspace       used 36544K, committed 36864K, reserved 1081344K
  class space    used 4753K, committed 4928K, reserved 1048576K
}
Event: 2.353 GC heap before
{Heap before GC invocations=15 (full 0):
 garbage-first heap   total 219136K, used 160974K [0x0000000701e00000, 0x0000000800000000)
  region size 2048K, 49 young (100352K), 4 survivors (8192K)
 Metaspace       used 36555K, committed 36864K, reserved 1081344K
  class space    used 4754K, committed 4928K, reserved 1048576K
}
Event: 2.358 GC heap after
{Heap after GC invocations=16 (full 0):
 garbage-first heap   total 559104K, used 74982K [0x0000000701e00000, 0x0000000800000000)
  region size 2048K, 6 young (12288K), 6 survivors (12288K)
 Metaspace       used 36555K, committed 36864K, reserved 1081344K
  class space    used 4754K, committed 4928K, reserved 1048576K
}
Event: 2.434 GC heap before
{Heap before GC invocations=16 (full 0):
 garbage-first heap   total 559104K, used 394470K [0x0000000701e00000, 0x0000000800000000)
  region size 2048K, 163 young (333824K), 6 survivors (12288K)
 Metaspace       used 36809K, committed 37120K, reserved 1081344K
  class space    used 4772K, committed 4928K, reserved 1048576K
}
Event: 2.445 GC heap after
{Heap after GC invocations=17 (full 0):
 garbage-first heap   total 559104K, used 88172K [0x0000000701e00000, 0x0000000800000000)
  region size 2048K, 12 young (24576K), 12 survivors (24576K)
 Metaspace       used 36809K, committed 37120K, reserved 1081344K
  class space    used 4772K, committed 4928K, reserved 1048576K
}
Event: 2.498 GC heap before
{Heap before GC invocations=17 (full 0):
 garbage-first heap   total 559104K, used 395372K [0x0000000701e00000, 0x0000000800000000)
  region size 2048K, 163 young (333824K), 12 survivors (24576K)
 Metaspace       used 36904K, committed 37184K, reserved 1081344K
  class space    used 4777K, committed 4928K, reserved 1048576K
}
Event: 2.509 GC heap after
{Heap after GC invocations=18 (full 0):
 garbage-first heap   total 559104K, used 99899K [0x0000000701e00000, 0x0000000800000000)
  region size 2048K, 16 young (32768K), 16 survivors (32768K)
 Metaspace       used 36904K, committed 37184K, reserved 1081344K
  class space    used 4777K, committed 4928K, reserved 1048576K
}
Event: 2.573 GC heap before
{Heap before GC invocations=18 (full 0):
 garbage-first heap   total 559104K, used 398907K [0x0000000701e00000, 0x0000000800000000)
  region size 2048K, 163 young (333824K), 16 survivors (32768K)
 Metaspace       used 37273K, committed 37632K, reserved 1089536K
  class space    used 4812K, committed 4992K, reserved 1048576K
}
Event: 2.587 GC heap after
{Heap after GC invocations=19 (full 0):
 garbage-first heap   total 559104K, used 114370K [0x0000000701e00000, 0x0000000800000000)
  region size 2048K, 14 young (28672K), 14 survivors (28672K)
 Metaspace       used 37273K, committed 37632K, reserved 1089536K
  class space    used 4812K, committed 4992K, reserved 1048576K
}
Event: 2.861 GC heap before
{Heap before GC invocations=19 (full 0):
 garbage-first heap   total 559104K, used 417474K [0x0000000701e00000, 0x0000000800000000)
  region size 2048K, 163 young (333824K), 14 survivors (28672K)
 Metaspace       used 39354K, committed 39744K, reserved 1089536K
  class space    used 4975K, committed 5184K, reserved 1048576K
}

Deoptimization events (12 events):
Event: 0.980 Thread 0x0000027cda818fb0 DEOPT PACKING pc=0x0000027cdf1e0079 sp=0x000000f369bfd290
Event: 0.980 Thread 0x0000027cda818fb0 DEOPT UNPACKING pc=0x0000027cdecd2b43 sp=0x000000f369bfc770 mode 3
Event: 1.803 Thread 0x0000027cf145e040 DEOPT PACKING pc=0x0000027cdf399b13 sp=0x000000f36bcfe420
Event: 1.803 Thread 0x0000027cf145e040 DEOPT UNPACKING pc=0x0000027cdecd2b43 sp=0x000000f36bcfd968 mode 3
Event: 1.892 Thread 0x0000027cf1666050 DEOPT PACKING pc=0x0000027cdf1df189 sp=0x000000f36cffeb70
Event: 1.892 Thread 0x0000027cf1666050 DEOPT UNPACKING pc=0x0000027cdecd2b43 sp=0x000000f36cffe000 mode 3
Event: 2.111 Thread 0x0000027cf170d0b0 DEOPT PACKING pc=0x0000027cdf5172ed sp=0x000000f36d3fd910
Event: 2.112 Thread 0x0000027cf170d0b0 DEOPT UNPACKING pc=0x0000027cdecd2b43 sp=0x000000f36d3fce28 mode 3
Event: 2.152 Thread 0x0000027cf16656b0 DEOPT PACKING pc=0x0000027cdf1dcc1f sp=0x000000f36c5ff1b0
Event: 2.152 Thread 0x0000027cf16656b0 DEOPT UNPACKING pc=0x0000027cdecd2b43 sp=0x000000f36c5fe608 mode 3
Event: 2.819 Thread 0x0000027cf170d0b0 DEOPT PACKING pc=0x0000027cdf5ccb45 sp=0x000000f36d3fc5f0
Event: 2.819 Thread 0x0000027cf170d0b0 DEOPT UNPACKING pc=0x0000027cdecd2b43 sp=0x000000f36d3fbb58 mode 3

Classes unloaded (0 events):
No events

Classes redefined (0 events):
No events

Internal exceptions (20 events):
Event: 1.825 Thread 0x0000027cf165a330 Exception <a 'sun/nio/fs/WindowsException'{0x0000000709b17a40}> (0x0000000709b17a40) 
thrown [s\src\hotspot\share\prims\jni.cpp, line 516]
Event: 1.825 Thread 0x0000027cf165a330 Exception <a 'sun/nio/fs/WindowsException'{0x0000000709b18468}> (0x0000000709b18468) 
thrown [s\src\hotspot\share\prims\jni.cpp, line 516]
Event: 1.825 Thread 0x0000027cf165a330 Exception <a 'sun/nio/fs/WindowsException'{0x0000000709b18848}> (0x0000000709b18848) 
thrown [s\src\hotspot\share\prims\jni.cpp, line 516]
Event: 1.825 Thread 0x0000027cf165a330 Exception <a 'sun/nio/fs/WindowsException'{0x0000000709b19288}> (0x0000000709b19288) 
thrown [s\src\hotspot\share\prims\jni.cpp, line 516]
Event: 1.825 Thread 0x0000027cf165a330 Exception <a 'sun/nio/fs/WindowsException'{0x0000000709b19678}> (0x0000000709b19678) 
thrown [s\src\hotspot\share\prims\jni.cpp, line 516]
Event: 1.825 Thread 0x0000027cf165a330 Exception <a 'sun/nio/fs/WindowsException'{0x0000000709b1a0d0}> (0x0000000709b1a0d0) 
thrown [s\src\hotspot\share\prims\jni.cpp, line 516]
Event: 1.825 Thread 0x0000027cf165a330 Exception <a 'sun/nio/fs/WindowsException'{0x0000000709b1a4e0}> (0x0000000709b1a4e0) 
thrown [s\src\hotspot\share\prims\jni.cpp, line 516]
Event: 1.825 Thread 0x0000027cf165a330 Exception <a 'sun/nio/fs/WindowsException'{0x0000000709b1af30}> (0x0000000709b1af30) 
thrown [s\src\hotspot\share\prims\jni.cpp, line 516]
Event: 1.825 Thread 0x0000027cf165a330 Exception <a 'sun/nio/fs/WindowsException'{0x0000000709b1b340}> (0x0000000709b1b340) 
thrown [s\src\hotspot\share\prims\jni.cpp, line 516]
Event: 1.851 Thread 0x0000027cda818fb0 Exception <a 'java/lang/NoSuchMethodError'{0x00000007095a3c80}: 'java.lang.Object java.lang.invoke.DirectMethodHandle$Holder.newInvokeSpecial(java.lang.Object, java.lang.Object, int, java.lang.Object, java.lang.Object)'> (0x00000007095a3c80) 
thrown [s\src\hotspot\share\interpreter\linkResolver.cpp, line 759]
Event: 1.854 Thread 0x0000027cda818fb0 Exception <a 'java/lang/NoSuchMethodError'{0x00000007095b5ce8}: 'java.lang.Object java.lang.invoke.DirectMethodHandle$Holder.invokeSpecial(java.lang.Object, java.lang.Object, int, java.lang.Object, int, java.lang.Object)'> (0x00000007095b5ce8) 
thrown [s\src\hotspot\share\interpreter\linkResolver.cpp, line 759]
Event: 1.854 Thread 0x0000027cda818fb0 Exception <a 'java/lang/NoSuchMethodError'{0x00000007095bdae8}: 'java.lang.Object java.lang.invoke.DirectMethodHandle$Holder.newInvokeSpecial(java.lang.Object, java.lang.Object, int, java.lang.Object, int)'> (0x00000007095bdae8) 
thrown [s\src\hotspot\share\interpreter\linkResolver.cpp, line 759]
Event: 1.854 Thread 0x0000027cda818fb0 Exception <a 'java/lang/NoSuchMethodError'{0x00000007095c1be8}: 'java.lang.Object java.lang.invoke.DirectMethodHandle$Holder.invokeSpecial(java.lang.Object, java.lang.Object, java.lang.Object, int, java.lang.Object, int)'> (0x00000007095c1be8) 
thrown [s\src\hotspot\share\interpreter\linkResolver.cpp, line 759]
Event: 2.108 Thread 0x0000027cf170b3d0 Exception <a 'java/lang/NoSuchMethodError'{0x000000070a6dafa8}: 'java.lang.Object java.lang.invoke.DirectMethodHandle$Holder.invokeStatic(java.lang.Object, java.lang.Object, java.lang.Object, int, java.lang.Object, java.lang.Object)'> (0x000000070a6dafa8) 
thrown [s\src\hotspot\share\interpreter\linkResolver.cpp, line 759]
Event: 2.109 Thread 0x0000027cf170d0b0 Exception <a 'java/lang/NoSuchMethodError'{0x000000070a7182c0}: 'java.lang.Object java.lang.invoke.DirectMethodHandle$Holder.invokeStatic(java.lang.Object, int, java.lang.Object)'> (0x000000070a7182c0) 
thrown [s\src\hotspot\share\interpreter\linkResolver.cpp, line 759]
Event: 2.194 Thread 0x0000027cf170d0b0 Exception <a 'java/lang/NoSuchMethodError'{0x000000070fec4458}: 'int java.lang.invoke.DirectMethodHandle$Holder.invokeStatic(java.lang.Object)'> (0x000000070fec4458) 
thrown [s\src\hotspot\share\interpreter\linkResolver.cpp, line 759]
Event: 2.195 Thread 0x0000027cf170d0b0 Exception <a 'java/lang/NoSuchMethodError'{0x000000070fec7b00}: 'int java.lang.invoke.DirectMethodHandle$Holder.invokeStaticInit(java.lang.Object)'> (0x000000070fec7b00) 
thrown [s\src\hotspot\share\interpreter\linkResolver.cpp, line 759]
Event: 2.789 Thread 0x0000027cf165bb00 Exception <a 'sun/nio/fs/WindowsException'{0x0000000715eadab0}> (0x0000000715eadab0) 
thrown [s\src\hotspot\share\prims\jni.cpp, line 516]
Event: 2.789 Thread 0x0000027cf165bb00 Exception <a 'sun/nio/fs/WindowsException'{0x0000000715eadea0}> (0x0000000715eadea0) 
thrown [s\src\hotspot\share\prims\jni.cpp, line 516]
Event: 2.848 Thread 0x0000027cf170d0b0 Exception <a 'java/lang/NoSuchMethodError'{0x0000000712458e60}: 'java.lang.Object java.lang.invoke.Invokers$Holder.invoke_MT(java.lang.Object, java.lang.Object, java.lang.Object)'> (0x0000000712458e60) 
thrown [s\src\hotspot\share\interpreter\linkResolver.cpp, line 759]

VM Operations (20 events):
Event: 2.353 Executing VM operation: G1CollectForAllocation done
Event: 2.353 Executing VM operation: G1CollectForAllocation
Event: 2.358 Executing VM operation: G1CollectForAllocation done
Event: 2.434 Executing VM operation: G1CollectForAllocation
Event: 2.434 Executing VM operation: G1CollectForAllocation done
Event: 2.434 Executing VM operation: G1CollectForAllocation
Event: 2.445 Executing VM operation: G1CollectForAllocation done
Event: 2.498 Executing VM operation: G1CollectForAllocation
Event: 2.498 Executing VM operation: G1CollectForAllocation done
Event: 2.498 Executing VM operation: G1CollectForAllocation
Event: 2.509 Executing VM operation: G1CollectForAllocation done
Event: 2.572 Executing VM operation: G1CollectForAllocation
Event: 2.573 Executing VM operation: G1CollectForAllocation done
Event: 2.573 Executing VM operation: G1CollectForAllocation
Event: 2.587 Executing VM operation: G1CollectForAllocation done
Event: 2.841 Executing VM operation: HandshakeAllThreads
Event: 2.841 Executing VM operation: HandshakeAllThreads done
Event: 2.842 Executing VM operation: HandshakeAllThreads
Event: 2.842 Executing VM operation: HandshakeAllThreads done
Event: 2.861 Executing VM operation: G1CollectForAllocation

Events (20 events):
Event: 2.849 loading class jdk/internal/access/foreign/UnmapperProxy
Event: 2.849 loading class jdk/internal/access/foreign/UnmapperProxy done
Event: 2.849 loading class sun/nio/ch/FileChannelImpl$Unmapper done
Event: 2.849 loading class sun/nio/ch/FileChannelImpl$DefaultUnmapper done
Event: 2.849 loading class sun/nio/ch/Util$4
Event: 2.849 loading class sun/nio/ch/Util$4 done
Event: 2.849 loading class jdk/internal/access/foreign/MemorySegmentProxy
Event: 2.849 loading class jdk/internal/access/foreign/MemorySegmentProxy done
Event: 2.850 loading class java/io/UTFDataFormatException
Event: 2.850 loading class java/io/UTFDataFormatException done
Event: 2.851 loading class java/nio/file/ClosedDirectoryStreamException
Event: 2.851 loading class java/nio/file/ClosedDirectoryStreamException done
Event: 2.851 loading class jdk/internal/jrtfs/JrtFileSystem
Event: 2.851 loading class jdk/internal/jrtfs/JrtFileSystem done
Event: 2.851 loading class jdk/internal/jrtfs/JrtPath
Event: 2.852 loading class jdk/internal/jrtfs/JrtPath done
Event: 2.853 loading class java/nio/file/FileVisitOption
Event: 2.853 loading class java/nio/file/FileVisitOption done
Event: 2.854 loading class java/nio/file/FileTreeWalker
Event: 2.854 loading class java/nio/file/FileTreeWalker done


Dynamic libraries:
0x00007ff765800000 - 0x00007ff76580e000 	c:\Users\Jose Maria\.vscode\extensions\redhat.java-1.11.0-win32-x64\jre\17.0.4.1-win32-x86_64\bin\java.exe
0x00007ffbb5410000 - 0x00007ffbb5608000 	C:\WINDOWS\SYSTEM32\ntdll.dll
0x00007ffbb3d70000 - 0x00007ffbb3e2d000 	C:\WINDOWS\System32\KERNEL32.DLL
0x00007ffbb3050000 - 0x00007ffbb3322000 	C:\WINDOWS\System32\KERNELBASE.dll
0x00007ffbb2f50000 - 0x00007ffbb3050000 	C:\WINDOWS\System32\ucrtbase.dll
0x00007ffba27c0000 - 0x00007ffba27d8000 	c:\Users\Jose Maria\.vscode\extensions\redhat.java-1.11.0-win32-x64\jre\17.0.4.1-win32-x86_64\bin\jli.dll
0x00007ffb9d330000 - 0x00007ffb9d349000 	c:\Users\Jose Maria\.vscode\extensions\redhat.java-1.11.0-win32-x64\jre\17.0.4.1-win32-x86_64\bin\VCRUNTIME140.dll
0x00007ffbb4950000 - 0x00007ffbb4aed000 	C:\WINDOWS\System32\USER32.dll
0x00007ffb9f840000 - 0x00007ffb9fada000 	C:\WINDOWS\WinSxS\amd64_microsoft.windows.common-controls_6595b64144ccf1df_6.0.19041.1110_none_60b5254171f9507e\COMCTL32.dll
0x00007ffbb3440000 - 0x00007ffbb3462000 	C:\WINDOWS\System32\win32u.dll
0x00007ffbb4b10000 - 0x00007ffbb4b3b000 	C:\WINDOWS\System32\GDI32.dll
0x00007ffbb3f90000 - 0x00007ffbb402e000 	C:\WINDOWS\System32\msvcrt.dll
0x00007ffbb3330000 - 0x00007ffbb343f000 	C:\WINDOWS\System32\gdi32full.dll
0x00007ffbb2e80000 - 0x00007ffbb2f1d000 	C:\WINDOWS\System32\msvcp_win.dll
0x00007ffbb4030000 - 0x00007ffbb4060000 	C:\WINDOWS\System32\IMM32.DLL
0x00007ffbac3f0000 - 0x00007ffbac3fc000 	c:\Users\Jose Maria\.vscode\extensions\redhat.java-1.11.0-win32-x64\jre\17.0.4.1-win32-x86_64\bin\vcruntime140_1.dll
0x00007ffb76ff0000 - 0x00007ffb77081000 	c:\Users\Jose Maria\.vscode\extensions\redhat.java-1.11.0-win32-x64\jre\17.0.4.1-win32-x86_64\bin\msvcp140.dll
0x00007ffb1c4d0000 - 0x00007ffb1d116000 	c:\Users\Jose Maria\.vscode\extensions\redhat.java-1.11.0-win32-x64\jre\17.0.4.1-win32-x86_64\bin\server\jvm.dll
0x00007ffbb3c30000 - 0x00007ffbb3cde000 	C:\WINDOWS\System32\ADVAPI32.dll
0x00007ffbb3e40000 - 0x00007ffbb3edc000 	C:\WINDOWS\System32\sechost.dll
0x00007ffbb47b0000 - 0x00007ffbb48d5000 	C:\WINDOWS\System32\RPCRT4.dll
0x00007ffbb4940000 - 0x00007ffbb4948000 	C:\WINDOWS\System32\PSAPI.DLL
0x00007ffbad080000 - 0x00007ffbad08a000 	C:\WINDOWS\SYSTEM32\VERSION.dll
0x00007ffbaadd0000 - 0x00007ffbaadd9000 	C:\WINDOWS\SYSTEM32\WSOCK32.dll
0x00007ffbac650000 - 0x00007ffbac677000 	C:\WINDOWS\SYSTEM32\WINMM.dll
0x00007ffbb4b40000 - 0x00007ffbb4bab000 	C:\WINDOWS\System32\WS2_32.dll
0x00007ffbb09d0000 - 0x00007ffbb09e2000 	C:\WINDOWS\SYSTEM32\kernel.appcore.dll
0x00007ffbac430000 - 0x00007ffbac43a000 	c:\Users\Jose Maria\.vscode\extensions\redhat.java-1.11.0-win32-x64\jre\17.0.4.1-win32-x86_64\bin\jimage.dll
0x00007ffba9e70000 - 0x00007ffbaa054000 	C:\WINDOWS\SYSTEM32\DBGHELP.DLL
0x00007ffba9e40000 - 0x00007ffba9e6c000 	C:\WINDOWS\SYSTEM32\dbgcore.DLL
0x00007ffbb2c20000 - 0x00007ffbb2ca2000 	C:\WINDOWS\System32\bcryptPrimitives.dll
0x00007ffb902f0000 - 0x00007ffb90315000 	c:\Users\Jose Maria\.vscode\extensions\redhat.java-1.11.0-win32-x64\jre\17.0.4.1-win32-x86_64\bin\java.dll
0x00007ffb9c6b0000 - 0x00007ffb9c6c8000 	c:\Users\Jose Maria\.vscode\extensions\redhat.java-1.11.0-win32-x64\jre\17.0.4.1-win32-x86_64\bin\zip.dll
0x00007ffbb34d0000 - 0x00007ffbb3c13000 	C:\WINDOWS\System32\SHELL32.dll
0x00007ffbb0bc0000 - 0x00007ffbb1351000 	C:\WINDOWS\SYSTEM32\windows.storage.dll
0x00007ffbb5070000 - 0x00007ffbb53c4000 	C:\WINDOWS\System32\combase.dll
0x00007ffbb24a0000 - 0x00007ffbb24d0000 	C:\WINDOWS\SYSTEM32\Wldp.dll
0x00007ffbb3ee0000 - 0x00007ffbb3f8d000 	C:\WINDOWS\System32\SHCORE.dll
0x00007ffbb4dc0000 - 0x00007ffbb4e15000 	C:\WINDOWS\System32\shlwapi.dll
0x00007ffbb2a60000 - 0x00007ffbb2a7f000 	C:\WINDOWS\SYSTEM32\profapi.dll
0x00007ffb9cfa0000 - 0x00007ffb9cfb9000 	C:\Users\Jose Maria\.vscode\extensions\redhat.java-1.11.0-win32-x64\jre\17.0.4.1-win32-x86_64\bin\net.dll
0x00007ffba8560000 - 0x00007ffba866d000 	C:\WINDOWS\SYSTEM32\WINHTTP.dll
0x00007ffbb2200000 - 0x00007ffbb226a000 	C:\WINDOWS\system32\mswsock.dll
0x00007ffb989e0000 - 0x00007ffb989f5000 	C:\Users\Jose Maria\.vscode\extensions\redhat.java-1.11.0-win32-x64\jre\17.0.4.1-win32-x86_64\bin\nio.dll
0x00007ffbac320000 - 0x00007ffbac330000 	c:\Users\Jose Maria\.vscode\extensions\redhat.java-1.11.0-win32-x64\jre\17.0.4.1-win32-x86_64\bin\verify.dll
0x00007ffbac210000 - 0x00007ffbac219000 	C:\Users\Jose Maria\.vscode\extensions\redhat.java-1.11.0-win32-x64\jre\17.0.4.1-win32-x86_64\bin\management.dll
0x00007ffbaa740000 - 0x00007ffbaa74b000 	C:\Users\Jose Maria\.vscode\extensions\redhat.java-1.11.0-win32-x64\jre\17.0.4.1-win32-x86_64\bin\management_ext.dll
0x00007ffbaa970000 - 0x00007ffbaa987000 	C:\WINDOWS\system32\napinsp.dll
0x00007ffbaa840000 - 0x00007ffbaa85b000 	C:\WINDOWS\system32\pnrpnsp.dll
0x00007ffbade20000 - 0x00007ffbade35000 	C:\WINDOWS\system32\wshbth.dll
0x00007ffbabfc0000 - 0x00007ffbabfdd000 	C:\WINDOWS\system32\NLAapi.dll
0x00007ffbb1ef0000 - 0x00007ffbb1f2b000 	C:\WINDOWS\SYSTEM32\IPHLPAPI.DLL
0x00007ffbb1f30000 - 0x00007ffbb1ffa000 	C:\WINDOWS\SYSTEM32\DNSAPI.dll
0x00007ffbb3e30000 - 0x00007ffbb3e38000 	C:\WINDOWS\System32\NSI.dll
0x00007ffbaa890000 - 0x00007ffbaa8a2000 	C:\WINDOWS\System32\winrnr.dll
0x00007ffbaa880000 - 0x00007ffbaa88a000 	C:\Windows\System32\rasadhlp.dll
0x00007ffbaa4e0000 - 0x00007ffbaa560000 	C:\WINDOWS\System32\fwpuclnt.dll
0x00007ffbb2f20000 - 0x00007ffbb2f47000 	C:\WINDOWS\System32\bcrypt.dll
0x00007ffbb23f0000 - 0x00007ffbb2408000 	C:\WINDOWS\SYSTEM32\CRYPTSP.dll
0x00007ffbb1b20000 - 0x00007ffbb1b54000 	C:\WINDOWS\system32\rsaenh.dll
0x00007ffbb29e0000 - 0x00007ffbb2a0e000 	C:\WINDOWS\SYSTEM32\USERENV.dll
0x00007ffbb2410000 - 0x00007ffbb241c000 	C:\WINDOWS\SYSTEM32\CRYPTBASE.dll
0x00007ffbaa8f0000 - 0x00007ffbaa907000 	C:\WINDOWS\SYSTEM32\dhcpcsvc6.DLL
0x00007ffbaabb0000 - 0x00007ffbaabcd000 	C:\WINDOWS\SYSTEM32\dhcpcsvc.DLL

dbghelp: loaded successfully - version: 4.0.5 - missing functions: none
symbol engine: initialized successfully - sym options: 0x614 - pdb path: .;c:\Users\Jose Maria\.vscode\extensions\redhat.java-1.11.0-win32-x64\jre\17.0.4.1-win32-x86_64\bin;C:\WINDOWS\SYSTEM32;C:\WINDOWS\WinSxS\amd64_microsoft.windows.common-controls_6595b64144ccf1df_6.0.19041.1110_none_60b5254171f9507e;c:\Users\Jose Maria\.vscode\extensions\redhat.java-1.11.0-win32-x64\jre\17.0.4.1-win32-x86_64\bin\server

VM Arguments:
jvm_args: -Dsts.lsp.client=vscode -Dsts.log.file=/dev/null -XX:TieredStopAtLevel=1 -Xlog:jni+resolve=off -Dspring.config.location=file:c:\Users\Jose Maria\.vscode\extensions\pivotal.vscode-spring-boot-1.39.0\language-server\BOOT-INF\classes\application.properties 
java_command: org.springframework.ide.vscode.boot.app.BootLanguageServerBootApp
java_class_path (initial): c:\Users\Jose Maria\.vscode\extensions\pivotal.vscode-spring-boot-1.39.0\language-server\BOOT-INF\classes;c:\Users\Jose Maria\.vscode\extensions\pivotal.vscode-spring-boot-1.39.0\language-server\BOOT-INF\lib\annotations-23.0.0.jar;c:\Users\Jose Maria\.vscode\extensions\pivotal.vscode-spring-boot-1.39.0\language-server\BOOT-INF\lib\antlr-runtime-3.5.2.jar;c:\Users\Jose Maria\.vscode\extensions\pivotal.vscode-spring-boot-1.39.0\language-server\BOOT-INF\lib\antlr4-4.9.3.jar;c:\Users\Jose Maria\.vscode\extensions\pivotal.vscode-spring-boot-1.39.0\language-server\BOOT-INF\lib\antlr4-runtime-4.9.3.jar;c:\Users\Jose Maria\.vscode\extensions\pivotal.vscode-spring-boot-1.39.0\language-server\BOOT-INF\lib\asm-9.3.jar;c:\Users\Jose Maria\.vscode\extensions\pivotal.vscode-spring-boot-1.39.0\language-server\BOOT-INF\lib\asm-analysis-9.3.jar;c:\Users\Jose Maria\.vscode\extensions\pivotal.vscode-spring-boot-1.39.0\language-server\BOOT-INF\lib\asm-tree-9.3.jar;c:\Users\Jose Maria\.vscode\extensions\pivotal.vscode-spring-boot-1.39.0\language-server\BOOT-INF\lib\asm-util-9.3.jar;c:\Users\Jose Maria\.vscode\extensions\pivotal.vscode-spring-boot-1.39.0\language-server\BOOT-INF\lib\byte-buddy-1.12.13.jar;c:\Users\Jose Maria\.vscode\extensions\pivotal.vscode-spring-boot-1.39.0\language-server\BOOT-INF\lib\caffeine-2.9.3.jar;c:\Users\Jose Maria\.vscode\extensions\pivotal.vscode-spring-boot-1.39.0\language-server\BOOT-INF\lib\checker-qual-3.12.0.jar;c:\Users\Jose Maria\.vscode\extensions\pivotal.vscode-spring-boot-1.39.0\language-server\BOOT-INF\lib\classgraph-4.8.149.jar;c:\Users\Jose Maria\.vscode\extensions\pivotal.vscode-spring-boot-1.39.0\language-server\BOOT-INF\lib\commons-codec-1.15.jar;c:\Users\Jose Maria\.vscode\extensions\pivotal.vscode-spring-boot-1.39.0\language-server\BOOT-INF\lib\commons-compress-1.21.jar;c:\Users\Jose Maria\.vscode\extensions\pivotal.vscode-spring-boot-1.39.0\language-server\BOOT-INF\lib\commons-exec-1.3.jar;c:\Users\Jose Maria\
Launcher Type: SUN_STANDARD

[Global flags]
     intx CICompilerCount                          = 4                                         {product} {ergonomic}
     uint ConcGCThreads                            = 3                                         {product} {ergonomic}
     uint G1ConcRefinementThreads                  = 10                                        {product} {ergonomic}
   size_t G1HeapRegionSize                         = 2097152                                   {product} {ergonomic}
    uintx GCDrainStackTargetSize                   = 64                                        {product} {ergonomic}
   size_t InitialHeapSize                          = 268435456                                 {product} {ergonomic}
   size_t MarkStackSize                            = 4194304                                   {product} {ergonomic}
   size_t MaxHeapSize                              = 4263510016                                {product} {ergonomic}
   size_t MaxNewSize                               = 2556428288                                {product} {ergonomic}
   size_t MinHeapDeltaBytes                        = 2097152                                   {product} {ergonomic}
   size_t MinHeapSize                              = 8388608                                   {product} {ergonomic}
    uintx NonProfiledCodeHeapSize                  = 0                                      {pd product} {ergonomic}
     bool ProfileInterpreter                       = false                                  {pd product} {command line}
    uintx ProfiledCodeHeapSize                     = 0                                      {pd product} {ergonomic}
   size_t SoftMaxHeapSize                          = 4263510016                             {manageable} {ergonomic}
     intx TieredStopAtLevel                        = 1                                         {product} {command line}
     bool UseCompressedClassPointers               = true                           {product lp64_product} {ergonomic}
     bool UseCompressedOops                        = true                           {product lp64_product} {ergonomic}
     bool UseG1GC                                  = true                                      {product} {ergonomic}
     bool UseLargePagesIndividualAllocation        = false                                  {pd product} {ergonomic}

Logging:
Log output configuration:
 #0: stdout all=warning,jni+resolve=off uptime,level,tags
 #1: stderr all=off uptime,level,tags

Environment Variables:
JAVA_HOME=C:\Program Files\Java\jdk-16.0.2
PATH=C:\gurobi950\win64\bin;C:\Program Files\Common Files\Oracle\Java\javapath;C:\Program Files (x86)\Common Files\Oracle\Java\javapath;C:\WINDOWS\system32;C:\WINDOWS;C:\WINDOWS\System32\Wbem;C:\WINDOWS\System32\WindowsPowerShell\v1.0\;C:\WINDOWS\System32\OpenSSH\;C:\Program Files (x86)\Calibre2\;C:\Program Files\Calibre2\;C:\Program Files\AutoFirma\AutoFirma;C:\Program Files\Csound6_x64\bin;C:\Program Files (x86)\NVIDIA Corporation\PhysX\Common;C:\WINDOWS\system32;C:\WINDOWS;C:\WINDOWS\System32\Wbem;C:\WINDOWS\System32\WindowsPowerShell\v1.0\;C:\WINDOWS\System32\OpenSSH\;C:\Program Files\AutoFirmaJA\AutoFirmaJA;C:\Program Files\nodejs\;C:\Program Files\Git\cmd;C:\Users\Jose Maria\AppData\Local\Programs\Python\Python38-32\Scripts\;C:\Users\Jose Maria\AppData\Local\Programs\Python\Python38-32\;C:\Users\Jose Maria\AppData\Local\Microsoft\WindowsApps;C:\Users\Jose Maria\AppData\Roaming\npm;C:\Users\Jose Maria\AppData\Local\Programs\Microsoft VS Code\bin;F:\2 Ing. Soft\Web crawler\SeleniumWebDrivers;C:\Program Files\nodejs;F:\3 Ing. Soft\Diseo y pruebas 1\Prcticas\SW\apache-maven-3.8.6-bin\bin;
USERNAME=Jose Maria
OS=Windows_NT
PROCESSOR_IDENTIFIER=Intel64 Family 6 Model 158 Stepping 10, GenuineIntel
TMP=C:\Users\Jose Maria\AppData\Roaming\Local\Temp
TEMP=C:\Users\Jose Maria\AppData\Roaming\Local\Temp



---------------  S Y S T E M  ---------------

OS:
 Windows 10 , 64 bit Build 19041 (10.0.19041.1889)
OS uptime: 0 days 4:00 hours

CPU: total 12 (initial active 12) (6 cores per cpu, 2 threads per core) family 6 model 158 stepping 10 microcode 0xb4, cx8, cmov, fxsr, ht, mmx, 3dnowpref, sse, sse2, sse3, ssse3, sse4.1, sse4.2, popcnt, lzcnt, tsc, tscinvbit, avx, avx2, aes, erms, clmul, bmi1, bmi2, adx, fma, vzeroupper, clflush, clflushopt

Memory: 4k page, system-wide physical 16257M (4980M free)
TotalPageFile size 16257M (AvailPageFile size 242M)
current process WorkingSet (physical memory assigned to process): 694M, peak: 694M
current process commit charge ("private bytes"): 715M, peak: 1449M

vm_info: OpenJDK 64-Bit Server VM (17.0.4.1+1) for windows-amd64 JRE (17.0.4.1+1), built on Aug 17 2022 07:42:43 by "temurin" with MS VC++ 16.7 (VS2019)

END.
