#
# There is insufficient memory for the Java Runtime Environment to continue.
# Native memory allocation (malloc) failed to allocate 133776 bytes for Chunk::new
# Possible reasons:
#   The system is out of physical RAM or swap space
#   The process is running with CompressedOops enabled, and the Java Heap may be blocking the growth of the native heap
# Possible solutions:
#   Reduce memory load on the system
#   Increase physical memory or swap space
#   Check if swap backing store is full
#   Decrease Java heap size (-Xmx/-Xms)
#   Decrease number of Java threads
#   Decrease Java thread stack sizes (-Xss)
#   Set larger code cache with -XX:ReservedCodeCacheSize=
#   JVM is running with Unscaled Compressed Oops mode in which the Java heap is
#     placed in the first 4GB address space. The Java Heap base address is the
#     maximum limit for the native heap growth. Please use -XX:HeapBaseMinAddress
#     to set the Java Heap base and to place the Java Heap above 4GB virtual address.
# This output file may be truncated or incomplete.
#
#  Out of Memory Error (arena.cpp:189), pid=15812, tid=11236
#
# JRE version: OpenJDK Runtime Environment Temurin-17.0.4.1+1 (17.0.4.1+1) (build 17.0.4.1+1)
# Java VM: OpenJDK 64-Bit Server VM Temurin-17.0.4.1+1 (17.0.4.1+1, mixed mode, tiered, compressed oops, compressed class ptrs, parallel gc, windows-amd64)
# No core dump will be written. Minidumps are not enabled by default on client versions of Windows
#

---------------  S U M M A R Y ------------

Command Line: --add-modules=ALL-SYSTEM --add-opens=java.base/java.util=ALL-UNNAMED --add-opens=java.base/java.lang=ALL-UNNAMED --add-opens=java.base/sun.nio.fs=ALL-UNNAMED -Declipse.application=org.eclipse.jdt.ls.core.id1 -Dosgi.bundles.defaultStartLevel=4 -Declipse.product=org.eclipse.jdt.ls.core.product -Djava.import.generatesMetadataFilesAtProjectRoot=false -Dfile.encoding=utf8 -DwatchParentProcess=false -XX:+UseParallelGC -XX:GCTimeRatio=4 -XX:AdaptiveSizePolicyWeight=90 -Dsun.zip.disableMemoryMapping=true -Xmx1G -Xms100m -Xlog:jni+resolve=off -javaagent:c:\Users\Jose Maria\.vscode\extensions\redhat.java-1.11.0-win32-x64\lombok\lombok-1.18.24.jar -XX:+HeapDumpOnOutOfMemoryError -XX:HeapDumpPath=c:\Users\Jose Maria\AppData\Roaming\Code\User\workspaceStorage\f80d5f4d2c192865a501c3cc3039f30c\redhat.java c:\Users\Jose Maria\.vscode\extensions\redhat.java-1.11.0-win32-x64\server\plugins\org.eclipse.equinox.launcher_1.6.400.v20210924-0641.jar -configuration c:\Users\Jose Maria\AppData\Roaming\Code\User\globalStorage\redhat.java\1.11.0\config_win -data c:\Users\Jose Maria\AppData\Roaming\Code\User\workspaceStorage\f80d5f4d2c192865a501c3cc3039f30c\redhat.java\jdt_ws

Host: Intel(R) Core(TM) i7-8750H CPU @ 2.20GHz, 12 cores, 15G,  Windows 10 , 64 bit Build 19041 (10.0.19041.1889)
Time: Wed Oct 12 17:00:55 2022 Hora de verano romance elapsed time: 432.418297 seconds (0d 0h 7m 12s)

---------------  T H R E A D  ---------------

Current thread (0x0000025592ce57a0):  JavaThread "C2 CompilerThread0" daemon [_thread_in_native, id=11236, stack(0x00000066c6700000,0x00000066c6800000)]


Current CompileTask:
C2: 432418 14692 %     4       sun.security.provider.HashDrbg::addBytes @ 33 (130 bytes)

Stack: [0x00000066c6700000,0x00000066c6800000]
Native frames: (J=compiled Java code, j=interpreted, Vv=VM code, C=native code)
V  [jvm.dll+0x67731a]
V  [jvm.dll+0x832284]
V  [jvm.dll+0x833a2e]
V  [jvm.dll+0x834093]
V  [jvm.dll+0x245775]
V  [jvm.dll+0xabd7b]
V  [jvm.dll+0xac30c]
V  [jvm.dll+0x363a42]
V  [jvm.dll+0x32e011]
V  [jvm.dll+0x32d4ba]
V  [jvm.dll+0x218681]
V  [jvm.dll+0x217aa1]
V  [jvm.dll+0x1a3f8d]
V  [jvm.dll+0x227498]
V  [jvm.dll+0x2255e5]
V  [jvm.dll+0x7e7e9b]
V  [jvm.dll+0x7e240a]
V  [jvm.dll+0x6761a5]
C  [ucrtbase.dll+0x21bb2]
C  [KERNEL32.DLL+0x17034]
C  [ntdll.dll+0x526a1]


---------------  P R O C E S S  ---------------

Threads class SMR info:
_java_thread_list=0x000002559a9b6b60, length=33, elements={
0x00000255fc6b74f0, 0x00000255ff544440, 0x00000255ff5477a0, 0x0000025592cae8c0,
0x0000025592cb1280, 0x0000025592cb1c30, 0x0000025592cb3d90, 0x0000025592ce57a0,
0x0000025592ce60a0, 0x00000255ff54bfc0, 0x0000025592cf8420, 0x0000025592febff0,
0x0000025594830120, 0x0000025595564ef0, 0x0000025595565810, 0x00000255958742c0,
0x00000255957f7d70, 0x00000255957f5fd0, 0x0000025595b34da0, 0x0000025595b35740,
0x0000025595b35c10, 0x00000255958c6990, 0x00000255958c4cb0, 0x0000025595b360e0,
0x000002559afdeca0, 0x000002559afde300, 0x000002559afe17f0, 0x000002559afdf170,
0x000002559afe1cc0, 0x000002559afdb2e0, 0x000002559afdfb10, 0x000002559afe0e50,
0x000002559afdffe0
}

Java Threads: ( => current thread )
  0x00000255fc6b74f0 JavaThread "main" [_thread_blocked, id=10136, stack(0x00000066c5e00000,0x00000066c5f00000)]
  0x00000255ff544440 JavaThread "Reference Handler" daemon [_thread_blocked, id=6708, stack(0x00000066c6100000,0x00000066c6200000)]
  0x00000255ff5477a0 JavaThread "Finalizer" daemon [_thread_blocked, id=12528, stack(0x00000066c6200000,0x00000066c6300000)]
  0x0000025592cae8c0 JavaThread "Signal Dispatcher" daemon [_thread_blocked, id=9840, stack(0x00000066c6300000,0x00000066c6400000)]
  0x0000025592cb1280 JavaThread "Attach Listener" daemon [_thread_blocked, id=2648, stack(0x00000066c6400000,0x00000066c6500000)]
  0x0000025592cb1c30 JavaThread "Service Thread" daemon [_thread_blocked, id=3972, stack(0x00000066c6500000,0x00000066c6600000)]
  0x0000025592cb3d90 JavaThread "Monitor Deflation Thread" daemon [_thread_blocked, id=5236, stack(0x00000066c6600000,0x00000066c6700000)]
=>0x0000025592ce57a0 JavaThread "C2 CompilerThread0" daemon [_thread_in_native, id=11236, stack(0x00000066c6700000,0x00000066c6800000)]
  0x0000025592ce60a0 JavaThread "C1 CompilerThread0" daemon [_thread_blocked, id=17008, stack(0x00000066c6800000,0x00000066c6900000)]
  0x00000255ff54bfc0 JavaThread "Sweeper thread" daemon [_thread_blocked, id=9148, stack(0x00000066c6900000,0x00000066c6a00000)]
  0x0000025592cf8420 JavaThread "Common-Cleaner" daemon [_thread_blocked, id=4164, stack(0x00000066c6a00000,0x00000066c6b00000)]
  0x0000025592febff0 JavaThread "Notification Thread" daemon [_thread_blocked, id=11132, stack(0x00000066c6c00000,0x00000066c6d00000)]
  0x0000025594830120 JavaThread "Active Thread: Equinox Container: 98e48216-3f69-46e2-904f-c330b7bce0fa" [_thread_blocked, id=15308, stack(0x00000066c7400000,0x00000066c7500000)]
  0x0000025595564ef0 JavaThread "Framework Event Dispatcher: Equinox Container: 98e48216-3f69-46e2-904f-c330b7bce0fa" daemon [_thread_blocked, id=7540, stack(0x00000066c6b00000,0x00000066c6c00000)]
  0x0000025595565810 JavaThread "Start Level: Equinox Container: 98e48216-3f69-46e2-904f-c330b7bce0fa" daemon [_thread_blocked, id=6172, stack(0x00000066c7300000,0x00000066c7400000)]
  0x00000255958742c0 JavaThread "SCR Component Actor" daemon [_thread_blocked, id=2632, stack(0x00000066c7500000,0x00000066c7600000)]
  0x00000255957f7d70 JavaThread "Bundle File Closer" daemon [_thread_blocked, id=16256, stack(0x00000066c7900000,0x00000066c7a00000)]
  0x00000255957f5fd0 JavaThread "Worker-JM" [_thread_blocked, id=16536, stack(0x00000066c7c00000,0x00000066c7d00000)]
  0x0000025595b34da0 JavaThread "Java indexing" daemon [_thread_blocked, id=17276, stack(0x00000066c8100000,0x00000066c8200000)]
  0x0000025595b35740 JavaThread "pool-1-thread-1" [_thread_in_native, id=6104, stack(0x00000066c8200000,0x00000066c8300000)]
  0x0000025595b35c10 JavaThread "Refresh Thread: Equinox Container: 98e48216-3f69-46e2-904f-c330b7bce0fa" daemon [_thread_blocked, id=3284, stack(0x00000066c8500000,0x00000066c8600000)]
  0x00000255958c6990 JavaThread "JGit-WorkQueue" daemon [_thread_blocked, id=13796, stack(0x00000066c7f00000,0x00000066c8000000)]
  0x00000255958c4cb0 JavaThread "ForkJoinPool.commonPool-worker-3" daemon [_thread_blocked, id=16392, stack(0x00000066c8c00000,0x00000066c8d00000)]
  0x0000025595b360e0 JavaThread "ForkJoinPool.commonPool-worker-4" daemon [_thread_blocked, id=16772, stack(0x00000066c8d00000,0x00000066c8e00000)]
  0x000002559afdeca0 JavaThread "ForkJoinPool.commonPool-worker-7" daemon [_thread_blocked, id=11900, stack(0x00000066c5b00000,0x00000066c5c00000)]
  0x000002559afde300 JavaThread "ForkJoinPool.commonPool-worker-8" daemon [_thread_blocked, id=13844, stack(0x00000066c5c00000,0x00000066c5d00000)]
  0x000002559afe17f0 JavaThread "ForkJoinPool.commonPool-worker-10" daemon [_thread_blocked, id=16428, stack(0x00000066c7800000,0x00000066c7900000)]
  0x000002559afdf170 JavaThread "ForkJoinPool.commonPool-worker-11" daemon [_thread_blocked, id=14308, stack(0x00000066c7d00000,0x00000066c7e00000)]
  0x000002559afe1cc0 JavaThread "ForkJoinPool.commonPool-worker-12" daemon [_thread_blocked, id=8716, stack(0x00000066c7e00000,0x00000066c7f00000)]
  0x000002559afdb2e0 JavaThread "Worker-9" [_thread_blocked, id=16608, stack(0x00000066c8000000,0x00000066c8100000)]
  0x000002559afdfb10 JavaThread "ForkJoinPool.commonPool-worker-13" daemon [_thread_blocked, id=8428, stack(0x00000066c8300000,0x00000066c8400000)]
  0x000002559afe0e50 JavaThread "ForkJoinPool.commonPool-worker-14" daemon [_thread_blocked, id=3424, stack(0x00000066c8400000,0x00000066c8500000)]
  0x000002559afdffe0 JavaThread "Worker-10" [_thread_blocked, id=9120, stack(0x00000066c8700000,0x00000066c8800000)]

Other Threads:
  0x00000255ff3db300 VMThread "VM Thread" [stack: 0x00000066c6000000,0x00000066c6100000] [id=1112]
  0x0000025594148d70 WatcherThread [stack: 0x00000066c6d00000,0x00000066c6e00000] [id=812]
  0x00000255fc6cf2d0 GCTaskThread "GC Thread#0" [stack: 0x00000066c5f00000,0x00000066c6000000] [id=4060]
  0x0000025594200900 GCTaskThread "GC Thread#1" [stack: 0x00000066c6e00000,0x00000066c6f00000] [id=2660]
  0x00000255946a45e0 GCTaskThread "GC Thread#2" [stack: 0x00000066c6f00000,0x00000066c7000000] [id=10192]
  0x00000255946a4890 GCTaskThread "GC Thread#3" [stack: 0x00000066c7000000,0x00000066c7100000] [id=8620]
  0x00000255946a4b40 GCTaskThread "GC Thread#4" [stack: 0x00000066c7100000,0x00000066c7200000] [id=10884]
  0x0000025594446880 GCTaskThread "GC Thread#5" [stack: 0x00000066c7200000,0x00000066c7300000] [id=3660]
  0x0000025595874f40 GCTaskThread "GC Thread#6" [stack: 0x00000066c7600000,0x00000066c7700000] [id=11640]
  0x00000255958db480 GCTaskThread "GC Thread#7" [stack: 0x00000066c7700000,0x00000066c7800000] [id=10036]
  0x0000025595789440 GCTaskThread "GC Thread#8" [stack: 0x00000066c7a00000,0x00000066c7b00000] [id=5988]
  0x00000255941793c0 GCTaskThread "GC Thread#9" [stack: 0x00000066c7b00000,0x00000066c7c00000] [id=9484]

Threads with active compile tasks:
C2 CompilerThread0   432451 14692 %     4       sun.security.provider.HashDrbg::addBytes @ 33 (130 bytes)

VM state: not at safepoint (normal execution)

VM Mutex/Monitor currently owned by a thread: None

Heap address: 0x00000000c0000000, size: 1024 MB, Compressed Oops mode: 32-bit

CDS archive(s) not mapped
Compressed class space mapped at: 0x0000000100000000-0x0000000140000000, reserved size: 1073741824
Narrow klass base: 0x0000000000000000, Narrow klass shift: 3, Narrow klass range: 0x140000000

GC Precious Log:
 CPUs: 12 total, 12 available
 Memory: 16257M
 Large Page Support: Disabled
 NUMA Support: Disabled
 Compressed Oops: Enabled (32-bit)
 Alignments: Space 512K, Generation 512K, Heap 2M
 Heap Min Capacity: 100M
 Heap Initial Capacity: 100M
 Heap Max Capacity: 1G
 Pre-touch: Disabled
 Parallel Workers: 10

Heap:
 PSYoungGen      total 5120K, used 3056K [0x00000000eab00000, 0x00000000eb200000, 0x0000000100000000)
  eden space 4096K, 49% used [0x00000000eab00000,0x00000000eacfd718,0x00000000eaf00000)
  from space 1024K, 99% used [0x00000000eaf80000,0x00000000eb07e900,0x00000000eb080000)
  to   space 1536K, 0% used [0x00000000eb080000,0x00000000eb080000,0x00000000eb200000)
 ParOldGen       total 233472K, used 201082K [0x00000000c0000000, 0x00000000ce400000, 0x00000000eab00000)
  object space 233472K, 86% used [0x00000000c0000000,0x00000000cc45eb90,0x00000000ce400000)
 Metaspace       used 80456K, committed 81728K, reserved 1122304K
  class space    used 8356K, committed 8960K, reserved 1048576K

Card table byte_map: [0x00000255fc070000,0x00000255fc280000] _byte_map_base: 0x00000255fba70000

Marking Bits: (ParMarkBitMap*) 0x00007ffb1d052cc0
 Begin Bits: [0x000002558f000000, 0x0000025590000000)
 End Bits:   [0x0000025590000000, 0x0000025591000000)

Polling page: 0x00000255fa4c0000

Metaspace:

Usage:
  Non-class:     70.41 MB used.
      Class:      8.16 MB used.
       Both:     78.57 MB used.

Virtual space:
  Non-class space:       72.00 MB reserved,      71.06 MB ( 99%) committed,  9 nodes.
      Class space:        1.00 GB reserved,       8.75 MB ( <1%) committed,  1 nodes.
             Both:        1.07 GB reserved,      79.81 MB (  7%) committed. 

Chunk freelists:
   Non-Class:  48.00 KB
       Class:  3.25 MB
        Both:  3.29 MB

MaxMetaspaceSize: unlimited
CompressedClassSpaceSize: 1.00 GB
Initial GC threshold: 21.00 MB
Current GC threshold: 120.44 MB
CDS: off
MetaspaceReclaimPolicy: balanced
 - commit_granule_bytes: 65536.
 - commit_granule_words: 8192.
 - virtual_space_node_default_size: 1048576.
 - enlarge_chunks_in_place: 1.
 - new_chunks_are_fully_committed: 0.
 - uncommit_free_chunks: 1.
 - use_allocation_guard: 0.
 - handle_deallocations: 1.


Internal statistics:

num_allocs_failed_limit: 6.
num_arena_births: 814.
num_arena_deaths: 14.
num_vsnodes_births: 10.
num_vsnodes_deaths: 0.
num_space_committed: 1277.
num_space_uncommitted: 0.
num_chunks_returned_to_freelist: 20.
num_chunks_taken_from_freelist: 3852.
num_chunk_merges: 10.
num_chunk_splits: 2488.
num_chunks_enlarged: 1574.
num_purges: 2.
num_inconsistent_stats: 0.

CodeHeap 'non-profiled nmethods': size=120000Kb used=9073Kb max_used=9073Kb free=110927Kb
 bounds [0x0000025587ad0000, 0x00000255883b0000, 0x000002558f000000]
CodeHeap 'profiled nmethods': size=120000Kb used=25423Kb max_used=25423Kb free=94577Kb
 bounds [0x00000255805a0000, 0x0000025581e80000, 0x0000025587ad0000]
CodeHeap 'non-nmethods': size=5760Kb used=1412Kb max_used=1535Kb free=4347Kb
 bounds [0x0000025580000000, 0x0000025580270000, 0x00000255805a0000]
 total_blobs=12805 nmethods=12047 adapters=669
 compilation: enabled
              stopped_count=0, restarted_count=0
 full_count=0

Compilation events (20 events):
Event: 321.897 Thread 0x0000025592ce57a0 14685       4       org.eclipse.core.internal.dtree.AbstractDataTreeNode::assembleWith (502 bytes)
Event: 321.947 Thread 0x0000025592ce57a0 nmethod 14685 0x000002558839c890 code [0x000002558839cbc0, 0x000002558839f5d0]
Event: 321.948 Thread 0x0000025592ce57a0 14680       4       java.util.ArrayList::indexOf (11 bytes)
Event: 321.951 Thread 0x0000025592ce57a0 nmethod 14680 0x00000255883a0b10 code [0x00000255883a0ca0, 0x00000255883a0f38]
Event: 322.010 Thread 0x0000025597814f20 nmethod 14669 0x00000255883a1090 code [0x00000255883a1720, 0x00000255883a7708]
Event: 322.063 Thread 0x0000025592ce60a0 14686       1       java.text.DecimalFormatSymbols::getZeroDigit (5 bytes)
Event: 322.063 Thread 0x0000025592ce60a0 nmethod 14686 0x00000255883abe10 code [0x00000255883abfa0, 0x00000255883ac078]
Event: 421.349 Thread 0x0000025592ce60a0 14687   !   3       java.util.concurrent.locks.AbstractQueuedSynchronizer::acquire (407 bytes)
Event: 421.350 Thread 0x0000025592ce60a0 nmethod 14687 0x0000025581e70110 code [0x0000025581e70480, 0x0000025581e71e48]
Event: 430.387 Thread 0x0000025592ce60a0 14688       3       java.lang.Long::fastUUID (224 bytes)
Event: 430.388 Thread 0x0000025592ce60a0 nmethod 14688 0x0000025581e72710 code [0x0000025581e72900, 0x0000025581e72d68]
Event: 430.937 Thread 0x0000025592ce60a0 14689       3       org.eclipse.jdt.ls.core.internal.handlers.ProgressReporterManager$ProgressReporter::done (9 bytes)
Event: 430.937 Thread 0x0000025592ce57a0 14691       4       java.net.URI::isAbsolute (13 bytes)
Event: 430.937 Thread 0x0000025592ce60a0 nmethod 14689 0x0000025581e72f10 code [0x0000025581e730c0, 0x0000025581e732c8]
Event: 430.937 Thread 0x0000025592ce60a0 14690       3       org.eclipse.jdt.ls.core.internal.CancellableProgressMonitor::done (10 bytes)
Event: 430.938 Thread 0x0000025592ce60a0 nmethod 14690 0x0000025581e73410 code [0x0000025581e735a0, 0x0000025581e73718]
Event: 430.938 Thread 0x0000025592ce57a0 nmethod 14691 0x00000255883ac110 code [0x00000255883ac280, 0x00000255883ac318]
Event: 432.406 Thread 0x0000025592ce57a0 14692 %     4       sun.security.provider.HashDrbg::addBytes @ 33 (130 bytes)
Event: 432.407 Thread 0x0000025592ce60a0 14693       3       java.io.StringWriter::toString (8 bytes)
Event: 432.408 Thread 0x0000025592ce60a0 nmethod 14693 0x0000025581e73810 code [0x0000025581e739c0, 0x0000025581e73b08]

GC Heap History (20 events):
Event: 259.006 GC heap before
{Heap before GC invocations=304 (full 12):
 PSYoungGen      total 6144K, used 6142K [0x00000000eab00000, 0x00000000eb300000, 0x0000000100000000)
  eden space 5120K, 100% used [0x00000000eab00000,0x00000000eb000000,0x00000000eb000000)
  from space 1024K, 99% used [0x00000000eb000000,0x00000000eb0ffb10,0x00000000eb100000)
  to   space 1536K, 0% used [0x00000000eb180000,0x00000000eb180000,0x00000000eb300000)
 ParOldGen       total 233472K, used 199098K [0x00000000c0000000, 0x00000000ce400000, 0x00000000eab00000)
  object space 233472K, 85% used [0x00000000c0000000,0x00000000cc26eab0,0x00000000ce400000)
 Metaspace       used 78713K, committed 79936K, reserved 1122304K
  class space    used 8208K, committed 8768K, reserved 1048576K
}
Event: 259.007 GC heap after
{Heap after GC invocations=304 (full 12):
 PSYoungGen      total 6144K, used 1534K [0x00000000eab00000, 0x00000000eb400000, 0x0000000100000000)
  eden space 4608K, 0% used [0x00000000eab00000,0x00000000eab00000,0x00000000eaf80000)
  from space 1536K, 99% used [0x00000000eb180000,0x00000000eb2ffb10,0x00000000eb300000)
  to   space 2048K, 0% used [0x00000000eaf80000,0x00000000eaf80000,0x00000000eb180000)
 ParOldGen       total 233472K, used 199331K [0x00000000c0000000, 0x00000000ce400000, 0x00000000eab00000)
  object space 233472K, 85% used [0x00000000c0000000,0x00000000cc2a8ec0,0x00000000ce400000)
 Metaspace       used 78713K, committed 79936K, reserved 1122304K
  class space    used 8208K, committed 8768K, reserved 1048576K
}
Event: 259.014 GC heap before
{Heap before GC invocations=305 (full 12):
 PSYoungGen      total 6144K, used 6142K [0x00000000eab00000, 0x00000000eb400000, 0x0000000100000000)
  eden space 4608K, 100% used [0x00000000eab00000,0x00000000eaf80000,0x00000000eaf80000)
  from space 1536K, 99% used [0x00000000eb180000,0x00000000eb2ffb10,0x00000000eb300000)
  to   space 2048K, 0% used [0x00000000eaf80000,0x00000000eaf80000,0x00000000eb180000)
 ParOldGen       total 233472K, used 199331K [0x00000000c0000000, 0x00000000ce400000, 0x00000000eab00000)
  object space 233472K, 85% used [0x00000000c0000000,0x00000000cc2a8ec0,0x00000000ce400000)
 Metaspace       used 78713K, committed 79936K, reserved 1122304K
  class space    used 8208K, committed 8768K, reserved 1048576K
}
Event: 259.015 GC heap after
{Heap after GC invocations=305 (full 12):
 PSYoungGen      total 6656K, used 1822K [0x00000000eab00000, 0x00000000eb380000, 0x0000000100000000)
  eden space 4608K, 0% used [0x00000000eab00000,0x00000000eab00000,0x00000000eaf80000)
  from space 2048K, 89% used [0x00000000eaf80000,0x00000000eb147b10,0x00000000eb180000)
  to   space 2048K, 0% used [0x00000000eb180000,0x00000000eb180000,0x00000000eb380000)
 ParOldGen       total 233472K, used 199462K [0x00000000c0000000, 0x00000000ce400000, 0x00000000eab00000)
  object space 233472K, 85% used [0x00000000c0000000,0x00000000cc2c9bd0,0x00000000ce400000)
 Metaspace       used 78713K, committed 79936K, reserved 1122304K
  class space    used 8208K, committed 8768K, reserved 1048576K
}
Event: 259.021 GC heap before
{Heap before GC invocations=306 (full 12):
 PSYoungGen      total 6656K, used 6430K [0x00000000eab00000, 0x00000000eb380000, 0x0000000100000000)
  eden space 4608K, 100% used [0x00000000eab00000,0x00000000eaf80000,0x00000000eaf80000)
  from space 2048K, 89% used [0x00000000eaf80000,0x00000000eb147b10,0x00000000eb180000)
  to   space 2048K, 0% used [0x00000000eb180000,0x00000000eb180000,0x00000000eb380000)
 ParOldGen       total 233472K, used 199462K [0x00000000c0000000, 0x00000000ce400000, 0x00000000eab00000)
  object space 233472K, 85% used [0x00000000c0000000,0x00000000cc2c9bd0,0x00000000ce400000)
 Metaspace       used 78713K, committed 79936K, reserved 1122304K
  class space    used 8208K, committed 8768K, reserved 1048576K
}
Event: 259.023 GC heap after
{Heap after GC invocations=306 (full 12):
 PSYoungGen      total 6656K, used 1774K [0x00000000eab00000, 0x00000000eb380000, 0x0000000100000000)
  eden space 4608K, 0% used [0x00000000eab00000,0x00000000eab00000,0x00000000eaf80000)
  from space 2048K, 86% used [0x00000000eb180000,0x00000000eb33bb20,0x00000000eb380000)
  to   space 2048K, 0% used [0x00000000eaf80000,0x00000000eaf80000,0x00000000eb180000)
 ParOldGen       total 233472K, used 199462K [0x00000000c0000000, 0x00000000ce400000, 0x00000000eab00000)
  object space 233472K, 85% used [0x00000000c0000000,0x00000000cc2c9bd0,0x00000000ce400000)
 Metaspace       used 78713K, committed 79936K, reserved 1122304K
  class space    used 8208K, committed 8768K, reserved 1048576K
}
Event: 259.030 GC heap before
{Heap before GC invocations=307 (full 12):
 PSYoungGen      total 6656K, used 6382K [0x00000000eab00000, 0x00000000eb380000, 0x0000000100000000)
  eden space 4608K, 100% used [0x00000000eab00000,0x00000000eaf80000,0x00000000eaf80000)
  from space 2048K, 86% used [0x00000000eb180000,0x00000000eb33bb20,0x00000000eb380000)
  to   space 2048K, 0% used [0x00000000eaf80000,0x00000000eaf80000,0x00000000eb180000)
 ParOldGen       total 233472K, used 199462K [0x00000000c0000000, 0x00000000ce400000, 0x00000000eab00000)
  object space 233472K, 85% used [0x00000000c0000000,0x00000000cc2c9bd0,0x00000000ce400000)
 Metaspace       used 78713K, committed 79936K, reserved 1122304K
  class space    used 8208K, committed 8768K, reserved 1048576K
}
Event: 259.031 GC heap after
{Heap after GC invocations=307 (full 12):
 PSYoungGen      total 6656K, used 1625K [0x00000000eab00000, 0x00000000eb380000, 0x0000000100000000)
  eden space 4608K, 0% used [0x00000000eab00000,0x00000000eab00000,0x00000000eaf80000)
  from space 2048K, 79% used [0x00000000eaf80000,0x00000000eb116410,0x00000000eb180000)
  to   space 2048K, 0% used [0x00000000eb180000,0x00000000eb180000,0x00000000eb380000)
 ParOldGen       total 233472K, used 199542K [0x00000000c0000000, 0x00000000ce400000, 0x00000000eab00000)
  object space 233472K, 85% used [0x00000000c0000000,0x00000000cc2ddbd0,0x00000000ce400000)
 Metaspace       used 78713K, committed 79936K, reserved 1122304K
  class space    used 8208K, committed 8768K, reserved 1048576K
}
Event: 259.040 GC heap before
{Heap before GC invocations=308 (full 12):
 PSYoungGen      total 6656K, used 6233K [0x00000000eab00000, 0x00000000eb380000, 0x0000000100000000)
  eden space 4608K, 100% used [0x00000000eab00000,0x00000000eaf80000,0x00000000eaf80000)
  from space 2048K, 79% used [0x00000000eaf80000,0x00000000eb116410,0x00000000eb180000)
  to   space 2048K, 0% used [0x00000000eb180000,0x00000000eb180000,0x00000000eb380000)
 ParOldGen       total 233472K, used 199542K [0x00000000c0000000, 0x00000000ce400000, 0x00000000eab00000)
  object space 233472K, 85% used [0x00000000c0000000,0x00000000cc2ddbd0,0x00000000ce400000)
 Metaspace       used 78718K, committed 79936K, reserved 1122304K
  class space    used 8209K, committed 8768K, reserved 1048576K
}
Event: 259.041 GC heap after
{Heap after GC invocations=308 (full 12):
 PSYoungGen      total 6656K, used 1795K [0x00000000eab00000, 0x00000000eb380000, 0x0000000100000000)
  eden space 4608K, 0% used [0x00000000eab00000,0x00000000eab00000,0x00000000eaf80000)
  from space 2048K, 87% used [0x00000000eb180000,0x00000000eb340d20,0x00000000eb380000)
  to   space 2048K, 0% used [0x00000000eaf80000,0x00000000eaf80000,0x00000000eb180000)
 ParOldGen       total 233472K, used 199550K [0x00000000c0000000, 0x00000000ce400000, 0x00000000eab00000)
  object space 233472K, 85% used [0x00000000c0000000,0x00000000cc2dfbd0,0x00000000ce400000)
 Metaspace       used 78718K, committed 79936K, reserved 1122304K
  class space    used 8209K, committed 8768K, reserved 1048576K
}
Event: 260.313 GC heap before
{Heap before GC invocations=309 (full 12):
 PSYoungGen      total 6656K, used 6403K [0x00000000eab00000, 0x00000000eb380000, 0x0000000100000000)
  eden space 4608K, 100% used [0x00000000eab00000,0x00000000eaf80000,0x00000000eaf80000)
  from space 2048K, 87% used [0x00000000eb180000,0x00000000eb340d20,0x00000000eb380000)
  to   space 2048K, 0% used [0x00000000eaf80000,0x00000000eaf80000,0x00000000eb180000)
 ParOldGen       total 233472K, used 199550K [0x00000000c0000000, 0x00000000ce400000, 0x00000000eab00000)
  object space 233472K, 85% used [0x00000000c0000000,0x00000000cc2dfbd0,0x00000000ce400000)
 Metaspace       used 79043K, committed 80256K, reserved 1122304K
  class space    used 8234K, committed 8768K, reserved 1048576K
}
Event: 260.315 GC heap after
{Heap after GC invocations=309 (full 12):
 PSYoungGen      total 5632K, used 947K [0x00000000eab00000, 0x00000000eb280000, 0x0000000100000000)
  eden space 4608K, 0% used [0x00000000eab00000,0x00000000eab00000,0x00000000eaf80000)
  from space 1024K, 92% used [0x00000000eaf80000,0x00000000eb06cd28,0x00000000eb080000)
  to   space 1536K, 0% used [0x00000000eb100000,0x00000000eb100000,0x00000000eb280000)
 ParOldGen       total 233472K, used 200366K [0x00000000c0000000, 0x00000000ce400000, 0x00000000eab00000)
  object space 233472K, 85% used [0x00000000c0000000,0x00000000cc3ab970,0x00000000ce400000)
 Metaspace       used 79043K, committed 80256K, reserved 1122304K
  class space    used 8234K, committed 8768K, reserved 1048576K
}
Event: 260.363 GC heap before
{Heap before GC invocations=310 (full 12):
 PSYoungGen      total 5632K, used 5543K [0x00000000eab00000, 0x00000000eb280000, 0x0000000100000000)
  eden space 4608K, 99% used [0x00000000eab00000,0x00000000eaf7d210,0x00000000eaf80000)
  from space 1024K, 92% used [0x00000000eaf80000,0x00000000eb06cd28,0x00000000eb080000)
  to   space 1536K, 0% used [0x00000000eb100000,0x00000000eb100000,0x00000000eb280000)
 ParOldGen       total 233472K, used 200366K [0x00000000c0000000, 0x00000000ce400000, 0x00000000eab00000)
  object space 233472K, 85% used [0x00000000c0000000,0x00000000cc3ab970,0x00000000ce400000)
 Metaspace       used 79687K, committed 80832K, reserved 1122304K
  class space    used 8276K, committed 8768K, reserved 1048576K
}
Event: 260.365 GC heap after
{Heap after GC invocations=310 (full 12):
 PSYoungGen      total 5632K, used 1455K [0x00000000eab00000, 0x00000000eb380000, 0x0000000100000000)
  eden space 4096K, 0% used [0x00000000eab00000,0x00000000eab00000,0x00000000eaf00000)
  from space 1536K, 94% used [0x00000000eb100000,0x00000000eb26bc38,0x00000000eb280000)
  to   space 2048K, 0% used [0x00000000eaf00000,0x00000000eaf00000,0x00000000eb100000)
 ParOldGen       total 233472K, used 200374K [0x00000000c0000000, 0x00000000ce400000, 0x00000000eab00000)
  object space 233472K, 85% used [0x00000000c0000000,0x00000000cc3ad970,0x00000000ce400000)
 Metaspace       used 79687K, committed 80832K, reserved 1122304K
  class space    used 8276K, committed 8768K, reserved 1048576K
}
Event: 260.420 GC heap before
{Heap before GC invocations=311 (full 12):
 PSYoungGen      total 5632K, used 5551K [0x00000000eab00000, 0x00000000eb380000, 0x0000000100000000)
  eden space 4096K, 100% used [0x00000000eab00000,0x00000000eaf00000,0x00000000eaf00000)
  from space 1536K, 94% used [0x00000000eb100000,0x00000000eb26bc38,0x00000000eb280000)
  to   space 2048K, 0% used [0x00000000eaf00000,0x00000000eaf00000,0x00000000eb100000)
 ParOldGen       total 233472K, used 200374K [0x00000000c0000000, 0x00000000ce400000, 0x00000000eab00000)
  object space 233472K, 85% used [0x00000000c0000000,0x00000000cc3ad970,0x00000000ce400000)
 Metaspace       used 80025K, committed 81152K, reserved 1122304K
  class space    used 8315K, committed 8832K, reserved 1048576K
}
Event: 260.422 GC heap after
{Heap after GC invocations=311 (full 12):
 PSYoungGen      total 6144K, used 2045K [0x00000000eab00000, 0x00000000eb400000, 0x0000000100000000)
  eden space 4096K, 0% used [0x00000000eab00000,0x00000000eab00000,0x00000000eaf00000)
  from space 2048K, 99% used [0x00000000eaf00000,0x00000000eb0ff470,0x00000000eb100000)
  to   space 2560K, 0% used [0x00000000eb180000,0x00000000eb180000,0x00000000eb400000)
 ParOldGen       total 233472K, used 200406K [0x00000000c0000000, 0x00000000ce400000, 0x00000000eab00000)
  object space 233472K, 85% used [0x00000000c0000000,0x00000000cc3b5970,0x00000000ce400000)
 Metaspace       used 80025K, committed 81152K, reserved 1122304K
  class space    used 8315K, committed 8832K, reserved 1048576K
}
Event: 267.994 GC heap before
{Heap before GC invocations=312 (full 12):
 PSYoungGen      total 6144K, used 6136K [0x00000000eab00000, 0x00000000eb400000, 0x0000000100000000)
  eden space 4096K, 99% used [0x00000000eab00000,0x00000000eaefec68,0x00000000eaf00000)
  from space 2048K, 99% used [0x00000000eaf00000,0x00000000eb0ff470,0x00000000eb100000)
  to   space 2560K, 0% used [0x00000000eb180000,0x00000000eb180000,0x00000000eb400000)
 ParOldGen       total 233472K, used 200406K [0x00000000c0000000, 0x00000000ce400000, 0x00000000eab00000)
  object space 233472K, 85% used [0x00000000c0000000,0x00000000cc3b5970,0x00000000ce400000)
 Metaspace       used 80300K, committed 81472K, reserved 1122304K
  class space    used 8344K, committed 8832K, reserved 1048576K
}
Event: 267.995 GC heap after
{Heap after GC invocations=312 (full 12):
 PSYoungGen      total 5120K, used 938K [0x00000000eab00000, 0x00000000eb280000, 0x0000000100000000)
  eden space 4096K, 0% used [0x00000000eab00000,0x00000000eab00000,0x00000000eaf00000)
  from space 1024K, 91% used [0x00000000eb180000,0x00000000eb26a910,0x00000000eb280000)
  to   space 1536K, 0% used [0x00000000eaf80000,0x00000000eaf80000,0x00000000eb100000)
 ParOldGen       total 233472K, used 201074K [0x00000000c0000000, 0x00000000ce400000, 0x00000000eab00000)
  object space 233472K, 86% used [0x00000000c0000000,0x00000000cc45cb90,0x00000000ce400000)
 Metaspace       used 80300K, committed 81472K, reserved 1122304K
  class space    used 8344K, committed 8832K, reserved 1048576K
}
Event: 274.654 GC heap before
{Heap before GC invocations=313 (full 12):
 PSYoungGen      total 5120K, used 5034K [0x00000000eab00000, 0x00000000eb280000, 0x0000000100000000)
  eden space 4096K, 100% used [0x00000000eab00000,0x00000000eaf00000,0x00000000eaf00000)
  from space 1024K, 91% used [0x00000000eb180000,0x00000000eb26a910,0x00000000eb280000)
  to   space 1536K, 0% used [0x00000000eaf80000,0x00000000eaf80000,0x00000000eb100000)
 ParOldGen       total 233472K, used 201074K [0x00000000c0000000, 0x00000000ce400000, 0x00000000eab00000)
  object space 233472K, 86% used [0x00000000c0000000,0x00000000cc45cb90,0x00000000ce400000)
 Metaspace       used 80389K, committed 81664K, reserved 1122304K
  class space    used 8353K, committed 8960K, reserved 1048576K
}
Event: 274.656 GC heap after
{Heap after GC invocations=313 (full 12):
 PSYoungGen      total 5120K, used 1018K [0x00000000eab00000, 0x00000000eb200000, 0x0000000100000000)
  eden space 4096K, 0% used [0x00000000eab00000,0x00000000eab00000,0x00000000eaf00000)
  from space 1024K, 99% used [0x00000000eaf80000,0x00000000eb07e900,0x00000000eb080000)
  to   space 1536K, 0% used [0x00000000eb080000,0x00000000eb080000,0x00000000eb200000)
 ParOldGen       total 233472K, used 201082K [0x00000000c0000000, 0x00000000ce400000, 0x00000000eab00000)
  object space 233472K, 86% used [0x00000000c0000000,0x00000000cc45eb90,0x00000000ce400000)
 Metaspace       used 80389K, committed 81664K, reserved 1122304K
  class space    used 8353K, committed 8960K, reserved 1048576K
}

Deoptimization events (20 events):
Event: 270.107 Thread 0x000002559afdf640 Uncommon trap: trap_request=0xffffffc6 fr.pc=0x0000025587f695c0 relative=0x0000000000000c00
Event: 270.107 Thread 0x000002559afdf640 Uncommon trap: reason=bimorphic_or_optimized_type_check action=maybe_recompile pc=0x0000025587f695c0 method=java.util.concurrent.ConcurrentHashMap.putAll(Ljava/util/Map;)V @ 23 c2
Event: 270.107 Thread 0x000002559afdf640 DEOPT PACKING pc=0x0000025587f695c0 sp=0x00000066c5dfeda0
Event: 270.107 Thread 0x000002559afdf640 DEOPT UNPACKING pc=0x00000255800520a3 sp=0x00000066c5dfed50 mode 2
Event: 321.887 Thread 0x000002559afdffe0 Uncommon trap: trap_request=0xffffff66 fr.pc=0x00000255882440b0 relative=0x0000000000002130
Event: 321.887 Thread 0x000002559afdffe0 Uncommon trap: reason=speculate_class_check action=maybe_recompile pc=0x00000255882440b0 method=org.eclipse.core.internal.dtree.AbstractDataTreeNode.assembleWith(Lorg/eclipse/core/internal/dtree/AbstractDataTreeNode;)Lorg/eclipse/core/internal/dtree/Abstr
Event: 321.887 Thread 0x000002559afdffe0 DEOPT PACKING pc=0x00000255882440b0 sp=0x00000066c87fea60
Event: 321.887 Thread 0x000002559afdffe0 DEOPT UNPACKING pc=0x00000255800520a3 sp=0x00000066c87fe9b0 mode 2
Event: 321.887 Thread 0x000002559afdffe0 Uncommon trap: trap_request=0xffffff66 fr.pc=0x00000255882440b0 relative=0x0000000000002130
Event: 321.887 Thread 0x000002559afdffe0 Uncommon trap: reason=speculate_class_check action=maybe_recompile pc=0x00000255882440b0 method=org.eclipse.core.internal.dtree.AbstractDataTreeNode.assembleWith(Lorg/eclipse/core/internal/dtree/AbstractDataTreeNode;)Lorg/eclipse/core/internal/dtree/Abstr
Event: 321.888 Thread 0x000002559afdffe0 DEOPT PACKING pc=0x00000255882440b0 sp=0x00000066c87fe840
Event: 321.888 Thread 0x000002559afdffe0 DEOPT UNPACKING pc=0x00000255800520a3 sp=0x00000066c87fe790 mode 2
Event: 321.888 Thread 0x000002559afdffe0 Uncommon trap: trap_request=0xffffff66 fr.pc=0x00000255882440b0 relative=0x0000000000002130
Event: 321.888 Thread 0x000002559afdffe0 Uncommon trap: reason=speculate_class_check action=maybe_recompile pc=0x00000255882440b0 method=org.eclipse.core.internal.dtree.AbstractDataTreeNode.assembleWith(Lorg/eclipse/core/internal/dtree/AbstractDataTreeNode;)Lorg/eclipse/core/internal/dtree/Abstr
Event: 321.888 Thread 0x000002559afdffe0 DEOPT PACKING pc=0x00000255882440b0 sp=0x00000066c87fe3e0
Event: 321.888 Thread 0x000002559afdffe0 DEOPT UNPACKING pc=0x00000255800520a3 sp=0x00000066c87fe330 mode 2
Event: 321.888 Thread 0x000002559afdffe0 Uncommon trap: trap_request=0xffffff66 fr.pc=0x00000255882440b0 relative=0x0000000000002130
Event: 321.888 Thread 0x000002559afdffe0 Uncommon trap: reason=speculate_class_check action=maybe_recompile pc=0x00000255882440b0 method=org.eclipse.core.internal.dtree.AbstractDataTreeNode.assembleWith(Lorg/eclipse/core/internal/dtree/AbstractDataTreeNode;)Lorg/eclipse/core/internal/dtree/Abstr
Event: 321.889 Thread 0x000002559afdffe0 DEOPT PACKING pc=0x00000255882440b0 sp=0x00000066c87fe3c0
Event: 321.889 Thread 0x000002559afdffe0 DEOPT UNPACKING pc=0x00000255800520a3 sp=0x00000066c87fe310 mode 2

Classes unloaded (7 events):
Event: 4.723 Thread 0x00000255ff3db300 Unloading class 0x0000000100218800 'java/lang/invoke/LambdaForm$MH+0x0000000100218800'
Event: 4.723 Thread 0x00000255ff3db300 Unloading class 0x0000000100218400 'java/lang/invoke/LambdaForm$MH+0x0000000100218400'
Event: 4.723 Thread 0x00000255ff3db300 Unloading class 0x0000000100218000 'java/lang/invoke/LambdaForm$MH+0x0000000100218000'
Event: 4.723 Thread 0x00000255ff3db300 Unloading class 0x0000000100217c00 'java/lang/invoke/LambdaForm$MH+0x0000000100217c00'
Event: 4.723 Thread 0x00000255ff3db300 Unloading class 0x0000000100217400 'java/lang/invoke/LambdaForm$BMH+0x0000000100217400'
Event: 4.723 Thread 0x00000255ff3db300 Unloading class 0x0000000100217000 'java/lang/invoke/LambdaForm$DMH+0x0000000100217000'
Event: 4.723 Thread 0x00000255ff3db300 Unloading class 0x0000000100214400 'java/lang/invoke/LambdaForm$DMH+0x0000000100214400'

Classes redefined (0 events):
No events

Internal exceptions (20 events):
Event: 31.534 Thread 0x00000255958c6e60 Exception <a 'sun/nio/fs/WindowsException'{0x00000000eac9d360}> (0x00000000eac9d360) 
thrown [s\src\hotspot\share\prims\jni.cpp, line 516]
Event: 31.576 Thread 0x00000255958c6e60 Exception <a 'sun/nio/fs/WindowsException'{0x00000000eaeaa2f8}> (0x00000000eaeaa2f8) 
thrown [s\src\hotspot\share\prims\jni.cpp, line 516]
Event: 31.646 Thread 0x00000255958c6e60 Exception <a 'sun/nio/fs/WindowsException'{0x00000000eae2ff28}> (0x00000000eae2ff28) 
thrown [s\src\hotspot\share\prims\jni.cpp, line 516]
Event: 31.652 Thread 0x00000255958c6e60 Exception <a 'sun/nio/fs/WindowsException'{0x00000000eaed8588}> (0x00000000eaed8588) 
thrown [s\src\hotspot\share\prims\jni.cpp, line 516]
Event: 31.734 Thread 0x00000255958c6e60 Exception <a 'sun/nio/fs/WindowsException'{0x00000000eafd84d8}> (0x00000000eafd84d8) 
thrown [s\src\hotspot\share\prims\jni.cpp, line 516]
Event: 31.753 Thread 0x00000255958c6e60 Exception <a 'sun/nio/fs/WindowsException'{0x00000000eabcb620}> (0x00000000eabcb620) 
thrown [s\src\hotspot\share\prims\jni.cpp, line 516]
Event: 31.760 Thread 0x00000255958c6e60 Exception <a 'sun/nio/fs/WindowsException'{0x00000000eac0e1c0}> (0x00000000eac0e1c0) 
thrown [s\src\hotspot\share\prims\jni.cpp, line 516]
Event: 31.766 Thread 0x00000255958c6e60 Exception <a 'sun/nio/fs/WindowsException'{0x00000000eac4a498}> (0x00000000eac4a498) 
thrown [s\src\hotspot\share\prims\jni.cpp, line 516]
Event: 31.771 Thread 0x00000255958c6e60 Exception <a 'sun/nio/fs/WindowsException'{0x00000000eac79ed0}> (0x00000000eac79ed0) 
thrown [s\src\hotspot\share\prims\jni.cpp, line 516]
Event: 31.792 Thread 0x00000255958c6e60 Exception <a 'sun/nio/fs/WindowsException'{0x00000000eacf41b0}> (0x00000000eacf41b0) 
thrown [s\src\hotspot\share\prims\jni.cpp, line 516]
Event: 31.804 Thread 0x00000255958c6e60 Exception <a 'sun/nio/fs/WindowsException'{0x00000000eade0718}> (0x00000000eade0718) 
thrown [s\src\hotspot\share\prims\jni.cpp, line 516]
Event: 31.866 Thread 0x00000255958c6e60 Exception <a 'sun/nio/fs/WindowsException'{0x00000000eaf282b8}> (0x00000000eaf282b8) 
thrown [s\src\hotspot\share\prims\jni.cpp, line 516]
Event: 32.041 Thread 0x00000255958c6e60 Exception <a 'sun/nio/fs/WindowsException'{0x00000000eaf9e2d8}> (0x00000000eaf9e2d8) 
thrown [s\src\hotspot\share\prims\jni.cpp, line 516]
Event: 32.070 Thread 0x00000255958c6e60 Exception <a 'sun/nio/fs/WindowsException'{0x00000000eab0f1e8}> (0x00000000eab0f1e8) 
thrown [s\src\hotspot\share\prims\jni.cpp, line 516]
Event: 32.423 Thread 0x00000255958c6e60 Exception <a 'sun/nio/fs/WindowsException'{0x00000000ead95278}> (0x00000000ead95278) 
thrown [s\src\hotspot\share\prims\jni.cpp, line 516]
Event: 258.657 Thread 0x00000255958c4cb0 Exception <a 'java/lang/NoSuchMethodError'{0x00000000eab820f0}: 'int java.lang.invoke.DirectMethodHandle$Holder.invokeStatic(java.lang.Object, java.lang.Object, java.lang.Object, int)'> (0x00000000eab820f0) 
thrown [s\src\hotspot\share\interpreter\linkResolver.cpp, line 759]
Event: 258.664 Thread 0x00000255958c4cb0 Implicit null exception at 0x00000255882eace0 to 0x00000255882eb528
Event: 260.322 Thread 0x0000025595b360e0 Exception <a 'java/lang/ClassNotFoundException'{0x00000000eabe0178}: sun/util/logging/resources/spi/loggingProvider> (0x00000000eabe0178) 
thrown [s\src\hotspot\share\classfile\systemDictionary.cpp, line 256]
Event: 260.384 Thread 0x0000025595b365b0 Exception <a 'java/lang/NoSuchMethodError'{0x00000000eac0af90}: 'java.lang.Object java.lang.invoke.DirectMethodHandle$Holder.newInvokeSpecial(java.lang.Object, java.lang.Object, int, java.lang.Object, java.lang.Object, java.lang.Object, java.lang.Object)'> (0x00000000eac0af90) 
thrown [s\src\hotspot\share\interpreter\linkResolver.cpp, line 759]
Event: 260.444 Thread 0x0000025595b365b0 Exception <a 'java/lang/NoSuchMethodError'{0x00000000eacb1808}: 'int java.lang.invoke.DirectMethodHandle$Holder.invokeSpecialIFC(java.lang.Object, java.lang.Object, java.lang.Object, java.lang.Object)'> (0x00000000eacb1808) 
thrown [s\src\hotspot\share\interpreter\linkResolver.cpp, line 759]

VM Operations (20 events):
Event: 269.996 Executing VM operation: Cleanup
Event: 269.996 Executing VM operation: Cleanup done
Event: 270.996 Executing VM operation: Cleanup
Event: 270.996 Executing VM operation: Cleanup done
Event: 271.996 Executing VM operation: Cleanup
Event: 271.996 Executing VM operation: Cleanup done
Event: 273.997 Executing VM operation: Cleanup
Event: 273.997 Executing VM operation: Cleanup done
Event: 274.654 Executing VM operation: ParallelGCFailedAllocation
Event: 274.656 Executing VM operation: ParallelGCFailedAllocation done
Event: 276.656 Executing VM operation: Cleanup
Event: 276.656 Executing VM operation: Cleanup done
Event: 305.673 Executing VM operation: Cleanup
Event: 305.673 Executing VM operation: Cleanup done
Event: 321.897 Executing VM operation: HandshakeAllThreads
Event: 321.897 Executing VM operation: HandshakeAllThreads done
Event: 321.897 Executing VM operation: Cleanup
Event: 321.897 Executing VM operation: Cleanup done
Event: 322.901 Executing VM operation: Cleanup
Event: 322.901 Executing VM operation: Cleanup done

Events (20 events):
Event: 268.037 loading class java/lang/Throwable$PrintStreamOrWriter done
Event: 268.037 loading class java/lang/Throwable$WrappedPrintWriter done
Event: 270.107 Thread 0x000002559afdf170 Thread added: 0x000002559afdf170
Event: 270.933 Thread 0x000002559afe1cc0 Thread added: 0x000002559afe1cc0
Event: 270.936 Thread 0x000002559afdb2e0 Thread added: 0x000002559afdb2e0
Event: 273.195 Thread 0x000002559afdfb10 Thread added: 0x000002559afdfb10
Event: 274.658 Thread 0x000002559afe0e50 Thread added: 0x000002559afe0e50
Event: 304.763 Thread 0x000002559afdffe0 Thread added: 0x000002559afdffe0
Event: 321.882 Thread 0x000002559afe04b0 Thread added: 0x000002559afe04b0
Event: 321.883 Thread 0x000002559afe2190 Thread added: 0x000002559afe2190
Event: 321.883 Thread 0x000002559afe1320 Thread added: 0x000002559afe1320
Event: 321.883 Thread 0x000002559afe1320 Thread exited: 0x000002559afe1320
Event: 321.883 Thread 0x000002559afe2190 Thread exited: 0x000002559afe2190
Event: 321.883 Thread 0x000002559afe04b0 Thread exited: 0x000002559afe04b0
Event: 321.885 Thread 0x0000025597814f20 Thread added: 0x0000025597814f20
Event: 327.076 Thread 0x0000025597814f20 Thread exited: 0x0000025597814f20
Event: 334.902 Thread 0x000002559afdf640 Thread exited: 0x000002559afdf640
Event: 381.884 Thread 0x00000255958c6e60 Thread exited: 0x00000255958c6e60
Event: 382.133 Thread 0x00000255958c7330 Thread exited: 0x00000255958c7330
Event: 394.907 Thread 0x0000025595b365b0 Thread exited: 0x0000025595b365b0


Dynamic libraries:
0x00007ff765800000 - 0x00007ff76580e000 	c:\Users\Jose Maria\.vscode\extensions\redhat.java-1.11.0-win32-x64\jre\17.0.4.1-win32-x86_64\bin\java.exe
0x00007ffbb5410000 - 0x00007ffbb5608000 	C:\WINDOWS\SYSTEM32\ntdll.dll
0x00007ffbb3d70000 - 0x00007ffbb3e2d000 	C:\WINDOWS\System32\KERNEL32.DLL
0x00007ffbb3050000 - 0x00007ffbb3322000 	C:\WINDOWS\System32\KERNELBASE.dll
0x00007ffbb2f50000 - 0x00007ffbb3050000 	C:\WINDOWS\System32\ucrtbase.dll
0x00007ffb9d330000 - 0x00007ffb9d349000 	c:\Users\Jose Maria\.vscode\extensions\redhat.java-1.11.0-win32-x64\jre\17.0.4.1-win32-x86_64\bin\VCRUNTIME140.dll
0x00007ffba27c0000 - 0x00007ffba27d8000 	c:\Users\Jose Maria\.vscode\extensions\redhat.java-1.11.0-win32-x64\jre\17.0.4.1-win32-x86_64\bin\jli.dll
0x00007ffbb4950000 - 0x00007ffbb4aed000 	C:\WINDOWS\System32\USER32.dll
0x00007ffbb3440000 - 0x00007ffbb3462000 	C:\WINDOWS\System32\win32u.dll
0x00007ffb9f840000 - 0x00007ffb9fada000 	C:\WINDOWS\WinSxS\amd64_microsoft.windows.common-controls_6595b64144ccf1df_6.0.19041.1110_none_60b5254171f9507e\COMCTL32.dll
0x00007ffbb3f90000 - 0x00007ffbb402e000 	C:\WINDOWS\System32\msvcrt.dll
0x00007ffbb4b10000 - 0x00007ffbb4b3b000 	C:\WINDOWS\System32\GDI32.dll
0x00007ffbb3330000 - 0x00007ffbb343f000 	C:\WINDOWS\System32\gdi32full.dll
0x00007ffbb2e80000 - 0x00007ffbb2f1d000 	C:\WINDOWS\System32\msvcp_win.dll
0x00007ffbb4030000 - 0x00007ffbb4060000 	C:\WINDOWS\System32\IMM32.DLL
0x00007ffbac3f0000 - 0x00007ffbac3fc000 	c:\Users\Jose Maria\.vscode\extensions\redhat.java-1.11.0-win32-x64\jre\17.0.4.1-win32-x86_64\bin\vcruntime140_1.dll
0x00007ffb76ff0000 - 0x00007ffb77081000 	c:\Users\Jose Maria\.vscode\extensions\redhat.java-1.11.0-win32-x64\jre\17.0.4.1-win32-x86_64\bin\msvcp140.dll
0x00007ffb1c4d0000 - 0x00007ffb1d116000 	c:\Users\Jose Maria\.vscode\extensions\redhat.java-1.11.0-win32-x64\jre\17.0.4.1-win32-x86_64\bin\server\jvm.dll
0x00007ffbb3c30000 - 0x00007ffbb3cde000 	C:\WINDOWS\System32\ADVAPI32.dll
0x00007ffbb3e40000 - 0x00007ffbb3edc000 	C:\WINDOWS\System32\sechost.dll
0x00007ffbb47b0000 - 0x00007ffbb48d5000 	C:\WINDOWS\System32\RPCRT4.dll
0x00007ffbb4940000 - 0x00007ffbb4948000 	C:\WINDOWS\System32\PSAPI.DLL
0x00007ffbac650000 - 0x00007ffbac677000 	C:\WINDOWS\SYSTEM32\WINMM.dll
0x00007ffbaadd0000 - 0x00007ffbaadd9000 	C:\WINDOWS\SYSTEM32\WSOCK32.dll
0x00007ffbad080000 - 0x00007ffbad08a000 	C:\WINDOWS\SYSTEM32\VERSION.dll
0x00007ffbb4b40000 - 0x00007ffbb4bab000 	C:\WINDOWS\System32\WS2_32.dll
0x00007ffbb09d0000 - 0x00007ffbb09e2000 	C:\WINDOWS\SYSTEM32\kernel.appcore.dll
0x00007ffbac430000 - 0x00007ffbac43a000 	c:\Users\Jose Maria\.vscode\extensions\redhat.java-1.11.0-win32-x64\jre\17.0.4.1-win32-x86_64\bin\jimage.dll
0x00007ffba9e70000 - 0x00007ffbaa054000 	C:\WINDOWS\SYSTEM32\DBGHELP.DLL
0x00007ffba9e40000 - 0x00007ffba9e6c000 	C:\WINDOWS\SYSTEM32\dbgcore.DLL
0x00007ffbb2c20000 - 0x00007ffbb2ca2000 	C:\WINDOWS\System32\bcryptPrimitives.dll
0x00007ffbac420000 - 0x00007ffbac42e000 	c:\Users\Jose Maria\.vscode\extensions\redhat.java-1.11.0-win32-x64\jre\17.0.4.1-win32-x86_64\bin\instrument.dll
0x00007ffb902f0000 - 0x00007ffb90315000 	c:\Users\Jose Maria\.vscode\extensions\redhat.java-1.11.0-win32-x64\jre\17.0.4.1-win32-x86_64\bin\java.dll
0x00007ffb9c6b0000 - 0x00007ffb9c6c8000 	c:\Users\Jose Maria\.vscode\extensions\redhat.java-1.11.0-win32-x64\jre\17.0.4.1-win32-x86_64\bin\zip.dll
0x00007ffbb34d0000 - 0x00007ffbb3c13000 	C:\WINDOWS\System32\SHELL32.dll
0x00007ffbb0bc0000 - 0x00007ffbb1351000 	C:\WINDOWS\SYSTEM32\windows.storage.dll
0x00007ffbb5070000 - 0x00007ffbb53c4000 	C:\WINDOWS\System32\combase.dll
0x00007ffbb24a0000 - 0x00007ffbb24d0000 	C:\WINDOWS\SYSTEM32\Wldp.dll
0x00007ffbb3ee0000 - 0x00007ffbb3f8d000 	C:\WINDOWS\System32\SHCORE.dll
0x00007ffbb4dc0000 - 0x00007ffbb4e15000 	C:\WINDOWS\System32\shlwapi.dll
0x00007ffbb2a60000 - 0x00007ffbb2a7f000 	C:\WINDOWS\SYSTEM32\profapi.dll
0x00007ffb9cfa0000 - 0x00007ffb9cfb9000 	C:\Users\Jose Maria\.vscode\extensions\redhat.java-1.11.0-win32-x64\jre\17.0.4.1-win32-x86_64\bin\net.dll
0x00007ffba8560000 - 0x00007ffba866d000 	C:\WINDOWS\SYSTEM32\WINHTTP.dll
0x00007ffbb2200000 - 0x00007ffbb226a000 	C:\WINDOWS\system32\mswsock.dll
0x00007ffb989e0000 - 0x00007ffb989f5000 	C:\Users\Jose Maria\.vscode\extensions\redhat.java-1.11.0-win32-x64\jre\17.0.4.1-win32-x86_64\bin\nio.dll
0x00007ffbac320000 - 0x00007ffbac330000 	c:\Users\Jose Maria\.vscode\extensions\redhat.java-1.11.0-win32-x64\jre\17.0.4.1-win32-x86_64\bin\verify.dll
0x00007ffb8f260000 - 0x00007ffb8f29e000 	C:\Users\Jose Maria\AppData\Roaming\Code\User\globalStorage\redhat.java\1.11.0\config_win\org.eclipse.equinox.launcher\org.eclipse.equinox.launcher.win32.win32.x86_64_1.2.600.v20220720-1916\eclipse_11700.dll
0x00007ffbb4e20000 - 0x00007ffbb4f4a000 	C:\WINDOWS\System32\ole32.dll
0x00007ffbac210000 - 0x00007ffbac219000 	C:\Users\Jose Maria\.vscode\extensions\redhat.java-1.11.0-win32-x64\jre\17.0.4.1-win32-x86_64\bin\management.dll
0x00007ffbaa740000 - 0x00007ffbaa74b000 	C:\Users\Jose Maria\.vscode\extensions\redhat.java-1.11.0-win32-x64\jre\17.0.4.1-win32-x86_64\bin\management_ext.dll
0x00007ffbb23f0000 - 0x00007ffbb2408000 	C:\WINDOWS\SYSTEM32\CRYPTSP.dll
0x00007ffbb1b20000 - 0x00007ffbb1b54000 	C:\WINDOWS\system32\rsaenh.dll
0x00007ffbb2f20000 - 0x00007ffbb2f47000 	C:\WINDOWS\System32\bcrypt.dll
0x00007ffbb29e0000 - 0x00007ffbb2a0e000 	C:\WINDOWS\SYSTEM32\USERENV.dll
0x00007ffbb2410000 - 0x00007ffbb241c000 	C:\WINDOWS\SYSTEM32\CRYPTBASE.dll
0x00007ffbb1ef0000 - 0x00007ffbb1f2b000 	C:\WINDOWS\SYSTEM32\IPHLPAPI.DLL
0x00007ffbb3e30000 - 0x00007ffbb3e38000 	C:\WINDOWS\System32\NSI.dll
0x00007ffbaa8f0000 - 0x00007ffbaa907000 	C:\WINDOWS\SYSTEM32\dhcpcsvc6.DLL
0x00007ffbaabb0000 - 0x00007ffbaabcd000 	C:\WINDOWS\SYSTEM32\dhcpcsvc.DLL
0x00007ffbb1f30000 - 0x00007ffbb1ffa000 	C:\WINDOWS\SYSTEM32\DNSAPI.dll
0x00007ffba8d30000 - 0x00007ffba8d74000 	C:\Users\Jose Maria\AppData\Roaming\Local\Temp\jna--1427549203\jna9661774993816187632.dll
0x00007ffba9110000 - 0x00007ffba911e000 	C:\Users\Jose Maria\.vscode\extensions\redhat.java-1.11.0-win32-x64\jre\17.0.4.1-win32-x86_64\bin\sunmscapi.dll
0x00007ffbb2cb0000 - 0x00007ffbb2e06000 	C:\WINDOWS\System32\CRYPT32.dll
0x00007ffbb2510000 - 0x00007ffbb2537000 	C:\WINDOWS\SYSTEM32\ncrypt.dll
0x00007ffbb24d0000 - 0x00007ffbb250b000 	C:\WINDOWS\SYSTEM32\NTASN1.dll
0x00007ffbaa880000 - 0x00007ffbaa88a000 	C:\Windows\System32\rasadhlp.dll
0x00007ffbaa4e0000 - 0x00007ffbaa560000 	C:\WINDOWS\System32\fwpuclnt.dll
0x00007ffbaa970000 - 0x00007ffbaa987000 	C:\WINDOWS\system32\napinsp.dll
0x00007ffbaa840000 - 0x00007ffbaa85b000 	C:\WINDOWS\system32\pnrpnsp.dll
0x00007ffbade20000 - 0x00007ffbade35000 	C:\WINDOWS\system32\wshbth.dll
0x00007ffbabfc0000 - 0x00007ffbabfdd000 	C:\WINDOWS\system32\NLAapi.dll
0x00007ffbaa890000 - 0x00007ffbaa8a2000 	C:\WINDOWS\System32\winrnr.dll

dbghelp: loaded successfully - version: 4.0.5 - missing functions: none
symbol engine: initialized successfully - sym options: 0x614 - pdb path: .;c:\Users\Jose Maria\.vscode\extensions\redhat.java-1.11.0-win32-x64\jre\17.0.4.1-win32-x86_64\bin;C:\WINDOWS\SYSTEM32;C:\WINDOWS\WinSxS\amd64_microsoft.windows.common-controls_6595b64144ccf1df_6.0.19041.1110_none_60b5254171f9507e;c:\Users\Jose Maria\.vscode\extensions\redhat.java-1.11.0-win32-x64\jre\17.0.4.1-win32-x86_64\bin\server;C:\Users\Jose Maria\AppData\Roaming\Code\User\globalStorage\redhat.java\1.11.0\config_win\org.eclipse.equinox.launcher\org.eclipse.equinox.launcher.win32.win32.x86_64_1.2.600.v20220720-1916;C:\Users\Jose Maria\AppData\Roaming\Local\Temp\jna--1427549203

VM Arguments:
jvm_args: --add-modules=ALL-SYSTEM --add-opens=java.base/java.util=ALL-UNNAMED --add-opens=java.base/java.lang=ALL-UNNAMED --add-opens=java.base/sun.nio.fs=ALL-UNNAMED -Declipse.application=org.eclipse.jdt.ls.core.id1 -Dosgi.bundles.defaultStartLevel=4 -Declipse.product=org.eclipse.jdt.ls.core.product -Djava.import.generatesMetadataFilesAtProjectRoot=false -Dfile.encoding=utf8 -DwatchParentProcess=false -XX:+UseParallelGC -XX:GCTimeRatio=4 -XX:AdaptiveSizePolicyWeight=90 -Dsun.zip.disableMemoryMapping=true -Xmx1G -Xms100m -Xlog:jni+resolve=off -javaagent:c:\Users\Jose Maria\.vscode\extensions\redhat.java-1.11.0-win32-x64\lombok\lombok-1.18.24.jar -XX:+HeapDumpOnOutOfMemoryError -XX:HeapDumpPath=c:\Users\Jose Maria\AppData\Roaming\Code\User\workspaceStorage\f80d5f4d2c192865a501c3cc3039f30c\redhat.java 
java_command: c:\Users\Jose Maria\.vscode\extensions\redhat.java-1.11.0-win32-x64\server\plugins\org.eclipse.equinox.launcher_1.6.400.v20210924-0641.jar -configuration c:\Users\Jose Maria\AppData\Roaming\Code\User\globalStorage\redhat.java\1.11.0\config_win -data c:\Users\Jose Maria\AppData\Roaming\Code\User\workspaceStorage\f80d5f4d2c192865a501c3cc3039f30c\redhat.java\jdt_ws
java_class_path (initial): c:\Users\Jose Maria\.vscode\extensions\redhat.java-1.11.0-win32-x64\server\plugins\org.eclipse.equinox.launcher_1.6.400.v20210924-0641.jar
Launcher Type: SUN_STANDARD

[Global flags]
    uintx AdaptiveSizePolicyWeight                 = 90                                        {product} {command line}
     intx CICompilerCount                          = 4                                         {product} {ergonomic}
    uintx GCTimeRatio                              = 4                                         {product} {command line}
     bool HeapDumpOnOutOfMemoryError               = true                                   {manageable} {command line}
    ccstr HeapDumpPath                             = c:\Users\Jose Maria\AppData\Roaming\Code\User\workspaceStorage\f80d5f4d2c192865a501c3cc3039f30c\redhat.java         {manageable} {command line}
   size_t InitialHeapSize                          = 104857600                                 {product} {command line}
   size_t MaxHeapSize                              = 1073741824                                {product} {command line}
   size_t MaxNewSize                               = 357564416                                 {product} {ergonomic}
   size_t MinHeapDeltaBytes                        = 524288                                    {product} {ergonomic}
   size_t MinHeapSize                              = 104857600                                 {product} {command line}
   size_t NewSize                                  = 34603008                                  {product} {ergonomic}
    uintx NonNMethodCodeHeapSize                   = 5839372                                {pd product} {ergonomic}
    uintx NonProfiledCodeHeapSize                  = 122909434                              {pd product} {ergonomic}
   size_t OldSize                                  = 70254592                                  {product} {ergonomic}
    uintx ProfiledCodeHeapSize                     = 122909434                              {pd product} {ergonomic}
    uintx ReservedCodeCacheSize                    = 251658240                              {pd product} {ergonomic}
     bool SegmentedCodeCache                       = true                                      {product} {ergonomic}
   size_t SoftMaxHeapSize                          = 1073741824                             {manageable} {ergonomic}
     bool UseCompressedClassPointers               = true                           {product lp64_product} {ergonomic}
     bool UseCompressedOops                        = true                           {product lp64_product} {ergonomic}
     bool UseLargePagesIndividualAllocation        = false                                  {pd product} {ergonomic}
     bool UseParallelGC                            = true                                      {product} {command line}

Logging:
Log output configuration:
 #0: stdout all=warning,jni+resolve=off uptime,level,tags
 #1: stderr all=off uptime,level,tags

Environment Variables:
JAVA_HOME=C:\Program Files\Java\jdk-16.0.2
PATH=C:\gurobi950\win64\bin;C:\Program Files\Common Files\Oracle\Java\javapath;C:\Program Files (x86)\Common Files\Oracle\Java\javapath;C:\WINDOWS\system32;C:\WINDOWS;C:\WINDOWS\System32\Wbem;C:\WINDOWS\System32\WindowsPowerShell\v1.0\;C:\WINDOWS\System32\OpenSSH\;C:\Program Files (x86)\Calibre2\;C:\Program Files\Calibre2\;C:\Program Files\AutoFirma\AutoFirma;C:\Program Files\Csound6_x64\bin;C:\Program Files (x86)\NVIDIA Corporation\PhysX\Common;C:\WINDOWS\system32;C:\WINDOWS;C:\WINDOWS\System32\Wbem;C:\WINDOWS\System32\WindowsPowerShell\v1.0\;C:\WINDOWS\System32\OpenSSH\;C:\Program Files\AutoFirmaJA\AutoFirmaJA;C:\Program Files\nodejs\;C:\Program Files\Git\cmd;C:\Users\Jose Maria\AppData\Local\Programs\Python\Python38-32\Scripts\;C:\Users\Jose Maria\AppData\Local\Programs\Python\Python38-32\;C:\Users\Jose Maria\AppData\Local\Microsoft\WindowsApps;C:\Users\Jose Maria\AppData\Roaming\npm;C:\Users\Jose Maria\AppData\Local\Programs\Microsoft VS Code\bin;F:\2 Ing. Soft\Web crawler\SeleniumWebDrivers;C:\Program Files\nodejs;F:\3 Ing. Soft\Diseo y pruebas 1\Prcticas\SW\apache-maven-3.8.6-bin\bin;
USERNAME=Jose Maria
OS=Windows_NT
PROCESSOR_IDENTIFIER=Intel64 Family 6 Model 158 Stepping 10, GenuineIntel
TMP=C:\Users\Jose Maria\AppData\Roaming\Local\Temp
TEMP=C:\Users\Jose Maria\AppData\Roaming\Local\Temp



---------------  S Y S T E M  ---------------

OS:
 Windows 10 , 64 bit Build 19041 (10.0.19041.1889)
OS uptime: 0 days 4:02 hours

CPU: total 12 (initial active 12) (6 cores per cpu, 2 threads per core) family 6 model 158 stepping 10 microcode 0xb4, cx8, cmov, fxsr, ht, mmx, 3dnowpref, sse, sse2, sse3, ssse3, sse4.1, sse4.2, popcnt, lzcnt, tsc, tscinvbit, avx, avx2, aes, erms, clmul, bmi1, bmi2, adx, fma, vzeroupper, clflush, clflushopt

Memory: 4k page, system-wide physical 16257M (4922M free)
TotalPageFile size 16257M (AvailPageFile size 2M)
current process WorkingSet (physical memory assigned to process): 558M, peak: 663M
current process commit charge ("private bytes"): 478M, peak: 615M

vm_info: OpenJDK 64-Bit Server VM (17.0.4.1+1) for windows-amd64 JRE (17.0.4.1+1), built on Aug 17 2022 07:42:43 by "temurin" with MS VC++ 16.7 (VS2019)

END.
