#
# There is insufficient memory for the Java Runtime Environment to continue.
# Native memory allocation (mmap) failed to map 752877568 bytes for G1 virtual space
# Possible reasons:
#   The system is out of physical RAM or swap space
#   The process is running with CompressedOops enabled, and the Java Heap may be blocking the growth of the native heap
# Possible solutions:
#   Reduce memory load on the system
#   Increase physical memory or swap space
#   Check if swap backing store is full
#   Decrease Java heap size (-Xmx/-Xms)
#   Decrease number of Java threads
#   Decrease Java thread stack sizes (-Xss)
#   Set larger code cache with -XX:ReservedCodeCacheSize=
#   JVM is running with Zero Based Compressed Oops mode in which the Java heap is
#     placed in the first 32GB address space. The Java Heap base address is the
#     maximum limit for the native heap growth. Please use -XX:HeapBaseMinAddress
#     to set the Java Heap base and to place the Java Heap above 32GB virtual address.
# This output file may be truncated or incomplete.
#
#  Out of Memory Error (os_windows.cpp:3541), pid=13240, tid=9704
#
# JRE version: OpenJDK Runtime Environment Temurin-17.0.4.1+1 (17.0.4.1+1) (build 17.0.4.1+1)
# Java VM: OpenJDK 64-Bit Server VM Temurin-17.0.4.1+1 (17.0.4.1+1, mixed mode, emulated-client, tiered, compressed oops, compressed class ptrs, g1 gc, windows-amd64)
# No core dump will be written. Minidumps are not enabled by default on client versions of Windows
#

---------------  S U M M A R Y ------------

Command Line: -Dsts.lsp.client=vscode -Dsts.log.file=/dev/null -XX:TieredStopAtLevel=1 -Xlog:jni+resolve=off -Dspring.config.location=file:c:\Users\Jose Maria\.vscode\extensions\pivotal.vscode-spring-boot-1.39.0\language-server\BOOT-INF\classes\application.properties org.springframework.ide.vscode.boot.app.BootLanguageServerBootApp

Host: Intel(R) Core(TM) i7-8750H CPU @ 2.20GHz, 12 cores, 15G,  Windows 10 , 64 bit Build 19041 (10.0.19041.1889)
Time: Wed Oct 12 16:58:17 2022 Hora de verano romance elapsed time: 3.534543 seconds (0d 0h 0m 3s)

---------------  T H R E A D  ---------------

Current thread (0x000001f1544515d0):  VMThread "VM Thread" [stack: 0x0000003b95000000,0x0000003b95100000] [id=9704]

Stack: [0x0000003b95000000,0x0000003b95100000]
Native frames: (J=compiled Java code, j=interpreted, Vv=VM code, C=native code)
V  [jvm.dll+0x67731a]
V  [jvm.dll+0x832284]
V  [jvm.dll+0x833a2e]
V  [jvm.dll+0x834093]
V  [jvm.dll+0x245775]
V  [jvm.dll+0x674209]
V  [jvm.dll+0x668a92]
V  [jvm.dll+0x30471b]
V  [jvm.dll+0x30bc66]
V  [jvm.dll+0x35ba9e]
V  [jvm.dll+0x35bccf]
V  [jvm.dll+0x2db5b8]
V  [jvm.dll+0x2d986c]
V  [jvm.dll+0x2d8e3c]
V  [jvm.dll+0x31cd9b]
V  [jvm.dll+0x83853b]
V  [jvm.dll+0x839274]
V  [jvm.dll+0x83978c]
V  [jvm.dll+0x839b64]
V  [jvm.dll+0x839c30]
V  [jvm.dll+0x7e240a]
V  [jvm.dll+0x6761a5]
C  [ucrtbase.dll+0x21bb2]
C  [KERNEL32.DLL+0x17034]
C  [ntdll.dll+0x526a1]

VM_Operation (0x0000003b97bfe260): G1CollectForAllocation, mode: safepoint, requested by thread 0x000001f155d34db0


---------------  P R O C E S S  ---------------

Threads class SMR info:
_java_thread_list=0x000001f155c0b740, length=48, elements={
0x000001f15446a3a0, 0x000001f15446b210, 0x000001f1544ac130, 0x000001f1544ac9f0,
0x000001f1544ad2b0, 0x000001f1544adb70, 0x000001f1544ae430, 0x000001f1544aed30,
0x000001f1546b4a00, 0x000001f1546bbb60, 0x000001f1546cb3d0, 0x000001f1546d0010,
0x000001f1550eb3a0, 0x000001f1559a16c0, 0x000001f155b9f590, 0x000001f155ced5c0,
0x000001f155d2cad0, 0x000001f155d2b880, 0x000001f155d2bd50, 0x000001f155d2c220,
0x000001f155d2cfa0, 0x000001f155d2d680, 0x000001f155d37900, 0x000001f155d36f60,
0x000001f155d37dd0, 0x000001f155d34410, 0x000001f155d35c20, 0x000001f155d348e0,
0x000001f155d35750, 0x000001f155d360f0, 0x000001f155d34db0, 0x000001f155d365c0,
0x000001f155d36a90, 0x000001f155d35280, 0x000001f155d37430, 0x000001f156115f10,
0x000001f156119da0, 0x000001f156115a40, 0x000001f15611d290, 0x000001f15611ba80,
0x000001f156117720, 0x000001f156118590, 0x000001f15611b5b0, 0x000001f15611ac10,
0x000001f15611a270, 0x000001f15611a740, 0x000001f15611c8f0, 0x000001f15611bf50
}

Java Threads: ( => current thread )
  0x000001f15446a3a0 JavaThread "Reference Handler" daemon [_thread_blocked, id=3460, stack(0x0000003b95100000,0x0000003b95200000)]
  0x000001f15446b210 JavaThread "Finalizer" daemon [_thread_blocked, id=7484, stack(0x0000003b95200000,0x0000003b95300000)]
  0x000001f1544ac130 JavaThread "Signal Dispatcher" daemon [_thread_blocked, id=10048, stack(0x0000003b95300000,0x0000003b95400000)]
  0x000001f1544ac9f0 JavaThread "Attach Listener" daemon [_thread_blocked, id=16120, stack(0x0000003b95400000,0x0000003b95500000)]
  0x000001f1544ad2b0 JavaThread "Service Thread" daemon [_thread_blocked, id=14088, stack(0x0000003b95500000,0x0000003b95600000)]
  0x000001f1544adb70 JavaThread "Monitor Deflation Thread" daemon [_thread_blocked, id=10160, stack(0x0000003b95600000,0x0000003b95700000)]
  0x000001f1544ae430 JavaThread "C1 CompilerThread0" daemon [_thread_blocked, id=4940, stack(0x0000003b95700000,0x0000003b95800000)]
  0x000001f1544aed30 JavaThread "Sweeper thread" daemon [_thread_blocked, id=10588, stack(0x0000003b95800000,0x0000003b95900000)]
  0x000001f1546b4a00 JavaThread "C1 CompilerThread1" daemon [_thread_blocked, id=2712, stack(0x0000003b95900000,0x0000003b95a00000)]
  0x000001f1546bbb60 JavaThread "C1 CompilerThread2" daemon [_thread_blocked, id=15232, stack(0x0000003b95a00000,0x0000003b95b00000)]
  0x000001f1546cb3d0 JavaThread "Notification Thread" daemon [_thread_blocked, id=13768, stack(0x0000003b95b00000,0x0000003b95c00000)]
  0x000001f1546d0010 JavaThread "Common-Cleaner" daemon [_thread_blocked, id=2984, stack(0x0000003b95d00000,0x0000003b95e00000)]
  0x000001f1550eb3a0 JavaThread "C1 CompilerThread3" daemon [_thread_blocked, id=4984, stack(0x0000003b95e00000,0x0000003b95f00000)]
  0x000001f1559a16c0 JavaThread "boundedElastic-evictor-1" daemon [_thread_blocked, id=11504, stack(0x0000003b96700000,0x0000003b96800000)]
  0x000001f155b9f590 JavaThread "ForkJoinPool.commonPool-worker-1" daemon [_thread_blocked, id=8540, stack(0x0000003b96b00000,0x0000003b96c00000)]
  0x000001f155ced5c0 JavaThread "ClassGraph-worker-0" daemon [_thread_blocked, id=7312, stack(0x0000003b96c00000,0x0000003b96d00000)]
  0x000001f155d2cad0 JavaThread "ClassGraph-worker-1" daemon [_thread_blocked, id=9000, stack(0x0000003b96d00000,0x0000003b96e00000)]
  0x000001f155d2b880 JavaThread "ClassGraph-worker-2" daemon [_thread_blocked, id=2380, stack(0x0000003b96e00000,0x0000003b96f00000)]
  0x000001f155d2bd50 JavaThread "ClassGraph-worker-3" daemon [_thread_blocked, id=12056, stack(0x0000003b96f00000,0x0000003b97000000)]
  0x000001f155d2c220 JavaThread "ClassGraph-worker-4" daemon [_thread_blocked, id=2180, stack(0x0000003b97000000,0x0000003b97100000)]
  0x000001f155d2cfa0 JavaThread "ClassGraph-worker-5" daemon [_thread_blocked, id=10684, stack(0x0000003b97100000,0x0000003b97200000)]
  0x000001f155d2d680 JavaThread "ClassGraph-worker-6" daemon [_thread_blocked, id=3000, stack(0x0000003b97200000,0x0000003b97300000)]
  0x000001f155d37900 JavaThread "ClassGraph-worker-7" daemon [_thread_blocked, id=9044, stack(0x0000003b97300000,0x0000003b97400000)]
  0x000001f155d36f60 JavaThread "ClassGraph-worker-8" daemon [_thread_blocked, id=13372, stack(0x0000003b97400000,0x0000003b97500000)]
  0x000001f155d37dd0 JavaThread "ClassGraph-worker-9" daemon [_thread_blocked, id=7740, stack(0x0000003b97500000,0x0000003b97600000)]
  0x000001f155d34410 JavaThread "ClassGraph-worker-10" daemon [_thread_blocked, id=13664, stack(0x0000003b97600000,0x0000003b97700000)]
  0x000001f155d35c20 JavaThread "ClassGraph-worker-11" daemon [_thread_blocked, id=17048, stack(0x0000003b97700000,0x0000003b97800000)]
  0x000001f155d348e0 JavaThread "ClassGraph-worker-12" daemon [_thread_blocked, id=11536, stack(0x0000003b97800000,0x0000003b97900000)]
  0x000001f155d35750 JavaThread "ClassGraph-worker-13" daemon [_thread_blocked, id=13296, stack(0x0000003b97900000,0x0000003b97a00000)]
  0x000001f155d360f0 JavaThread "ClassGraph-worker-14" daemon [_thread_blocked, id=7844, stack(0x0000003b97a00000,0x0000003b97b00000)]
  0x000001f155d34db0 JavaThread "ClassGraph-worker-15" daemon [_thread_blocked, id=6044, stack(0x0000003b97b00000,0x0000003b97c00000)]
  0x000001f155d365c0 JavaThread "ClassGraph-worker-16" daemon [_thread_blocked, id=16644, stack(0x0000003b97c00000,0x0000003b97d00000)]
  0x000001f155d36a90 JavaThread "ClassGraph-worker-17" daemon [_thread_blocked, id=4348, stack(0x0000003b97d00000,0x0000003b97e00000)]
  0x000001f155d35280 JavaThread "ClassGraph-worker-18" daemon [_thread_blocked, id=3576, stack(0x0000003b97e00000,0x0000003b97f00000)]
  0x000001f155d37430 JavaThread "pool-9-thread-1" [_thread_blocked, id=17252, stack(0x0000003b97f00000,0x0000003b98000000)]
  0x000001f156115f10 JavaThread "LanguageServerApp-lifecycle" [_thread_blocked, id=12320, stack(0x0000003b98000000,0x0000003b98100000)]
  0x000001f156119da0 JavaThread "DestroyJavaVM" [_thread_blocked, id=11004, stack(0x0000003b94a00000,0x0000003b94b00000)]
  0x000001f156115a40 JavaThread "pool-10-thread-1" [_thread_in_native, id=7160, stack(0x0000003b98100000,0x0000003b98200000)]
  0x000001f15611d290 JavaThread "Simple-Language-Server main thread" daemon [_thread_blocked, id=9948, stack(0x0000003b98200000,0x0000003b98300000)]
  0x000001f15611ba80 JavaThread "pool-7-thread-1" [_thread_blocked, id=2088, stack(0x0000003b98300000,0x0000003b98400000)]
  0x000001f156117720 JavaThread "parallel-1" daemon [_thread_blocked, id=7344, stack(0x0000003b98400000,0x0000003b98500000)]
  0x000001f156118590 JavaThread "pool-4-thread-1" [_thread_blocked, id=16484, stack(0x0000003b98500000,0x0000003b98600000)]
  0x000001f15611b5b0 JavaThread "ForkJoinPool.commonPool-worker-2" daemon [_thread_blocked, id=12828, stack(0x0000003b98600000,0x0000003b98700000)]
  0x000001f15611ac10 JavaThread "pool-4-thread-2" [_thread_blocked, id=6264, stack(0x0000003b98700000,0x0000003b98800000)]
  0x000001f15611a270 JavaThread "parallel-2" daemon [_thread_blocked, id=14844, stack(0x0000003b98800000,0x0000003b98900000)]
  0x000001f15611a740 JavaThread "Reconciler-1" daemon [_thread_blocked, id=9296, stack(0x0000003b98900000,0x0000003b98a00000)]
  0x000001f15611c8f0 JavaThread "pool-5-thread-1" [_thread_blocked, id=17220, stack(0x0000003b98a00000,0x0000003b98b00000)]
  0x000001f15611bf50 JavaThread "parallel-3" daemon [_thread_blocked, id=16700, stack(0x0000003b98b00000,0x0000003b98c00000)]

Other Threads:
=>0x000001f1544515d0 VMThread "VM Thread" [stack: 0x0000003b95000000,0x0000003b95100000] [id=9704]
  0x000001f1546cb8a0 WatcherThread [stack: 0x0000003b95c00000,0x0000003b95d00000] [id=11172]
  0x000001f1418445f0 GCTaskThread "GC Thread#0" [stack: 0x0000003b94b00000,0x0000003b94c00000] [id=9568]
  0x000001f154e81000 GCTaskThread "GC Thread#1" [stack: 0x0000003b95f00000,0x0000003b96000000] [id=3512]
  0x000001f1552ce870 GCTaskThread "GC Thread#2" [stack: 0x0000003b96000000,0x0000003b96100000] [id=8468]
  0x000001f1552ceb20 GCTaskThread "GC Thread#3" [stack: 0x0000003b96100000,0x0000003b96200000] [id=8928]
  0x000001f1550f2240 GCTaskThread "GC Thread#4" [stack: 0x0000003b96200000,0x0000003b96300000] [id=10944]
  0x000001f1550f3b50 GCTaskThread "GC Thread#5" [stack: 0x0000003b96300000,0x0000003b96400000] [id=15596]
  0x000001f155428b40 GCTaskThread "GC Thread#6" [stack: 0x0000003b96400000,0x0000003b96500000] [id=10532]
  0x000001f1554b0fe0 GCTaskThread "GC Thread#7" [stack: 0x0000003b96500000,0x0000003b96600000] [id=5848]
  0x000001f1554b1290 GCTaskThread "GC Thread#8" [stack: 0x0000003b96600000,0x0000003b96700000] [id=8672]
  0x000001f1555d8f30 GCTaskThread "GC Thread#9" [stack: 0x0000003b96800000,0x0000003b96900000] [id=16408]
  0x000001f141856350 ConcurrentGCThread "G1 Main Marker" [stack: 0x0000003b94c00000,0x0000003b94d00000] [id=13192]
  0x000001f141857500 ConcurrentGCThread "G1 Conc#0" [stack: 0x0000003b94d00000,0x0000003b94e00000] [id=1236]
  0x000001f15565c620 ConcurrentGCThread "G1 Conc#1" [stack: 0x0000003b96900000,0x0000003b96a00000] [id=9020]
  0x000001f155561c70 ConcurrentGCThread "G1 Conc#2" [stack: 0x0000003b96a00000,0x0000003b96b00000] [id=16864]
  0x000001f1418a2f30 ConcurrentGCThread "G1 Refine#0" [stack: 0x0000003b94e00000,0x0000003b94f00000] [id=9620]
  0x000001f158652ac0 ConcurrentGCThread "G1 Refine#1" [stack: 0x0000003b98c00000,0x0000003b98d00000] [id=8824]
  0x000001f158652220 ConcurrentGCThread "G1 Refine#2" [stack: 0x0000003b98d00000,0x0000003b98e00000] [id=6164]
  0x000001f158651f40 ConcurrentGCThread "G1 Refine#3" [stack: 0x0000003b98e00000,0x0000003b98f00000] [id=3784]
  0x000001f1418a3950 ConcurrentGCThread "G1 Service" [stack: 0x0000003b94f00000,0x0000003b95000000] [id=8408]

Threads with active compile tasks:

VM state: at safepoint (normal execution)

VM Mutex/Monitor currently owned by a thread:  ([mutex/lock_event])
[0x000001f13f6483d0] Threads_lock - owner thread: 0x000001f1544515d0
[0x000001f1417d47d0] Heap_lock - owner thread: 0x000001f155d34db0

Heap address: 0x0000000701e00000, size: 4066 MB, Compressed Oops mode: Zero based, Oop shift amount: 3

CDS archive(s) not mapped
Compressed class space mapped at: 0x0000000800000000-0x0000000840000000, reserved size: 1073741824
Narrow klass base: 0x0000000800000000, Narrow klass shift: 0, Narrow klass range: 0x40000000

GC Precious Log:
 CPUs: 12 total, 12 available
 Memory: 16257M
 Large Page Support: Disabled
 NUMA Support: Disabled
 Compressed Oops: Enabled (Zero based)
 Heap Region Size: 2M
 Heap Min Capacity: 8M
 Heap Initial Capacity: 256M
 Heap Max Capacity: 4066M
 Pre-touch: Disabled
 Parallel Workers: 10
 Concurrent Workers: 3
 Concurrent Refinement Workers: 10
 Periodic GC: Disabled

Heap:
 garbage-first heap   total 688128K, used 172372K [0x0000000701e00000, 0x0000000800000000)
  region size 2048K, 23 young (47104K), 23 survivors (47104K)
 Metaspace       used 45984K, committed 46336K, reserved 1089536K
  class space    used 5674K, committed 5824K, reserved 1048576K

Heap Regions: E=young(eden), S=young(survivor), O=old, HS=humongous(starts), HC=humongous(continues), CS=collection set, F=free, OA=open archive, CA=closed archive, TAMS=top-at-mark-start (previous, next)
|   0|0x0000000701e00000, 0x0000000702000000, 0x0000000702000000|100%| O|  |TAMS 0x0000000702000000, 0x0000000701e00000| Untracked 
|   1|0x0000000702000000, 0x0000000702200000, 0x0000000702200000|100%| O|  |TAMS 0x0000000702200000, 0x0000000702000000| Untracked 
|   2|0x0000000702200000, 0x0000000702400000, 0x0000000702400000|100%| O|  |TAMS 0x0000000702400000, 0x0000000702200000| Untracked 
|   3|0x0000000702400000, 0x0000000702600000, 0x0000000702600000|100%| O|  |TAMS 0x0000000702600000, 0x0000000702400000| Untracked 
|   4|0x0000000702600000, 0x0000000702800000, 0x0000000702800000|100%| O|  |TAMS 0x0000000702800000, 0x0000000702600000| Untracked 
|   5|0x0000000702800000, 0x0000000702a00000, 0x0000000702a00000|100%| O|  |TAMS 0x0000000702a00000, 0x0000000702800000| Untracked 
|   6|0x0000000702a00000, 0x0000000702c00000, 0x0000000702c00000|100%| O|  |TAMS 0x0000000702c00000, 0x0000000702a00000| Untracked 
|   7|0x0000000702c00000, 0x0000000702e00000, 0x0000000702e00000|100%| O|  |TAMS 0x0000000702e00000, 0x0000000702c00000| Untracked 
|   8|0x0000000702e00000, 0x0000000703000000, 0x0000000703000000|100%| O|  |TAMS 0x0000000703000000, 0x0000000702e00000| Untracked 
|   9|0x0000000703000000, 0x0000000703200000, 0x0000000703200000|100%| O|  |TAMS 0x0000000703200000, 0x0000000703000000| Untracked 
|  10|0x0000000703200000, 0x0000000703400000, 0x0000000703400000|100%| O|  |TAMS 0x0000000703400000, 0x0000000703200000| Untracked 
|  11|0x0000000703400000, 0x0000000703600000, 0x0000000703600000|100%| O|  |TAMS 0x0000000703600000, 0x0000000703400000| Untracked 
|  12|0x0000000703600000, 0x0000000703800000, 0x0000000703800000|100%| O|  |TAMS 0x0000000703800000, 0x0000000703600000| Untracked 
|  13|0x0000000703800000, 0x0000000703a00000, 0x0000000703a00000|100%| O|  |TAMS 0x0000000703a00000, 0x0000000703800000| Untracked 
|  14|0x0000000703a00000, 0x0000000703c00000, 0x0000000703c00000|100%| O|  |TAMS 0x0000000703bad200, 0x0000000703a00000| Untracked 
|  15|0x0000000703c00000, 0x0000000703e00000, 0x0000000703e00000|100%| O|  |TAMS 0x0000000703c00000, 0x0000000703c00000| Untracked 
|  16|0x0000000703e00000, 0x0000000704000000, 0x0000000704000000|100%| O|  |TAMS 0x0000000703e00000, 0x0000000703e00000| Untracked 
|  17|0x0000000704000000, 0x0000000704200000, 0x0000000704200000|100%| O|  |TAMS 0x0000000704000000, 0x0000000704000000| Untracked 
|  18|0x0000000704200000, 0x0000000704400000, 0x0000000704400000|100%| O|  |TAMS 0x0000000704200000, 0x0000000704200000| Untracked 
|  19|0x0000000704400000, 0x0000000704600000, 0x0000000704600000|100%| O|  |TAMS 0x0000000704400000, 0x0000000704400000| Untracked 
|  20|0x0000000704600000, 0x0000000704800000, 0x0000000704800000|100%| O|  |TAMS 0x0000000704600000, 0x0000000704600000| Untracked 
|  21|0x0000000704800000, 0x0000000704a00000, 0x0000000704a00000|100%| O|  |TAMS 0x0000000704800000, 0x0000000704800000| Untracked 
|  22|0x0000000704a00000, 0x0000000704c00000, 0x0000000704c00000|100%| O|  |TAMS 0x0000000704a00000, 0x0000000704a00000| Untracked 
|  23|0x0000000704c00000, 0x0000000704e00000, 0x0000000704e00000|100%| O|  |TAMS 0x0000000704c00000, 0x0000000704c00000| Untracked 
|  24|0x0000000704e00000, 0x0000000705000000, 0x0000000705000000|100%| O|  |TAMS 0x0000000704e00000, 0x0000000704e00000| Untracked 
|  25|0x0000000705000000, 0x0000000705200000, 0x0000000705200000|100%| O|  |TAMS 0x0000000705000000, 0x0000000705000000| Untracked 
|  26|0x0000000705200000, 0x0000000705400000, 0x0000000705400000|100%| O|  |TAMS 0x0000000705200000, 0x0000000705200000| Untracked 
|  27|0x0000000705400000, 0x0000000705600000, 0x0000000705600000|100%| O|  |TAMS 0x0000000705400000, 0x0000000705400000| Untracked 
|  28|0x0000000705600000, 0x0000000705800000, 0x0000000705800000|100%| O|  |TAMS 0x0000000705600000, 0x0000000705600000| Untracked 
|  29|0x0000000705800000, 0x0000000705a00000, 0x0000000705a00000|100%| O|  |TAMS 0x0000000705800000, 0x0000000705800000| Untracked 
|  30|0x0000000705a00000, 0x0000000705c00000, 0x0000000705c00000|100%| O|  |TAMS 0x0000000705a00000, 0x0000000705a00000| Untracked 
|  31|0x0000000705c00000, 0x0000000705e00000, 0x0000000705e00000|100%| O|  |TAMS 0x0000000705c00000, 0x0000000705c00000| Untracked 
|  32|0x0000000705e00000, 0x0000000706000000, 0x0000000706000000|100%| O|  |TAMS 0x0000000705e00000, 0x0000000705e00000| Untracked 
|  33|0x0000000706000000, 0x0000000706200000, 0x0000000706200000|100%| O|  |TAMS 0x0000000706000000, 0x0000000706000000| Untracked 
|  34|0x0000000706200000, 0x0000000706400000, 0x0000000706400000|100%| O|  |TAMS 0x0000000706200000, 0x0000000706200000| Untracked 
|  35|0x0000000706400000, 0x0000000706600000, 0x0000000706600000|100%| O|  |TAMS 0x0000000706400000, 0x0000000706400000| Untracked 
|  36|0x0000000706600000, 0x0000000706800000, 0x0000000706800000|100%| O|  |TAMS 0x0000000706600000, 0x0000000706600000| Untracked 
|  37|0x0000000706800000, 0x0000000706a00000, 0x0000000706a00000|100%| O|  |TAMS 0x0000000706800000, 0x0000000706800000| Untracked 
|  38|0x0000000706a00000, 0x0000000706c00000, 0x0000000706c00000|100%| O|  |TAMS 0x0000000706a00000, 0x0000000706a00000| Untracked 
|  39|0x0000000706c00000, 0x0000000706e00000, 0x0000000706e00000|100%| O|  |TAMS 0x0000000706c00000, 0x0000000706c00000| Untracked 
|  40|0x0000000706e00000, 0x0000000707000000, 0x0000000707000000|100%| O|  |TAMS 0x0000000706e00000, 0x0000000706e00000| Untracked 
|  41|0x0000000707000000, 0x0000000707200000, 0x0000000707200000|100%| O|  |TAMS 0x0000000707000000, 0x0000000707000000| Untracked 
|  42|0x0000000707200000, 0x0000000707400000, 0x0000000707400000|100%| O|  |TAMS 0x0000000707200000, 0x0000000707200000| Untracked 
|  43|0x0000000707400000, 0x0000000707600000, 0x0000000707600000|100%| O|  |TAMS 0x0000000707400000, 0x0000000707400000| Untracked 
|  44|0x0000000707600000, 0x0000000707800000, 0x0000000707800000|100%| O|  |TAMS 0x0000000707600000, 0x0000000707600000| Untracked 
|  45|0x0000000707800000, 0x0000000707a00000, 0x0000000707a00000|100%| O|  |TAMS 0x0000000707800000, 0x0000000707800000| Untracked 
|  46|0x0000000707a00000, 0x0000000707c00000, 0x0000000707c00000|100%| O|  |TAMS 0x0000000707a00000, 0x0000000707a00000| Untracked 
|  47|0x0000000707c00000, 0x0000000707e00000, 0x0000000707e00000|100%| O|  |TAMS 0x0000000707c00000, 0x0000000707c00000| Untracked 
|  48|0x0000000707e00000, 0x0000000708000000, 0x0000000708000000|100%| O|  |TAMS 0x0000000707e00000, 0x0000000707e00000| Untracked 
|  49|0x0000000708000000, 0x0000000708200000, 0x0000000708200000|100%| O|  |TAMS 0x0000000708000000, 0x0000000708000000| Untracked 
|  50|0x0000000708200000, 0x0000000708400000, 0x0000000708400000|100%| O|  |TAMS 0x0000000708200000, 0x0000000708200000| Untracked 
|  51|0x0000000708400000, 0x0000000708600000, 0x0000000708600000|100%| O|  |TAMS 0x0000000708400000, 0x0000000708400000| Untracked 
|  52|0x0000000708600000, 0x0000000708800000, 0x0000000708800000|100%| O|  |TAMS 0x0000000708600000, 0x0000000708600000| Untracked 
|  53|0x0000000708800000, 0x0000000708a00000, 0x0000000708a00000|100%| O|  |TAMS 0x0000000708800000, 0x0000000708800000| Untracked 
|  54|0x0000000708a00000, 0x0000000708c00000, 0x0000000708c00000|100%| O|  |TAMS 0x0000000708a00000, 0x0000000708a00000| Untracked 
|  55|0x0000000708c00000, 0x0000000708e00000, 0x0000000708e00000|100%| O|  |TAMS 0x0000000708c00000, 0x0000000708c00000| Untracked 
|  56|0x0000000708e00000, 0x0000000709000000, 0x0000000709000000|100%| O|  |TAMS 0x0000000708e00000, 0x0000000708e00000| Untracked 
|  57|0x0000000709000000, 0x0000000709200000, 0x0000000709200000|100%| O|  |TAMS 0x0000000709000000, 0x0000000709000000| Untracked 
|  58|0x0000000709200000, 0x0000000709400000, 0x0000000709400000|100%| O|  |TAMS 0x0000000709200000, 0x0000000709200000| Untracked 
|  59|0x0000000709400000, 0x0000000709600000, 0x0000000709600000|100%| O|  |TAMS 0x0000000709400000, 0x0000000709400000| Untracked 
|  60|0x0000000709600000, 0x0000000709800000, 0x0000000709800000|100%| O|  |TAMS 0x0000000709600000, 0x0000000709600000| Untracked 
|  61|0x0000000709800000, 0x0000000709855000, 0x0000000709a00000| 16%| O|  |TAMS 0x0000000709800000, 0x0000000709800000| Untracked 
|  62|0x0000000709a00000, 0x0000000709a00000, 0x0000000709c00000|  0%| F|  |TAMS 0x0000000709a00000, 0x0000000709a00000| Untracked 
|  63|0x0000000709c00000, 0x0000000709c00000, 0x0000000709e00000|  0%| F|  |TAMS 0x0000000709c00000, 0x0000000709c00000| Untracked 
|  64|0x0000000709e00000, 0x0000000709e00000, 0x000000070a000000|  0%| F|  |TAMS 0x0000000709e00000, 0x0000000709e00000| Untracked 
|  65|0x000000070a000000, 0x000000070a000000, 0x000000070a200000|  0%| F|  |TAMS 0x000000070a000000, 0x000000070a000000| Untracked 
|  66|0x000000070a200000, 0x000000070a200000, 0x000000070a400000|  0%| F|  |TAMS 0x000000070a200000, 0x000000070a200000| Untracked 
|  67|0x000000070a400000, 0x000000070a400000, 0x000000070a600000|  0%| F|  |TAMS 0x000000070a400000, 0x000000070a400000| Untracked 
|  68|0x000000070a600000, 0x000000070a600000, 0x000000070a800000|  0%| F|  |TAMS 0x000000070a600000, 0x000000070a600000| Untracked 
|  69|0x000000070a800000, 0x000000070a800000, 0x000000070aa00000|  0%| F|  |TAMS 0x000000070a800000, 0x000000070a800000| Untracked 
|  70|0x000000070aa00000, 0x000000070aa00000, 0x000000070ac00000|  0%| F|  |TAMS 0x000000070aa00000, 0x000000070aa00000| Untracked 
|  71|0x000000070ac00000, 0x000000070ac00000, 0x000000070ae00000|  0%| F|  |TAMS 0x000000070ac00000, 0x000000070ac00000| Untracked 
|  72|0x000000070ae00000, 0x000000070ae00000, 0x000000070b000000|  0%| F|  |TAMS 0x000000070ae00000, 0x000000070ae00000| Untracked 
|  73|0x000000070b000000, 0x000000070b000000, 0x000000070b200000|  0%| F|  |TAMS 0x000000070b000000, 0x000000070b000000| Untracked 
|  74|0x000000070b200000, 0x000000070b200000, 0x000000070b400000|  0%| F|  |TAMS 0x000000070b200000, 0x000000070b200000| Untracked 
|  75|0x000000070b400000, 0x000000070b400000, 0x000000070b600000|  0%| F|  |TAMS 0x000000070b400000, 0x000000070b400000| Untracked 
|  76|0x000000070b600000, 0x000000070b600000, 0x000000070b800000|  0%| F|  |TAMS 0x000000070b600000, 0x000000070b600000| Untracked 
|  77|0x000000070b800000, 0x000000070b800000, 0x000000070ba00000|  0%| F|  |TAMS 0x000000070b800000, 0x000000070b800000| Untracked 
|  78|0x000000070ba00000, 0x000000070ba00000, 0x000000070bc00000|  0%| F|  |TAMS 0x000000070ba00000, 0x000000070ba00000| Untracked 
|  79|0x000000070bc00000, 0x000000070bc00000, 0x000000070be00000|  0%| F|  |TAMS 0x000000070bc00000, 0x000000070bc00000| Untracked 
|  80|0x000000070be00000, 0x000000070be00000, 0x000000070c000000|  0%| F|  |TAMS 0x000000070be00000, 0x000000070be00000| Untracked 
|  81|0x000000070c000000, 0x000000070c000000, 0x000000070c200000|  0%| F|  |TAMS 0x000000070c000000, 0x000000070c000000| Untracked 
|  82|0x000000070c200000, 0x000000070c200000, 0x000000070c400000|  0%| F|  |TAMS 0x000000070c200000, 0x000000070c200000| Untracked 
|  83|0x000000070c400000, 0x000000070c400000, 0x000000070c600000|  0%| F|  |TAMS 0x000000070c400000, 0x000000070c400000| Untracked 
|  84|0x000000070c600000, 0x000000070c600000, 0x000000070c800000|  0%| F|  |TAMS 0x000000070c600000, 0x000000070c600000| Untracked 
|  85|0x000000070c800000, 0x000000070c800000, 0x000000070ca00000|  0%| F|  |TAMS 0x000000070c800000, 0x000000070c800000| Untracked 
|  86|0x000000070ca00000, 0x000000070ca00000, 0x000000070cc00000|  0%| F|  |TAMS 0x000000070ca00000, 0x000000070ca00000| Untracked 
|  87|0x000000070cc00000, 0x000000070cc00000, 0x000000070ce00000|  0%| F|  |TAMS 0x000000070cc00000, 0x000000070cc00000| Untracked 
|  88|0x000000070ce00000, 0x000000070ce00000, 0x000000070d000000|  0%| F|  |TAMS 0x000000070ce00000, 0x000000070ce00000| Untracked 
|  89|0x000000070d000000, 0x000000070d000000, 0x000000070d200000|  0%| F|  |TAMS 0x000000070d000000, 0x000000070d000000| Untracked 
|  90|0x000000070d200000, 0x000000070d200000, 0x000000070d400000|  0%| F|  |TAMS 0x000000070d200000, 0x000000070d200000| Untracked 
|  91|0x000000070d400000, 0x000000070d400000, 0x000000070d600000|  0%| F|  |TAMS 0x000000070d400000, 0x000000070d400000| Untracked 
|  92|0x000000070d600000, 0x000000070d600000, 0x000000070d800000|  0%| F|  |TAMS 0x000000070d600000, 0x000000070d600000| Untracked 
|  93|0x000000070d800000, 0x000000070d800000, 0x000000070da00000|  0%| F|  |TAMS 0x000000070d800000, 0x000000070d800000| Untracked 
|  94|0x000000070da00000, 0x000000070da00000, 0x000000070dc00000|  0%| F|  |TAMS 0x000000070da00000, 0x000000070da00000| Untracked 
|  95|0x000000070dc00000, 0x000000070dc00000, 0x000000070de00000|  0%| F|  |TAMS 0x000000070dc00000, 0x000000070dc00000| Untracked 
|  96|0x000000070de00000, 0x000000070de00000, 0x000000070e000000|  0%| F|  |TAMS 0x000000070de00000, 0x000000070de00000| Untracked 
|  97|0x000000070e000000, 0x000000070e000000, 0x000000070e200000|  0%| F|  |TAMS 0x000000070e000000, 0x000000070e000000| Untracked 
|  98|0x000000070e200000, 0x000000070e200000, 0x000000070e400000|  0%| F|  |TAMS 0x000000070e200000, 0x000000070e200000| Untracked 
|  99|0x000000070e400000, 0x000000070e400000, 0x000000070e600000|  0%| F|  |TAMS 0x000000070e400000, 0x000000070e400000| Untracked 
| 100|0x000000070e600000, 0x000000070e600000, 0x000000070e800000|  0%| F|  |TAMS 0x000000070e600000, 0x000000070e600000| Untracked 
| 101|0x000000070e800000, 0x000000070e800000, 0x000000070ea00000|  0%| F|  |TAMS 0x000000070e800000, 0x000000070e800000| Untracked 
| 102|0x000000070ea00000, 0x000000070ea00000, 0x000000070ec00000|  0%| F|  |TAMS 0x000000070ea00000, 0x000000070ea00000| Untracked 
| 103|0x000000070ec00000, 0x000000070ec00000, 0x000000070ee00000|  0%| F|  |TAMS 0x000000070ec00000, 0x000000070ec00000| Untracked 
| 104|0x000000070ee00000, 0x000000070ee00000, 0x000000070f000000|  0%| F|  |TAMS 0x000000070ee00000, 0x000000070ee00000| Untracked 
| 105|0x000000070f000000, 0x000000070f000000, 0x000000070f200000|  0%| F|  |TAMS 0x000000070f000000, 0x000000070f000000| Untracked 
| 106|0x000000070f200000, 0x000000070f200000, 0x000000070f400000|  0%| F|  |TAMS 0x000000070f200000, 0x000000070f200000| Untracked 
| 107|0x000000070f400000, 0x000000070f400000, 0x000000070f600000|  0%| F|  |TAMS 0x000000070f400000, 0x000000070f400000| Untracked 
| 108|0x000000070f600000, 0x000000070f600000, 0x000000070f800000|  0%| F|  |TAMS 0x000000070f600000, 0x000000070f600000| Untracked 
| 109|0x000000070f800000, 0x000000070f800000, 0x000000070fa00000|  0%| F|  |TAMS 0x000000070f800000, 0x000000070f800000| Untracked 
| 110|0x000000070fa00000, 0x000000070fa00000, 0x000000070fc00000|  0%| F|  |TAMS 0x000000070fa00000, 0x000000070fa00000| Untracked 
| 111|0x000000070fc00000, 0x000000070fc00000, 0x000000070fe00000|  0%| F|  |TAMS 0x000000070fc00000, 0x000000070fc00000| Untracked 
| 112|0x000000070fe00000, 0x000000070fe00000, 0x0000000710000000|  0%| F|  |TAMS 0x000000070fe00000, 0x000000070fe00000| Untracked 
| 113|0x0000000710000000, 0x0000000710200000, 0x0000000710200000|100%| S|CS|TAMS 0x0000000710000000, 0x0000000710000000| Complete 
| 114|0x0000000710200000, 0x0000000710400000, 0x0000000710400000|100%| S|CS|TAMS 0x0000000710200000, 0x0000000710200000| Complete 
| 115|0x0000000710400000, 0x0000000710600000, 0x0000000710600000|100%| S|CS|TAMS 0x0000000710400000, 0x0000000710400000| Complete 
| 116|0x0000000710600000, 0x0000000710800000, 0x0000000710800000|100%| S|CS|TAMS 0x0000000710600000, 0x0000000710600000| Complete 
| 117|0x0000000710800000, 0x0000000710a00000, 0x0000000710a00000|100%| S|CS|TAMS 0x0000000710800000, 0x0000000710800000| Complete 
| 118|0x0000000710a00000, 0x0000000710c00000, 0x0000000710c00000|100%| S|CS|TAMS 0x0000000710a00000, 0x0000000710a00000| Complete 
| 119|0x0000000710c00000, 0x0000000710e00000, 0x0000000710e00000|100%| S|CS|TAMS 0x0000000710c00000, 0x0000000710c00000| Complete 
| 120|0x0000000710e00000, 0x0000000711000000, 0x0000000711000000|100%| S|CS|TAMS 0x0000000710e00000, 0x0000000710e00000| Complete 
| 121|0x0000000711000000, 0x0000000711200000, 0x0000000711200000|100%| S|CS|TAMS 0x0000000711000000, 0x0000000711000000| Complete 
| 122|0x0000000711200000, 0x0000000711400000, 0x0000000711400000|100%| S|CS|TAMS 0x0000000711200000, 0x0000000711200000| Complete 
| 123|0x0000000711400000, 0x0000000711600000, 0x0000000711600000|100%| S|CS|TAMS 0x0000000711400000, 0x0000000711400000| Complete 
| 124|0x0000000711600000, 0x0000000711800000, 0x0000000711800000|100%| S|CS|TAMS 0x0000000711600000, 0x0000000711600000| Complete 
| 125|0x0000000711800000, 0x0000000711a00000, 0x0000000711a00000|100%| S|CS|TAMS 0x0000000711800000, 0x0000000711800000| Complete 
| 126|0x0000000711a00000, 0x0000000711c00000, 0x0000000711c00000|100%| S|CS|TAMS 0x0000000711a00000, 0x0000000711a00000| Complete 
| 127|0x0000000711c00000, 0x0000000711c00000, 0x0000000711e00000|  0%| F|  |TAMS 0x0000000711c00000, 0x0000000711c00000| Untracked 
| 128|0x0000000711e00000, 0x0000000711e00000, 0x0000000712000000|  0%| F|  |TAMS 0x0000000711e00000, 0x0000000711e00000| Untracked 
| 129|0x0000000712000000, 0x0000000712000000, 0x0000000712200000|  0%| F|  |TAMS 0x0000000712000000, 0x0000000712000000| Untracked 
| 130|0x0000000712200000, 0x0000000712200000, 0x0000000712400000|  0%| F|  |TAMS 0x0000000712200000, 0x0000000712200000| Untracked 
| 131|0x0000000712400000, 0x0000000712400000, 0x0000000712600000|  0%| F|  |TAMS 0x0000000712400000, 0x0000000712400000| Untracked 
| 132|0x0000000712600000, 0x0000000712600000, 0x0000000712800000|  0%| F|  |TAMS 0x0000000712600000, 0x0000000712600000| Untracked 
| 133|0x0000000712800000, 0x0000000712800000, 0x0000000712a00000|  0%| F|  |TAMS 0x0000000712800000, 0x0000000712800000| Untracked 
| 134|0x0000000712a00000, 0x0000000712a00000, 0x0000000712c00000|  0%| F|  |TAMS 0x0000000712a00000, 0x0000000712a00000| Untracked 
| 135|0x0000000712c00000, 0x0000000712c00000, 0x0000000712e00000|  0%| F|  |TAMS 0x0000000712c00000, 0x0000000712c00000| Untracked 
| 136|0x0000000712e00000, 0x0000000712e00000, 0x0000000713000000|  0%| F|  |TAMS 0x0000000712e00000, 0x0000000712e00000| Untracked 
| 137|0x0000000713000000, 0x0000000713000000, 0x0000000713200000|  0%| F|  |TAMS 0x0000000713000000, 0x0000000713000000| Untracked 
| 138|0x0000000713200000, 0x0000000713200000, 0x0000000713400000|  0%| F|  |TAMS 0x0000000713200000, 0x0000000713200000| Untracked 
| 139|0x0000000713400000, 0x0000000713400000, 0x0000000713600000|  0%| F|  |TAMS 0x0000000713400000, 0x0000000713400000| Untracked 
| 140|0x0000000713600000, 0x0000000713600000, 0x0000000713800000|  0%| F|  |TAMS 0x0000000713600000, 0x0000000713600000| Untracked 
| 141|0x0000000713800000, 0x0000000713800000, 0x0000000713a00000|  0%| F|  |TAMS 0x0000000713800000, 0x0000000713800000| Untracked 
| 142|0x0000000713a00000, 0x0000000713c00000, 0x0000000713c00000|100%| S|CS|TAMS 0x0000000713a00000, 0x0000000713a00000| Complete 
| 143|0x0000000713c00000, 0x0000000713e00000, 0x0000000713e00000|100%| S|CS|TAMS 0x0000000713c00000, 0x0000000713c00000| Complete 
| 144|0x0000000713e00000, 0x0000000714000000, 0x0000000714000000|100%| S|CS|TAMS 0x0000000713e00000, 0x0000000713e00000| Complete 
| 145|0x0000000714000000, 0x0000000714200000, 0x0000000714200000|100%| S|CS|TAMS 0x0000000714000000, 0x0000000714000000| Complete 
| 146|0x0000000714200000, 0x0000000714400000, 0x0000000714400000|100%| S|CS|TAMS 0x0000000714200000, 0x0000000714200000| Complete 
| 147|0x0000000714400000, 0x0000000714600000, 0x0000000714600000|100%| S|CS|TAMS 0x0000000714400000, 0x0000000714400000| Complete 
| 148|0x0000000714600000, 0x0000000714800000, 0x0000000714800000|100%| S|CS|TAMS 0x0000000714600000, 0x0000000714600000| Complete 
| 149|0x0000000714800000, 0x0000000714a00000, 0x0000000714a00000|100%| S|CS|TAMS 0x0000000714800000, 0x0000000714800000| Complete 
| 150|0x0000000714a00000, 0x0000000714a00000, 0x0000000714c00000|  0%| F|  |TAMS 0x0000000714a00000, 0x0000000714a00000| Untracked 
| 151|0x0000000714c00000, 0x0000000714c00000, 0x0000000714e00000|  0%| F|  |TAMS 0x0000000714c00000, 0x0000000714c00000| Untracked 
| 152|0x0000000714e00000, 0x0000000714e00000, 0x0000000715000000|  0%| F|  |TAMS 0x0000000714e00000, 0x0000000714e00000| Untracked 
| 153|0x0000000715000000, 0x0000000715000000, 0x0000000715200000|  0%| F|  |TAMS 0x0000000715000000, 0x0000000715000000| Untracked 
| 154|0x0000000715200000, 0x0000000715200000, 0x0000000715400000|  0%| F|  |TAMS 0x0000000715200000, 0x0000000715200000| Untracked 
| 155|0x0000000715400000, 0x0000000715400000, 0x0000000715600000|  0%| F|  |TAMS 0x0000000715400000, 0x0000000715400000| Untracked 
| 156|0x0000000715600000, 0x0000000715600000, 0x0000000715800000|  0%| F|  |TAMS 0x0000000715600000, 0x0000000715600000| Untracked 
| 157|0x0000000715800000, 0x0000000715800000, 0x0000000715a00000|  0%| F|  |TAMS 0x0000000715800000, 0x0000000715800000| Untracked 
| 158|0x0000000715a00000, 0x0000000715c00000, 0x0000000715c00000|100%| S|CS|TAMS 0x0000000715a00000, 0x0000000715a00000| Complete 
| 159|0x0000000715c00000, 0x0000000715c00000, 0x0000000715e00000|  0%| F|  |TAMS 0x0000000715c00000, 0x0000000715c00000| Untracked 
| 160|0x0000000715e00000, 0x0000000715e00000, 0x0000000716000000|  0%| F|  |TAMS 0x0000000715e00000, 0x0000000715e00000| Untracked 
| 161|0x0000000716000000, 0x0000000716000000, 0x0000000716200000|  0%| F|  |TAMS 0x0000000716000000, 0x0000000716000000| Untracked 
| 162|0x0000000716200000, 0x0000000716200000, 0x0000000716400000|  0%| F|  |TAMS 0x0000000716200000, 0x0000000716200000| Untracked 
| 163|0x0000000716400000, 0x0000000716400000, 0x0000000716600000|  0%| F|  |TAMS 0x0000000716400000, 0x0000000716400000| Untracked 
| 164|0x0000000716600000, 0x0000000716600000, 0x0000000716800000|  0%| F|  |TAMS 0x0000000716600000, 0x0000000716600000| Untracked 
| 165|0x0000000716800000, 0x0000000716800000, 0x0000000716a00000|  0%| F|  |TAMS 0x0000000716800000, 0x0000000716800000| Untracked 
| 166|0x0000000716a00000, 0x0000000716a00000, 0x0000000716c00000|  0%| F|  |TAMS 0x0000000716a00000, 0x0000000716a00000| Untracked 
| 167|0x0000000716c00000, 0x0000000716c00000, 0x0000000716e00000|  0%| F|  |TAMS 0x0000000716c00000, 0x0000000716c00000| Untracked 
| 168|0x0000000716e00000, 0x0000000716e00000, 0x0000000717000000|  0%| F|  |TAMS 0x0000000716e00000, 0x0000000716e00000| Untracked 
| 169|0x0000000717000000, 0x0000000717000000, 0x0000000717200000|  0%| F|  |TAMS 0x0000000717000000, 0x0000000717000000| Untracked 
| 170|0x0000000717200000, 0x0000000717200000, 0x0000000717400000|  0%| F|  |TAMS 0x0000000717200000, 0x0000000717200000| Untracked 
| 171|0x0000000717400000, 0x0000000717400000, 0x0000000717600000|  0%| F|  |TAMS 0x0000000717400000, 0x0000000717400000| Untracked 
| 172|0x0000000717600000, 0x0000000717600000, 0x0000000717800000|  0%| F|  |TAMS 0x0000000717600000, 0x0000000717600000| Untracked 
| 173|0x0000000717800000, 0x0000000717800000, 0x0000000717a00000|  0%| F|  |TAMS 0x0000000717800000, 0x0000000717800000| Untracked 
| 174|0x0000000717a00000, 0x0000000717a00000, 0x0000000717c00000|  0%| F|  |TAMS 0x0000000717a00000, 0x0000000717a00000| Untracked 
| 175|0x0000000717c00000, 0x0000000717c00000, 0x0000000717e00000|  0%| F|  |TAMS 0x0000000717c00000, 0x0000000717c00000| Untracked 
| 176|0x0000000717e00000, 0x0000000717e00000, 0x0000000718000000|  0%| F|  |TAMS 0x0000000717e00000, 0x0000000717e00000| Untracked 
| 177|0x0000000718000000, 0x0000000718000000, 0x0000000718200000|  0%| F|  |TAMS 0x0000000718000000, 0x0000000718000000| Untracked 
| 178|0x0000000718200000, 0x0000000718200000, 0x0000000718400000|  0%| F|  |TAMS 0x0000000718200000, 0x0000000718200000| Untracked 
| 179|0x0000000718400000, 0x0000000718400000, 0x0000000718600000|  0%| F|  |TAMS 0x0000000718400000, 0x0000000718400000| Untracked 
| 180|0x0000000718600000, 0x0000000718600000, 0x0000000718800000|  0%| F|  |TAMS 0x0000000718600000, 0x0000000718600000| Untracked 
| 181|0x0000000718800000, 0x0000000718800000, 0x0000000718a00000|  0%| F|  |TAMS 0x0000000718800000, 0x0000000718800000| Untracked 
| 182|0x0000000718a00000, 0x0000000718a00000, 0x0000000718c00000|  0%| F|  |TAMS 0x0000000718a00000, 0x0000000718a00000| Untracked 
| 183|0x0000000718c00000, 0x0000000718c00000, 0x0000000718e00000|  0%| F|  |TAMS 0x0000000718c00000, 0x0000000718c00000| Untracked 
| 184|0x0000000718e00000, 0x0000000718e00000, 0x0000000719000000|  0%| F|  |TAMS 0x0000000718e00000, 0x0000000718e00000| Untracked 
| 185|0x0000000719000000, 0x0000000719000000, 0x0000000719200000|  0%| F|  |TAMS 0x0000000719000000, 0x0000000719000000| Untracked 
| 186|0x0000000719200000, 0x0000000719200000, 0x0000000719400000|  0%| F|  |TAMS 0x0000000719200000, 0x0000000719200000| Untracked 
| 187|0x0000000719400000, 0x0000000719400000, 0x0000000719600000|  0%| F|  |TAMS 0x0000000719400000, 0x0000000719400000| Untracked 
| 188|0x0000000719600000, 0x0000000719600000, 0x0000000719800000|  0%| F|  |TAMS 0x0000000719600000, 0x0000000719600000| Untracked 
| 189|0x0000000719800000, 0x0000000719800000, 0x0000000719a00000|  0%| F|  |TAMS 0x0000000719800000, 0x0000000719800000| Untracked 
| 190|0x0000000719a00000, 0x0000000719a00000, 0x0000000719c00000|  0%| F|  |TAMS 0x0000000719a00000, 0x0000000719a00000| Untracked 
| 191|0x0000000719c00000, 0x0000000719c00000, 0x0000000719e00000|  0%| F|  |TAMS 0x0000000719c00000, 0x0000000719c00000| Untracked 
| 192|0x0000000719e00000, 0x0000000719e00000, 0x000000071a000000|  0%| F|  |TAMS 0x0000000719e00000, 0x0000000719e00000| Untracked 
| 193|0x000000071a000000, 0x000000071a000000, 0x000000071a200000|  0%| F|  |TAMS 0x000000071a000000, 0x000000071a000000| Untracked 
| 194|0x000000071a200000, 0x000000071a200000, 0x000000071a400000|  0%| F|  |TAMS 0x000000071a200000, 0x000000071a200000| Untracked 
| 195|0x000000071a400000, 0x000000071a400000, 0x000000071a600000|  0%| F|  |TAMS 0x000000071a400000, 0x000000071a400000| Untracked 
| 196|0x000000071a600000, 0x000000071a600000, 0x000000071a800000|  0%| F|  |TAMS 0x000000071a600000, 0x000000071a600000| Untracked 
| 197|0x000000071a800000, 0x000000071a800000, 0x000000071aa00000|  0%| F|  |TAMS 0x000000071a800000, 0x000000071a800000| Untracked 
| 198|0x000000071aa00000, 0x000000071aa00000, 0x000000071ac00000|  0%| F|  |TAMS 0x000000071aa00000, 0x000000071aa00000| Untracked 
| 199|0x000000071ac00000, 0x000000071ac00000, 0x000000071ae00000|  0%| F|  |TAMS 0x000000071ac00000, 0x000000071ac00000| Untracked 
| 200|0x000000071ae00000, 0x000000071ae00000, 0x000000071b000000|  0%| F|  |TAMS 0x000000071ae00000, 0x000000071ae00000| Untracked 
| 201|0x000000071b000000, 0x000000071b000000, 0x000000071b200000|  0%| F|  |TAMS 0x000000071b000000, 0x000000071b000000| Untracked 
| 202|0x000000071b200000, 0x000000071b200000, 0x000000071b400000|  0%| F|  |TAMS 0x000000071b200000, 0x000000071b200000| Untracked 
| 203|0x000000071b400000, 0x000000071b400000, 0x000000071b600000|  0%| F|  |TAMS 0x000000071b400000, 0x000000071b400000| Untracked 
| 204|0x000000071b600000, 0x000000071b600000, 0x000000071b800000|  0%| F|  |TAMS 0x000000071b600000, 0x000000071b600000| Untracked 
| 205|0x000000071b800000, 0x000000071b800000, 0x000000071ba00000|  0%| F|  |TAMS 0x000000071b800000, 0x000000071b800000| Untracked 
| 206|0x000000071ba00000, 0x000000071ba00000, 0x000000071bc00000|  0%| F|  |TAMS 0x000000071ba00000, 0x000000071ba00000| Untracked 
| 207|0x000000071bc00000, 0x000000071bc00000, 0x000000071be00000|  0%| F|  |TAMS 0x000000071bc00000, 0x000000071bc00000| Untracked 
| 208|0x000000071be00000, 0x000000071be00000, 0x000000071c000000|  0%| F|  |TAMS 0x000000071be00000, 0x000000071be00000| Untracked 
| 209|0x000000071c000000, 0x000000071c000000, 0x000000071c200000|  0%| F|  |TAMS 0x000000071c000000, 0x000000071c000000| Untracked 
| 210|0x000000071c200000, 0x000000071c200000, 0x000000071c400000|  0%| F|  |TAMS 0x000000071c200000, 0x000000071c200000| Untracked 
| 211|0x000000071c400000, 0x000000071c400000, 0x000000071c600000|  0%| F|  |TAMS 0x000000071c400000, 0x000000071c400000| Untracked 
| 212|0x000000071c600000, 0x000000071c600000, 0x000000071c800000|  0%| F|  |TAMS 0x000000071c600000, 0x000000071c600000| Untracked 
| 213|0x000000071c800000, 0x000000071c800000, 0x000000071ca00000|  0%| F|  |TAMS 0x000000071c800000, 0x000000071c800000| Untracked 
| 214|0x000000071ca00000, 0x000000071ca00000, 0x000000071cc00000|  0%| F|  |TAMS 0x000000071ca00000, 0x000000071ca00000| Untracked 
| 215|0x000000071cc00000, 0x000000071cc00000, 0x000000071ce00000|  0%| F|  |TAMS 0x000000071cc00000, 0x000000071cc00000| Untracked 
| 216|0x000000071ce00000, 0x000000071ce00000, 0x000000071d000000|  0%| F|  |TAMS 0x000000071ce00000, 0x000000071ce00000| Untracked 
| 217|0x000000071d000000, 0x000000071d000000, 0x000000071d200000|  0%| F|  |TAMS 0x000000071d000000, 0x000000071d000000| Untracked 
| 218|0x000000071d200000, 0x000000071d200000, 0x000000071d400000|  0%| F|  |TAMS 0x000000071d200000, 0x000000071d200000| Untracked 
| 219|0x000000071d400000, 0x000000071d400000, 0x000000071d600000|  0%| F|  |TAMS 0x000000071d400000, 0x000000071d400000| Untracked 
| 220|0x000000071d600000, 0x000000071d600000, 0x000000071d800000|  0%| F|  |TAMS 0x000000071d600000, 0x000000071d600000| Untracked 
| 221|0x000000071d800000, 0x000000071d800000, 0x000000071da00000|  0%| F|  |TAMS 0x000000071d800000, 0x000000071d800000| Untracked 
| 222|0x000000071da00000, 0x000000071da00000, 0x000000071dc00000|  0%| F|  |TAMS 0x000000071da00000, 0x000000071da00000| Untracked 
| 223|0x000000071dc00000, 0x000000071dc00000, 0x000000071de00000|  0%| F|  |TAMS 0x000000071dc00000, 0x000000071dc00000| Untracked 
| 224|0x000000071de00000, 0x000000071de00000, 0x000000071e000000|  0%| F|  |TAMS 0x000000071de00000, 0x000000071de00000| Untracked 
| 225|0x000000071e000000, 0x000000071e000000, 0x000000071e200000|  0%| F|  |TAMS 0x000000071e000000, 0x000000071e000000| Untracked 
| 226|0x000000071e200000, 0x000000071e200000, 0x000000071e400000|  0%| F|  |TAMS 0x000000071e200000, 0x000000071e200000| Untracked 
| 227|0x000000071e400000, 0x000000071e400000, 0x000000071e600000|  0%| F|  |TAMS 0x000000071e400000, 0x000000071e400000| Untracked 
| 228|0x000000071e600000, 0x000000071e600000, 0x000000071e800000|  0%| F|  |TAMS 0x000000071e600000, 0x000000071e600000| Untracked 
| 229|0x000000071e800000, 0x000000071e800000, 0x000000071ea00000|  0%| F|  |TAMS 0x000000071e800000, 0x000000071e800000| Untracked 
| 230|0x000000071ea00000, 0x000000071ea00000, 0x000000071ec00000|  0%| F|  |TAMS 0x000000071ea00000, 0x000000071ea00000| Untracked 
| 231|0x000000071ec00000, 0x000000071ec00000, 0x000000071ee00000|  0%| F|  |TAMS 0x000000071ec00000, 0x000000071ec00000| Untracked 
| 232|0x000000071ee00000, 0x000000071ee00000, 0x000000071f000000|  0%| F|  |TAMS 0x000000071ee00000, 0x000000071ee00000| Untracked 
| 233|0x000000071f000000, 0x000000071f000000, 0x000000071f200000|  0%| F|  |TAMS 0x000000071f000000, 0x000000071f000000| Untracked 
| 234|0x000000071f200000, 0x000000071f200000, 0x000000071f400000|  0%| F|  |TAMS 0x000000071f200000, 0x000000071f200000| Untracked 
| 235|0x000000071f400000, 0x000000071f400000, 0x000000071f600000|  0%| F|  |TAMS 0x000000071f400000, 0x000000071f400000| Untracked 
| 236|0x000000071f600000, 0x000000071f600000, 0x000000071f800000|  0%| F|  |TAMS 0x000000071f600000, 0x000000071f600000| Untracked 
| 237|0x000000071f800000, 0x000000071f800000, 0x000000071fa00000|  0%| F|  |TAMS 0x000000071f800000, 0x000000071f800000| Untracked 
| 238|0x000000071fa00000, 0x000000071fa00000, 0x000000071fc00000|  0%| F|  |TAMS 0x000000071fa00000, 0x000000071fa00000| Untracked 
| 239|0x000000071fc00000, 0x000000071fc00000, 0x000000071fe00000|  0%| F|  |TAMS 0x000000071fc00000, 0x000000071fc00000| Untracked 
| 240|0x000000071fe00000, 0x000000071fe00000, 0x0000000720000000|  0%| F|  |TAMS 0x000000071fe00000, 0x000000071fe00000| Untracked 
| 241|0x0000000720000000, 0x0000000720000000, 0x0000000720200000|  0%| F|  |TAMS 0x0000000720000000, 0x0000000720000000| Untracked 
| 242|0x0000000720200000, 0x0000000720200000, 0x0000000720400000|  0%| F|  |TAMS 0x0000000720200000, 0x0000000720200000| Untracked 
| 243|0x0000000720400000, 0x0000000720400000, 0x0000000720600000|  0%| F|  |TAMS 0x0000000720400000, 0x0000000720400000| Untracked 
| 244|0x0000000720600000, 0x0000000720600000, 0x0000000720800000|  0%| F|  |TAMS 0x0000000720600000, 0x0000000720600000| Untracked 
| 245|0x0000000720800000, 0x0000000720800000, 0x0000000720a00000|  0%| F|  |TAMS 0x0000000720800000, 0x0000000720800000| Untracked 
| 246|0x0000000720a00000, 0x0000000720a00000, 0x0000000720c00000|  0%| F|  |TAMS 0x0000000720a00000, 0x0000000720a00000| Untracked 
| 247|0x0000000720c00000, 0x0000000720c00000, 0x0000000720e00000|  0%| F|  |TAMS 0x0000000720c00000, 0x0000000720c00000| Untracked 
| 248|0x0000000720e00000, 0x0000000720e00000, 0x0000000721000000|  0%| F|  |TAMS 0x0000000720e00000, 0x0000000720e00000| Untracked 
| 249|0x0000000721000000, 0x0000000721000000, 0x0000000721200000|  0%| F|  |TAMS 0x0000000721000000, 0x0000000721000000| Untracked 
| 250|0x0000000721200000, 0x0000000721200000, 0x0000000721400000|  0%| F|  |TAMS 0x0000000721200000, 0x0000000721200000| Untracked 
| 251|0x0000000721400000, 0x0000000721400000, 0x0000000721600000|  0%| F|  |TAMS 0x0000000721400000, 0x0000000721400000| Untracked 
| 252|0x0000000721600000, 0x0000000721600000, 0x0000000721800000|  0%| F|  |TAMS 0x0000000721600000, 0x0000000721600000| Untracked 
| 253|0x0000000721800000, 0x0000000721800000, 0x0000000721a00000|  0%| F|  |TAMS 0x0000000721800000, 0x0000000721800000| Untracked 
| 254|0x0000000721a00000, 0x0000000721a00000, 0x0000000721c00000|  0%| F|  |TAMS 0x0000000721a00000, 0x0000000721a00000| Untracked 
| 255|0x0000000721c00000, 0x0000000721c00000, 0x0000000721e00000|  0%| F|  |TAMS 0x0000000721c00000, 0x0000000721c00000| Untracked 
| 256|0x0000000721e00000, 0x0000000721e00000, 0x0000000722000000|  0%| F|  |TAMS 0x0000000721e00000, 0x0000000721e00000| Untracked 
| 257|0x0000000722000000, 0x0000000722000000, 0x0000000722200000|  0%| F|  |TAMS 0x0000000722000000, 0x0000000722000000| Untracked 
| 258|0x0000000722200000, 0x0000000722200000, 0x0000000722400000|  0%| F|  |TAMS 0x0000000722200000, 0x0000000722200000| Untracked 
| 259|0x0000000722400000, 0x0000000722400000, 0x0000000722600000|  0%| F|  |TAMS 0x0000000722400000, 0x0000000722400000| Untracked 
| 260|0x0000000722600000, 0x0000000722600000, 0x0000000722800000|  0%| F|  |TAMS 0x0000000722600000, 0x0000000722600000| Untracked 
| 261|0x0000000722800000, 0x0000000722800000, 0x0000000722a00000|  0%| F|  |TAMS 0x0000000722800000, 0x0000000722800000| Untracked 
| 262|0x0000000722a00000, 0x0000000722a00000, 0x0000000722c00000|  0%| F|  |TAMS 0x0000000722a00000, 0x0000000722a00000| Untracked 
| 263|0x0000000722c00000, 0x0000000722c00000, 0x0000000722e00000|  0%| F|  |TAMS 0x0000000722c00000, 0x0000000722c00000| Untracked 
| 264|0x0000000722e00000, 0x0000000722e00000, 0x0000000723000000|  0%| F|  |TAMS 0x0000000722e00000, 0x0000000722e00000| Untracked 
| 265|0x0000000723000000, 0x0000000723000000, 0x0000000723200000|  0%| F|  |TAMS 0x0000000723000000, 0x0000000723000000| Untracked 
| 266|0x0000000723200000, 0x0000000723200000, 0x0000000723400000|  0%| F|  |TAMS 0x0000000723200000, 0x0000000723200000| Untracked 
| 267|0x0000000723400000, 0x0000000723400000, 0x0000000723600000|  0%| F|  |TAMS 0x0000000723400000, 0x0000000723400000| Untracked 
| 268|0x0000000723600000, 0x0000000723600000, 0x0000000723800000|  0%| F|  |TAMS 0x0000000723600000, 0x0000000723600000| Untracked 
| 269|0x0000000723800000, 0x0000000723800000, 0x0000000723a00000|  0%| F|  |TAMS 0x0000000723800000, 0x0000000723800000| Untracked 
| 270|0x0000000723a00000, 0x0000000723a00000, 0x0000000723c00000|  0%| F|  |TAMS 0x0000000723a00000, 0x0000000723a00000| Untracked 
| 271|0x0000000723c00000, 0x0000000723c00000, 0x0000000723e00000|  0%| F|  |TAMS 0x0000000723c00000, 0x0000000723c00000| Untracked 
| 272|0x0000000723e00000, 0x0000000723e00000, 0x0000000724000000|  0%| F|  |TAMS 0x0000000723e00000, 0x0000000723e00000| Untracked 
| 273|0x0000000724000000, 0x0000000724000000, 0x0000000724200000|  0%| F|  |TAMS 0x0000000724000000, 0x0000000724000000| Untracked 
| 274|0x0000000724200000, 0x0000000724200000, 0x0000000724400000|  0%| F|  |TAMS 0x0000000724200000, 0x0000000724200000| Untracked 
| 275|0x0000000724400000, 0x0000000724400000, 0x0000000724600000|  0%| F|  |TAMS 0x0000000724400000, 0x0000000724400000| Untracked 
| 276|0x0000000724600000, 0x0000000724600000, 0x0000000724800000|  0%| F|  |TAMS 0x0000000724600000, 0x0000000724600000| Untracked 
| 277|0x0000000724800000, 0x0000000724800000, 0x0000000724a00000|  0%| F|  |TAMS 0x0000000724800000, 0x0000000724800000| Untracked 
| 278|0x0000000724a00000, 0x0000000724a00000, 0x0000000724c00000|  0%| F|  |TAMS 0x0000000724a00000, 0x0000000724a00000| Untracked 
| 279|0x0000000724c00000, 0x0000000724c00000, 0x0000000724e00000|  0%| F|  |TAMS 0x0000000724c00000, 0x0000000724c00000| Untracked 
| 280|0x0000000724e00000, 0x0000000724e00000, 0x0000000725000000|  0%| F|  |TAMS 0x0000000724e00000, 0x0000000724e00000| Untracked 
| 281|0x0000000725000000, 0x0000000725000000, 0x0000000725200000|  0%| F|  |TAMS 0x0000000725000000, 0x0000000725000000| Untracked 
| 282|0x0000000725200000, 0x0000000725200000, 0x0000000725400000|  0%| F|  |TAMS 0x0000000725200000, 0x0000000725200000| Untracked 
| 283|0x0000000725400000, 0x0000000725400000, 0x0000000725600000|  0%| F|  |TAMS 0x0000000725400000, 0x0000000725400000| Untracked 
| 284|0x0000000725600000, 0x0000000725600000, 0x0000000725800000|  0%| F|  |TAMS 0x0000000725600000, 0x0000000725600000| Untracked 
| 285|0x0000000725800000, 0x0000000725800000, 0x0000000725a00000|  0%| F|  |TAMS 0x0000000725800000, 0x0000000725800000| Untracked 
| 286|0x0000000725a00000, 0x0000000725a00000, 0x0000000725c00000|  0%| F|  |TAMS 0x0000000725a00000, 0x0000000725a00000| Untracked 
| 287|0x0000000725c00000, 0x0000000725c00000, 0x0000000725e00000|  0%| F|  |TAMS 0x0000000725c00000, 0x0000000725c00000| Untracked 
| 288|0x0000000725e00000, 0x0000000725e00000, 0x0000000726000000|  0%| F|  |TAMS 0x0000000725e00000, 0x0000000725e00000| Untracked 
| 289|0x0000000726000000, 0x0000000726000000, 0x0000000726200000|  0%| F|  |TAMS 0x0000000726000000, 0x0000000726000000| Untracked 
| 290|0x0000000726200000, 0x0000000726200000, 0x0000000726400000|  0%| F|  |TAMS 0x0000000726200000, 0x0000000726200000| Untracked 
| 291|0x0000000726400000, 0x0000000726400000, 0x0000000726600000|  0%| F|  |TAMS 0x0000000726400000, 0x0000000726400000| Untracked 
| 292|0x0000000726600000, 0x0000000726600000, 0x0000000726800000|  0%| F|  |TAMS 0x0000000726600000, 0x0000000726600000| Untracked 
| 293|0x0000000726800000, 0x0000000726800000, 0x0000000726a00000|  0%| F|  |TAMS 0x0000000726800000, 0x0000000726800000| Untracked 
| 294|0x0000000726a00000, 0x0000000726a00000, 0x0000000726c00000|  0%| F|  |TAMS 0x0000000726a00000, 0x0000000726a00000| Untracked 
| 295|0x0000000726c00000, 0x0000000726c00000, 0x0000000726e00000|  0%| F|  |TAMS 0x0000000726c00000, 0x0000000726c00000| Untracked 
| 296|0x0000000726e00000, 0x0000000726e00000, 0x0000000727000000|  0%| F|  |TAMS 0x0000000726e00000, 0x0000000726e00000| Untracked 
| 297|0x0000000727000000, 0x0000000727000000, 0x0000000727200000|  0%| F|  |TAMS 0x0000000727000000, 0x0000000727000000| Untracked 
| 298|0x0000000727200000, 0x0000000727200000, 0x0000000727400000|  0%| F|  |TAMS 0x0000000727200000, 0x0000000727200000| Untracked 
| 299|0x0000000727400000, 0x0000000727400000, 0x0000000727600000|  0%| F|  |TAMS 0x0000000727400000, 0x0000000727400000| Untracked 
| 300|0x0000000727600000, 0x0000000727600000, 0x0000000727800000|  0%| F|  |TAMS 0x0000000727600000, 0x0000000727600000| Untracked 
| 301|0x0000000727800000, 0x0000000727800000, 0x0000000727a00000|  0%| F|  |TAMS 0x0000000727800000, 0x0000000727800000| Untracked 
| 302|0x0000000727a00000, 0x0000000727a00000, 0x0000000727c00000|  0%| F|  |TAMS 0x0000000727a00000, 0x0000000727a00000| Untracked 
| 303|0x0000000727c00000, 0x0000000727c00000, 0x0000000727e00000|  0%| F|  |TAMS 0x0000000727c00000, 0x0000000727c00000| Untracked 
| 304|0x0000000727e00000, 0x0000000727e00000, 0x0000000728000000|  0%| F|  |TAMS 0x0000000727e00000, 0x0000000727e00000| Untracked 
| 305|0x0000000728000000, 0x0000000728000000, 0x0000000728200000|  0%| F|  |TAMS 0x0000000728000000, 0x0000000728000000| Untracked 
| 306|0x0000000728200000, 0x0000000728200000, 0x0000000728400000|  0%| F|  |TAMS 0x0000000728200000, 0x0000000728200000| Untracked 
| 307|0x0000000728400000, 0x0000000728400000, 0x0000000728600000|  0%| F|  |TAMS 0x0000000728400000, 0x0000000728400000| Untracked 
| 308|0x0000000728600000, 0x0000000728600000, 0x0000000728800000|  0%| F|  |TAMS 0x0000000728600000, 0x0000000728600000| Untracked 
| 309|0x0000000728800000, 0x0000000728800000, 0x0000000728a00000|  0%| F|  |TAMS 0x0000000728800000, 0x0000000728800000| Untracked 
| 310|0x0000000728a00000, 0x0000000728a00000, 0x0000000728c00000|  0%| F|  |TAMS 0x0000000728a00000, 0x0000000728a00000| Untracked 
| 311|0x0000000728c00000, 0x0000000728c00000, 0x0000000728e00000|  0%| F|  |TAMS 0x0000000728c00000, 0x0000000728c00000| Untracked 
| 312|0x0000000728e00000, 0x0000000728e00000, 0x0000000729000000|  0%| F|  |TAMS 0x0000000728e00000, 0x0000000728e00000| Untracked 
| 313|0x0000000729000000, 0x0000000729000000, 0x0000000729200000|  0%| F|  |TAMS 0x0000000729000000, 0x0000000729000000| Untracked 
| 314|0x0000000729200000, 0x0000000729200000, 0x0000000729400000|  0%| F|  |TAMS 0x0000000729200000, 0x0000000729200000| Untracked 
| 315|0x0000000729400000, 0x0000000729400000, 0x0000000729600000|  0%| F|  |TAMS 0x0000000729400000, 0x0000000729400000| Untracked 
| 316|0x0000000729600000, 0x0000000729600000, 0x0000000729800000|  0%| F|  |TAMS 0x0000000729600000, 0x0000000729600000| Untracked 
| 317|0x0000000729800000, 0x0000000729800000, 0x0000000729a00000|  0%| F|  |TAMS 0x0000000729800000, 0x0000000729800000| Untracked 
| 318|0x0000000729a00000, 0x0000000729a00000, 0x0000000729c00000|  0%| F|  |TAMS 0x0000000729a00000, 0x0000000729a00000| Untracked 
| 319|0x0000000729c00000, 0x0000000729c00000, 0x0000000729e00000|  0%| F|  |TAMS 0x0000000729c00000, 0x0000000729c00000| Untracked 
| 320|0x0000000729e00000, 0x0000000729e00000, 0x000000072a000000|  0%| F|  |TAMS 0x0000000729e00000, 0x0000000729e00000| Untracked 
| 321|0x000000072a000000, 0x000000072a000000, 0x000000072a200000|  0%| F|  |TAMS 0x000000072a000000, 0x000000072a000000| Untracked 
| 322|0x000000072a200000, 0x000000072a200000, 0x000000072a400000|  0%| F|  |TAMS 0x000000072a200000, 0x000000072a200000| Untracked 
| 323|0x000000072a400000, 0x000000072a400000, 0x000000072a600000|  0%| F|  |TAMS 0x000000072a400000, 0x000000072a400000| Untracked 
| 324|0x000000072a600000, 0x000000072a600000, 0x000000072a800000|  0%| F|  |TAMS 0x000000072a600000, 0x000000072a600000| Untracked 
| 325|0x000000072a800000, 0x000000072a800000, 0x000000072aa00000|  0%| F|  |TAMS 0x000000072a800000, 0x000000072a800000| Untracked 
| 326|0x000000072aa00000, 0x000000072aa00000, 0x000000072ac00000|  0%| F|  |TAMS 0x000000072aa00000, 0x000000072aa00000| Untracked 
| 327|0x000000072ac00000, 0x000000072ac00000, 0x000000072ae00000|  0%| F|  |TAMS 0x000000072ac00000, 0x000000072ac00000| Untracked 
| 328|0x000000072ae00000, 0x000000072ae00000, 0x000000072b000000|  0%| F|  |TAMS 0x000000072ae00000, 0x000000072ae00000| Untracked 
| 329|0x000000072b000000, 0x000000072b000000, 0x000000072b200000|  0%| F|  |TAMS 0x000000072b000000, 0x000000072b000000| Untracked 
| 330|0x000000072b200000, 0x000000072b200000, 0x000000072b400000|  0%| F|  |TAMS 0x000000072b200000, 0x000000072b200000| Untracked 
| 331|0x000000072b400000, 0x000000072b400000, 0x000000072b600000|  0%| F|  |TAMS 0x000000072b400000, 0x000000072b400000| Untracked 
| 332|0x000000072b600000, 0x000000072b600000, 0x000000072b800000|  0%| F|  |TAMS 0x000000072b600000, 0x000000072b600000| Untracked 
| 333|0x000000072b800000, 0x000000072b800000, 0x000000072ba00000|  0%| F|  |TAMS 0x000000072b800000, 0x000000072b800000| Untracked 
| 334|0x000000072ba00000, 0x000000072ba00000, 0x000000072bc00000|  0%| F|  |TAMS 0x000000072ba00000, 0x000000072ba00000| Untracked 
| 335|0x000000072bc00000, 0x000000072bc00000, 0x000000072be00000|  0%| F|  |TAMS 0x000000072bc00000, 0x000000072bc00000| Untracked 

Card table byte_map: [0x000001f147fa0000,0x000001f1487a0000] _byte_map_base: 0x000001f144791000

Marking Bits (Prev, Next): (CMBitMap*) 0x000001f141845c10, (CMBitMap*) 0x000001f141845c50
 Prev Bits: [0x000001f148fa0000, 0x000001f14cf28000)
 Next Bits: [0x000001f14cf30000, 0x000001f150eb8000)

Polling page: 0x000001f13f7b0000

Metaspace:

Usage:
  Non-class:     39.37 MB used.
      Class:      5.54 MB used.
       Both:     44.91 MB used.

Virtual space:
  Non-class space:       40.00 MB reserved,      39.56 MB ( 99%) committed,  5 nodes.
      Class space:        1.00 GB reserved,       5.69 MB ( <1%) committed,  1 nodes.
             Both:        1.04 GB reserved,      45.25 MB (  4%) committed. 

Chunk freelists:
   Non-Class:  336.00 KB
       Class:  2.20 MB
        Both:  2.53 MB

MaxMetaspaceSize: unlimited
CompressedClassSpaceSize: 1.00 GB
Initial GC threshold: 21.00 MB
Current GC threshold: 59.19 MB
CDS: off
MetaspaceReclaimPolicy: balanced
 - commit_granule_bytes: 65536.
 - commit_granule_words: 8192.
 - virtual_space_node_default_size: 1048576.
 - enlarge_chunks_in_place: 1.
 - new_chunks_are_fully_committed: 0.
 - uncommit_free_chunks: 1.
 - use_allocation_guard: 0.
 - handle_deallocations: 1.


Internal statistics:

num_allocs_failed_limit: 6.
num_arena_births: 392.
num_arena_deaths: 0.
num_vsnodes_births: 6.
num_vsnodes_deaths: 0.
num_space_committed: 724.
num_space_uncommitted: 0.
num_chunks_returned_to_freelist: 6.
num_chunks_taken_from_freelist: 1781.
num_chunk_merges: 6.
num_chunk_splits: 1263.
num_chunks_enlarged: 1003.
num_purges: 0.
num_inconsistent_stats: 0.

CodeCache: size=49152Kb used=11183Kb max_used=11183Kb free=37968Kb
 bounds [0x000001f144470000, 0x000001f144f60000, 0x000001f147470000]
 total_blobs=5298 nmethods=4716 adapters=506
 compilation: enabled
              stopped_count=0, restarted_count=0
 full_count=0

Compilation events (20 events):
Event: 3.508 Thread 0x000001f1546bbb60 nmethod 4717 0x000001f144f56c10 code [0x000001f144f56da0, 0x000001f144f56e78]
Event: 3.508 Thread 0x000001f1546b4a00 nmethod 4718 0x000001f144f56f10 code [0x000001f144f570a0, 0x000001f144f57178]
Event: 3.508 Thread 0x000001f1546bbb60 4715       1       io.github.classgraph.ObjectTypedValueWrapper::get (7 bytes)
Event: 3.508 Thread 0x000001f1546b4a00 4713       1       io.github.classgraph.MethodInfoList::<init> (5 bytes)
Event: 3.508 Thread 0x000001f1546bbb60 nmethod 4715 0x000001f144f57210 code [0x000001f144f573a0, 0x000001f144f57488]
Event: 3.508 Thread 0x000001f1546b4a00 nmethod 4713 0x000001f144f57510 code [0x000001f144f576a0, 0x000001f144f577d8]
Event: 3.508 Thread 0x000001f1544ae430 nmethod 4712 0x000001f144f57890 code [0x000001f144f57b20, 0x000001f144f58348]
Event: 3.508 Thread 0x000001f1550eb3a0 nmethod 4708 0x000001f144f58890 code [0x000001f144f58d00, 0x000001f144f5a118]
Event: 3.510 Thread 0x000001f1550eb3a0 4719       1       org.eclipse.jdt.core.dom.AST::modifying (19 bytes)
Event: 3.511 Thread 0x000001f1544ae430 4720   !   1       org.eclipse.jdt.core.dom.AST::disableEvents (26 bytes)
Event: 3.511 Thread 0x000001f1546bbb60 4721   !   1       org.eclipse.jdt.core.dom.AST::reenableEvents (26 bytes)
Event: 3.511 Thread 0x000001f1546b4a00 4722       1       org.eclipse.jdt.core.dom.AST::getBindingResolver (5 bytes)
Event: 3.511 Thread 0x000001f1550eb3a0 nmethod 4719 0x000001f144f5ab90 code [0x000001f144f5ad20, 0x000001f144f5ae38]
Event: 3.511 Thread 0x000001f1546b4a00 nmethod 4722 0x000001f144f5ae90 code [0x000001f144f5b020, 0x000001f144f5b0f8]
Event: 3.511 Thread 0x000001f1544ae430 nmethod 4720 0x000001f144f5b190 code [0x000001f144f5b320, 0x000001f144f5b4b8]
Event: 3.511 Thread 0x000001f1546bbb60 nmethod 4721 0x000001f144f5b590 code [0x000001f144f5b720, 0x000001f144f5b8b8]
Event: 3.511 Thread 0x000001f1544ae430 4723       1       org.eclipse.jdt.core.dom.ASTNode::hashCode (5 bytes)
Event: 3.511 Thread 0x000001f1550eb3a0 4724       1       org.eclipse.jdt.core.dom.AST::getDefaultNodeFlag (5 bytes)
Event: 3.511 Thread 0x000001f1544ae430 nmethod 4723 0x000001f144f5b990 code [0x000001f144f5bb20, 0x000001f144f5bc08]
Event: 3.511 Thread 0x000001f1550eb3a0 nmethod 4724 0x000001f144f5bc90 code [0x000001f144f5be20, 0x000001f144f5bef8]

GC Heap History (20 events):
Event: 2.219 GC heap after
{Heap after GC invocations=10 (full 0):
 garbage-first heap   total 155648K, used 47507K [0x0000000701e00000, 0x0000000800000000)
  region size 2048K, 4 young (8192K), 4 survivors (8192K)
 Metaspace       used 35812K, committed 36096K, reserved 1081344K
  class space    used 4645K, committed 4800K, reserved 1048576K
}
Event: 2.283 GC heap before
{Heap before GC invocations=11 (full 0):
 garbage-first heap   total 155648K, used 100755K [0x0000000701e00000, 0x0000000800000000)
  region size 2048K, 31 young (63488K), 4 survivors (8192K)
 Metaspace       used 36214K, committed 36544K, reserved 1081344K
  class space    used 4723K, committed 4864K, reserved 1048576K
}
Event: 2.303 GC heap after
{Heap after GC invocations=12 (full 0):
 garbage-first heap   total 155648K, used 59601K [0x0000000701e00000, 0x0000000800000000)
  region size 2048K, 4 young (8192K), 4 survivors (8192K)
 Metaspace       used 36214K, committed 36544K, reserved 1081344K
  class space    used 4723K, committed 4864K, reserved 1048576K
}
Event: 2.326 GC heap before
{Heap before GC invocations=12 (full 0):
 garbage-first heap   total 155648K, used 106705K [0x0000000701e00000, 0x0000000800000000)
  region size 2048K, 28 young (57344K), 4 survivors (8192K)
 Metaspace       used 36233K, committed 36544K, reserved 1081344K
  class space    used 4726K, committed 4864K, reserved 1048576K
}
Event: 2.333 GC heap after
{Heap after GC invocations=13 (full 0):
 garbage-first heap   total 311296K, used 62663K [0x0000000701e00000, 0x0000000800000000)
  region size 2048K, 2 young (4096K), 2 survivors (4096K)
 Metaspace       used 36233K, committed 36544K, reserved 1081344K
  class space    used 4726K, committed 4864K, reserved 1048576K
}
Event: 2.376 GC heap before
{Heap before GC invocations=13 (full 0):
 garbage-first heap   total 311296K, used 195783K [0x0000000701e00000, 0x0000000800000000)
  region size 2048K, 68 young (139264K), 2 survivors (4096K)
 Metaspace       used 36251K, committed 36544K, reserved 1081344K
  class space    used 4730K, committed 4864K, reserved 1048576K
}
Event: 2.380 GC heap after
{Heap after GC invocations=14 (full 0):
 garbage-first heap   total 311296K, used 67695K [0x0000000701e00000, 0x0000000800000000)
  region size 2048K, 4 young (8192K), 4 survivors (8192K)
 Metaspace       used 36251K, committed 36544K, reserved 1081344K
  class space    used 4730K, committed 4864K, reserved 1048576K
}
Event: 2.414 GC heap before
{Heap before GC invocations=14 (full 0):
 garbage-first heap   total 311296K, used 223343K [0x0000000701e00000, 0x0000000800000000)
  region size 2048K, 81 young (165888K), 4 survivors (8192K)
 Metaspace       used 36368K, committed 36736K, reserved 1081344K
  class space    used 4744K, committed 4928K, reserved 1048576K
}
Event: 2.419 GC heap after
{Heap after GC invocations=15 (full 0):
 garbage-first heap   total 311296K, used 74244K [0x0000000701e00000, 0x0000000800000000)
  region size 2048K, 7 young (14336K), 7 survivors (14336K)
 Metaspace       used 36368K, committed 36736K, reserved 1081344K
  class space    used 4744K, committed 4928K, reserved 1048576K
}
Event: 2.446 GC heap before
{Heap before GC invocations=15 (full 0):
 garbage-first heap   total 311296K, used 231940K [0x0000000701e00000, 0x0000000800000000)
  region size 2048K, 85 young (174080K), 7 survivors (14336K)
 Metaspace       used 36484K, committed 36800K, reserved 1081344K
  class space    used 4759K, committed 4928K, reserved 1048576K
}
Event: 2.453 GC heap after
{Heap after GC invocations=16 (full 0):
 garbage-first heap   total 311296K, used 80710K [0x0000000701e00000, 0x0000000800000000)
  region size 2048K, 7 young (14336K), 7 survivors (14336K)
 Metaspace       used 36484K, committed 36800K, reserved 1081344K
  class space    used 4759K, committed 4928K, reserved 1048576K
}
Event: 2.477 GC heap before
{Heap before GC invocations=16 (full 0):
 garbage-first heap   total 311296K, used 238406K [0x0000000701e00000, 0x0000000800000000)
  region size 2048K, 85 young (174080K), 7 survivors (14336K)
 Metaspace       used 36490K, committed 36800K, reserved 1081344K
  class space    used 4760K, committed 4928K, reserved 1048576K
}
Event: 2.486 GC heap after
{Heap after GC invocations=17 (full 0):
 garbage-first heap   total 688128K, used 87715K [0x0000000701e00000, 0x0000000800000000)
  region size 2048K, 7 young (14336K), 7 survivors (14336K)
 Metaspace       used 36490K, committed 36800K, reserved 1081344K
  class space    used 4760K, committed 4928K, reserved 1048576K
}
Event: 2.577 GC heap before
{Heap before GC invocations=17 (full 0):
 garbage-first heap   total 688128K, used 482979K [0x0000000701e00000, 0x0000000800000000)
  region size 2048K, 201 young (411648K), 7 survivors (14336K)
 Metaspace       used 36884K, committed 37184K, reserved 1081344K
  class space    used 4773K, committed 4928K, reserved 1048576K
}
Event: 2.587 GC heap after
{Heap after GC invocations=18 (full 0):
 garbage-first heap   total 688128K, used 103651K [0x0000000701e00000, 0x0000000800000000)
  region size 2048K, 15 young (30720K), 15 survivors (30720K)
 Metaspace       used 36884K, committed 37184K, reserved 1081344K
  class space    used 4773K, committed 4928K, reserved 1048576K
}
Event: 2.645 GC heap before
{Heap before GC invocations=18 (full 0):
 garbage-first heap   total 688128K, used 482531K [0x0000000701e00000, 0x0000000800000000)
  region size 2048K, 201 young (411648K), 15 survivors (30720K)
 Metaspace       used 37041K, committed 37312K, reserved 1089536K
  class space    used 4786K, committed 4928K, reserved 1048576K
}
Event: 2.660 GC heap after
{Heap after GC invocations=19 (full 0):
 garbage-first heap   total 688128K, used 125897K [0x0000000701e00000, 0x0000000800000000)
  region size 2048K, 23 young (47104K), 23 survivors (47104K)
 Metaspace       used 37041K, committed 37312K, reserved 1089536K
  class space    used 4786K, committed 4928K, reserved 1048576K
}
Event: 3.067 GC heap before
{Heap before GC invocations=19 (full 0):
 garbage-first heap   total 688128K, used 488393K [0x0000000701e00000, 0x0000000800000000)
  region size 2048K, 201 young (411648K), 23 survivors (47104K)
 Metaspace       used 41169K, committed 41536K, reserved 1089536K
  class space    used 5123K, committed 5312K, reserved 1048576K
}
Event: 3.090 GC heap after
{Heap after GC invocations=20 (full 0):
 garbage-first heap   total 688128K, used 151038K [0x0000000701e00000, 0x0000000800000000)
  region size 2048K, 24 young (49152K), 24 survivors (49152K)
 Metaspace       used 41169K, committed 41536K, reserved 1089536K
  class space    used 5123K, committed 5312K, reserved 1048576K
}
Event: 3.512 GC heap before
{Heap before GC invocations=20 (full 0):
 garbage-first heap   total 688128K, used 511486K [0x0000000701e00000, 0x0000000800000000)
  region size 2048K, 201 young (411648K), 24 survivors (49152K)
 Metaspace       used 45984K, committed 46336K, reserved 1089536K
  class space    used 5674K, committed 5824K, reserved 1048576K
}

Deoptimization events (14 events):
Event: 1.069 Thread 0x000001f1417d5ed0 DEOPT PACKING pc=0x000001f1449cf3f9 sp=0x0000003b94afd060
Event: 1.069 Thread 0x000001f1417d5ed0 DEOPT UNPACKING pc=0x000001f1444c2b43 sp=0x0000003b94afc540 mode 3
Event: 1.833 Thread 0x000001f155b9f590 DEOPT PACKING pc=0x000001f144b8be13 sp=0x0000003b96bfe5b0
Event: 1.833 Thread 0x000001f155b9f590 DEOPT UNPACKING pc=0x000001f1444c2b43 sp=0x0000003b96bfdaf8 mode 3
Event: 1.903 Thread 0x000001f155d36f60 DEOPT PACKING pc=0x000001f1449cdd89 sp=0x0000003b974ff110
Event: 1.903 Thread 0x000001f155d36f60 DEOPT UNPACKING pc=0x000001f1444c2b43 sp=0x0000003b974fe5a0 mode 3
Event: 1.923 Thread 0x000001f155d348e0 DEOPT PACKING pc=0x000001f1449caa9f sp=0x0000003b978fefb0
Event: 1.923 Thread 0x000001f155d348e0 DEOPT UNPACKING pc=0x000001f1444c2b43 sp=0x0000003b978fe408 mode 3
Event: 2.147 Thread 0x000001f15611d290 DEOPT PACKING pc=0x000001f144d0726d sp=0x0000003b982fd1e0
Event: 2.147 Thread 0x000001f15611d290 DEOPT UNPACKING pc=0x000001f1444c2b43 sp=0x0000003b982fc6f8 mode 3
Event: 2.796 Thread 0x000001f15611d290 DEOPT PACKING pc=0x000001f144dbaac5 sp=0x0000003b982fbec0
Event: 2.796 Thread 0x000001f15611d290 DEOPT UNPACKING pc=0x000001f1444c2b43 sp=0x0000003b982fb428 mode 3
Event: 3.496 Thread 0x000001f15611c8f0 DEOPT PACKING pc=0x000001f144f3f472 sp=0x0000003b98afdca0
Event: 3.496 Thread 0x000001f15611c8f0 DEOPT UNPACKING pc=0x000001f1444c2b43 sp=0x0000003b98afd198 mode 3

Classes unloaded (0 events):
No events

Classes redefined (0 events):
No events

Internal exceptions (20 events):
Event: 1.859 Thread 0x000001f155d2cad0 Exception <a 'sun/nio/fs/WindowsException'{0x0000000709aeeff8}> (0x0000000709aeeff8) 
thrown [s\src\hotspot\share\prims\jni.cpp, line 516]
Event: 1.859 Thread 0x000001f155d2cad0 Exception <a 'sun/nio/fs/WindowsException'{0x0000000709aef408}> (0x0000000709aef408) 
thrown [s\src\hotspot\share\prims\jni.cpp, line 516]
Event: 1.883 Thread 0x000001f1417d5ed0 Exception <a 'java/lang/NoSuchMethodError'{0x0000000709284ef8}: 'java.lang.Object java.lang.invoke.DirectMethodHandle$Holder.newInvokeSpecial(java.lang.Object, java.lang.Object, int, java.lang.Object, java.lang.Object)'> (0x0000000709284ef8) 
thrown [s\src\hotspot\share\interpreter\linkResolver.cpp, line 759]
Event: 1.886 Thread 0x000001f1417d5ed0 Exception <a 'java/lang/NoSuchMethodError'{0x0000000709296f60}: 'java.lang.Object java.lang.invoke.DirectMethodHandle$Holder.invokeSpecial(java.lang.Object, java.lang.Object, int, java.lang.Object, int, java.lang.Object)'> (0x0000000709296f60) 
thrown [s\src\hotspot\share\interpreter\linkResolver.cpp, line 759]
Event: 1.886 Thread 0x000001f1417d5ed0 Exception <a 'java/lang/NoSuchMethodError'{0x000000070929ed60}: 'java.lang.Object java.lang.invoke.DirectMethodHandle$Holder.newInvokeSpecial(java.lang.Object, java.lang.Object, int, java.lang.Object, int)'> (0x000000070929ed60) 
thrown [s\src\hotspot\share\interpreter\linkResolver.cpp, line 759]
Event: 1.887 Thread 0x000001f1417d5ed0 Exception <a 'java/lang/NoSuchMethodError'{0x00000007092a2e60}: 'java.lang.Object java.lang.invoke.DirectMethodHandle$Holder.invokeSpecial(java.lang.Object, java.lang.Object, java.lang.Object, int, java.lang.Object, int)'> (0x00000007092a2e60) 
thrown [s\src\hotspot\share\interpreter\linkResolver.cpp, line 759]
Event: 2.142 Thread 0x000001f156115a40 Exception <a 'java/lang/NoSuchMethodError'{0x000000070a680d98}: 'java.lang.Object java.lang.invoke.DirectMethodHandle$Holder.invokeStatic(java.lang.Object, java.lang.Object, java.lang.Object, int, java.lang.Object, java.lang.Object)'> (0x000000070a680d98) 
thrown [s\src\hotspot\share\interpreter\linkResolver.cpp, line 759]
Event: 2.144 Thread 0x000001f15611d290 Exception <a 'java/lang/NoSuchMethodError'{0x000000070a6aff30}: 'java.lang.Object java.lang.invoke.DirectMethodHandle$Holder.invokeStatic(java.lang.Object, int, java.lang.Object)'> (0x000000070a6aff30) 
thrown [s\src\hotspot\share\interpreter\linkResolver.cpp, line 759]
Event: 2.233 Thread 0x000001f15611d290 Exception <a 'java/lang/NoSuchMethodError'{0x000000070afe6060}: 'int java.lang.invoke.DirectMethodHandle$Holder.invokeStatic(java.lang.Object)'> (0x000000070afe6060) 
thrown [s\src\hotspot\share\interpreter\linkResolver.cpp, line 759]
Event: 2.233 Thread 0x000001f15611d290 Exception <a 'java/lang/NoSuchMethodError'{0x000000070afe9708}: 'int java.lang.invoke.DirectMethodHandle$Holder.invokeStaticInit(java.lang.Object)'> (0x000000070afe9708) 
thrown [s\src\hotspot\share\interpreter\linkResolver.cpp, line 759]
Event: 2.686 Thread 0x000001f155d365c0 Exception <a 'sun/nio/fs/WindowsException'{0x0000000728081390}> (0x0000000728081390) 
thrown [s\src\hotspot\share\prims\jni.cpp, line 516]
Event: 2.686 Thread 0x000001f155d365c0 Exception <a 'sun/nio/fs/WindowsException'{0x0000000728081780}> (0x0000000728081780) 
thrown [s\src\hotspot\share\prims\jni.cpp, line 516]
Event: 2.824 Thread 0x000001f15611d290 Exception <a 'java/lang/NoSuchMethodError'{0x000000071f940498}: 'java.lang.Object java.lang.invoke.Invokers$Holder.invoke_MT(java.lang.Object, java.lang.Object, java.lang.Object)'> (0x000000071f940498) 
thrown [s\src\hotspot\share\interpreter\linkResolver.cpp, line 759]
Event: 2.923 Thread 0x000001f15611d290 Exception <a 'java/lang/NoSuchMethodError'{0x000000071a884c68}: 'java.lang.Object java.lang.invoke.DirectMethodHandle$Holder.newInvokeSpecial(java.lang.Object, java.lang.Object, int)'> (0x000000071a884c68) 
thrown [s\src\hotspot\share\interpreter\linkResolver.cpp, line 759]
Event: 2.934 Thread 0x000001f15611c8f0 Exception <a 'java/lang/NoSuchMethodError'{0x000000071a322840}: 'java.lang.Object java.lang.invoke.Invokers$Holder.linkToTargetMethod(java.lang.Object, long, java.lang.Object)'> (0x000000071a322840) 
thrown [s\src\hotspot\share\interpreter\linkResolver.cpp, line 759]
Event: 3.235 Thread 0x000001f155d35280 Exception <a 'sun/nio/fs/WindowsException'{0x00000007242ab2d8}> (0x00000007242ab2d8) 
thrown [s\src\hotspot\share\prims\jni.cpp, line 516]
Event: 3.235 Thread 0x000001f155d35280 Exception <a 'sun/nio/fs/WindowsException'{0x00000007242ab7c8}> (0x00000007242ab7c8) 
thrown [s\src\hotspot\share\prims\jni.cpp, line 516]
Event: 3.279 Thread 0x000001f15611c8f0 Exception <a 'java/lang/IncompatibleClassChangeError'{0x000000072262df18}: Found class java.lang.Object, but interface was expected> (0x000000072262df18) 
thrown [s\src\hotspot\share\interpreter\linkResolver.cpp, line 826]
Event: 3.279 Thread 0x000001f15611b5b0 Exception <a 'java/lang/IncompatibleClassChangeError'{0x0000000721c0fa98}: Found class java.lang.Object, but interface was expected> (0x0000000721c0fa98) 
thrown [s\src\hotspot\share\interpreter\linkResolver.cpp, line 826]
Event: 3.496 Thread 0x000001f15611c8f0 Implicit null exception at 0x000001f144f3f22d to 0x000001f144f3f46d

VM Operations (20 events):
Event: 2.660 Executing VM operation: G1CollectForAllocation done
Event: 2.817 Executing VM operation: HandshakeAllThreads
Event: 2.817 Executing VM operation: HandshakeAllThreads done
Event: 2.818 Executing VM operation: HandshakeAllThreads
Event: 2.818 Executing VM operation: HandshakeAllThreads done
Event: 2.843 Executing VM operation: HandshakeAllThreads
Event: 2.843 Executing VM operation: HandshakeAllThreads done
Event: 2.862 Executing VM operation: HandshakeAllThreads
Event: 2.862 Executing VM operation: HandshakeAllThreads done
Event: 3.066 Executing VM operation: G1CollectForAllocation
Event: 3.067 Executing VM operation: G1CollectForAllocation done
Event: 3.067 Executing VM operation: G1CollectForAllocation
Event: 3.090 Executing VM operation: G1CollectForAllocation done
Event: 3.397 Executing VM operation: HandshakeAllThreads
Event: 3.397 Executing VM operation: HandshakeAllThreads done
Event: 3.397 Executing VM operation: HandshakeAllThreads
Event: 3.397 Executing VM operation: HandshakeAllThreads done
Event: 3.431 Executing VM operation: HandshakeAllThreads
Event: 3.431 Executing VM operation: HandshakeAllThreads done
Event: 3.512 Executing VM operation: G1CollectForAllocation

Events (20 events):
Event: 3.325 loading class java/util/stream/ReduceOps$4ReducingSink
Event: 3.325 loading class java/util/stream/ReduceOps$4ReducingSink done
Event: 3.328 loading class java/nio/file/Files$2
Event: 3.328 loading class java/nio/file/Files$2 done
Event: 3.429 loading class java/util/stream/ReferencePipeline$4
Event: 3.429 loading class java/util/stream/ReferencePipeline$4 done
Event: 3.429 loading class java/util/stream/Nodes$IntFixedNodeBuilder
Event: 3.429 loading class java/util/stream/Node$Builder$OfInt
Event: 3.430 loading class java/util/stream/Node$Builder$OfInt done
Event: 3.430 loading class java/util/stream/Nodes$IntArrayNode
Event: 3.430 loading class java/util/stream/Nodes$IntArrayNode done
Event: 3.430 loading class java/util/stream/Nodes$IntFixedNodeBuilder done
Event: 3.430 loading class java/util/stream/ReferencePipeline$4$1
Event: 3.430 loading class java/util/stream/ReferencePipeline$4$1 done
Event: 3.503 loading class java/util/stream/Streams$ConcatSpliterator$OfRef
Event: 3.503 loading class java/util/stream/Streams$ConcatSpliterator
Event: 3.503 loading class java/util/stream/Streams$ConcatSpliterator done
Event: 3.503 loading class java/util/stream/Streams$ConcatSpliterator$OfRef done
Event: 3.504 loading class java/util/stream/Streams$2
Event: 3.504 loading class java/util/stream/Streams$2 done


Dynamic libraries:
0x00007ff765800000 - 0x00007ff76580e000 	c:\Users\Jose Maria\.vscode\extensions\redhat.java-1.11.0-win32-x64\jre\17.0.4.1-win32-x86_64\bin\java.exe
0x00007ffbb5410000 - 0x00007ffbb5608000 	C:\WINDOWS\SYSTEM32\ntdll.dll
0x00007ffbb3d70000 - 0x00007ffbb3e2d000 	C:\WINDOWS\System32\KERNEL32.DLL
0x00007ffbb3050000 - 0x00007ffbb3322000 	C:\WINDOWS\System32\KERNELBASE.dll
0x00007ffbb2f50000 - 0x00007ffbb3050000 	C:\WINDOWS\System32\ucrtbase.dll
0x00007ffba27c0000 - 0x00007ffba27d8000 	c:\Users\Jose Maria\.vscode\extensions\redhat.java-1.11.0-win32-x64\jre\17.0.4.1-win32-x86_64\bin\jli.dll
0x00007ffb9d330000 - 0x00007ffb9d349000 	c:\Users\Jose Maria\.vscode\extensions\redhat.java-1.11.0-win32-x64\jre\17.0.4.1-win32-x86_64\bin\VCRUNTIME140.dll
0x00007ffbb4950000 - 0x00007ffbb4aed000 	C:\WINDOWS\System32\USER32.dll
0x00007ffbb3440000 - 0x00007ffbb3462000 	C:\WINDOWS\System32\win32u.dll
0x00007ffb9f840000 - 0x00007ffb9fada000 	C:\WINDOWS\WinSxS\amd64_microsoft.windows.common-controls_6595b64144ccf1df_6.0.19041.1110_none_60b5254171f9507e\COMCTL32.dll
0x00007ffbb4b10000 - 0x00007ffbb4b3b000 	C:\WINDOWS\System32\GDI32.dll
0x00007ffbb3f90000 - 0x00007ffbb402e000 	C:\WINDOWS\System32\msvcrt.dll
0x00007ffbb3330000 - 0x00007ffbb343f000 	C:\WINDOWS\System32\gdi32full.dll
0x00007ffbb2e80000 - 0x00007ffbb2f1d000 	C:\WINDOWS\System32\msvcp_win.dll
0x00007ffbb4030000 - 0x00007ffbb4060000 	C:\WINDOWS\System32\IMM32.DLL
0x00007ffbac3f0000 - 0x00007ffbac3fc000 	c:\Users\Jose Maria\.vscode\extensions\redhat.java-1.11.0-win32-x64\jre\17.0.4.1-win32-x86_64\bin\vcruntime140_1.dll
0x00007ffb76ff0000 - 0x00007ffb77081000 	c:\Users\Jose Maria\.vscode\extensions\redhat.java-1.11.0-win32-x64\jre\17.0.4.1-win32-x86_64\bin\msvcp140.dll
0x00007ffb1c4d0000 - 0x00007ffb1d116000 	c:\Users\Jose Maria\.vscode\extensions\redhat.java-1.11.0-win32-x64\jre\17.0.4.1-win32-x86_64\bin\server\jvm.dll
0x00007ffbb3c30000 - 0x00007ffbb3cde000 	C:\WINDOWS\System32\ADVAPI32.dll
0x00007ffbb3e40000 - 0x00007ffbb3edc000 	C:\WINDOWS\System32\sechost.dll
0x00007ffbb47b0000 - 0x00007ffbb48d5000 	C:\WINDOWS\System32\RPCRT4.dll
0x00007ffbb4940000 - 0x00007ffbb4948000 	C:\WINDOWS\System32\PSAPI.DLL
0x00007ffbad080000 - 0x00007ffbad08a000 	C:\WINDOWS\SYSTEM32\VERSION.dll
0x00007ffbac650000 - 0x00007ffbac677000 	C:\WINDOWS\SYSTEM32\WINMM.dll
0x00007ffbaadd0000 - 0x00007ffbaadd9000 	C:\WINDOWS\SYSTEM32\WSOCK32.dll
0x00007ffbb4b40000 - 0x00007ffbb4bab000 	C:\WINDOWS\System32\WS2_32.dll
0x00007ffbb09d0000 - 0x00007ffbb09e2000 	C:\WINDOWS\SYSTEM32\kernel.appcore.dll
0x00007ffbac430000 - 0x00007ffbac43a000 	c:\Users\Jose Maria\.vscode\extensions\redhat.java-1.11.0-win32-x64\jre\17.0.4.1-win32-x86_64\bin\jimage.dll
0x00007ffba9e70000 - 0x00007ffbaa054000 	C:\WINDOWS\SYSTEM32\DBGHELP.DLL
0x00007ffba9e40000 - 0x00007ffba9e6c000 	C:\WINDOWS\SYSTEM32\dbgcore.DLL
0x00007ffbb2c20000 - 0x00007ffbb2ca2000 	C:\WINDOWS\System32\bcryptPrimitives.dll
0x00007ffb902f0000 - 0x00007ffb90315000 	c:\Users\Jose Maria\.vscode\extensions\redhat.java-1.11.0-win32-x64\jre\17.0.4.1-win32-x86_64\bin\java.dll
0x00007ffb9c6b0000 - 0x00007ffb9c6c8000 	c:\Users\Jose Maria\.vscode\extensions\redhat.java-1.11.0-win32-x64\jre\17.0.4.1-win32-x86_64\bin\zip.dll
0x00007ffbb34d0000 - 0x00007ffbb3c13000 	C:\WINDOWS\System32\SHELL32.dll
0x00007ffbb0bc0000 - 0x00007ffbb1351000 	C:\WINDOWS\SYSTEM32\windows.storage.dll
0x00007ffbb5070000 - 0x00007ffbb53c4000 	C:\WINDOWS\System32\combase.dll
0x00007ffbb24a0000 - 0x00007ffbb24d0000 	C:\WINDOWS\SYSTEM32\Wldp.dll
0x00007ffbb3ee0000 - 0x00007ffbb3f8d000 	C:\WINDOWS\System32\SHCORE.dll
0x00007ffbb4dc0000 - 0x00007ffbb4e15000 	C:\WINDOWS\System32\shlwapi.dll
0x00007ffbb2a60000 - 0x00007ffbb2a7f000 	C:\WINDOWS\SYSTEM32\profapi.dll
0x00007ffb9cfa0000 - 0x00007ffb9cfb9000 	C:\Users\Jose Maria\.vscode\extensions\redhat.java-1.11.0-win32-x64\jre\17.0.4.1-win32-x86_64\bin\net.dll
0x00007ffba8560000 - 0x00007ffba866d000 	C:\WINDOWS\SYSTEM32\WINHTTP.dll
0x00007ffbb2200000 - 0x00007ffbb226a000 	C:\WINDOWS\system32\mswsock.dll
0x00007ffb989e0000 - 0x00007ffb989f5000 	C:\Users\Jose Maria\.vscode\extensions\redhat.java-1.11.0-win32-x64\jre\17.0.4.1-win32-x86_64\bin\nio.dll
0x00007ffbac320000 - 0x00007ffbac330000 	c:\Users\Jose Maria\.vscode\extensions\redhat.java-1.11.0-win32-x64\jre\17.0.4.1-win32-x86_64\bin\verify.dll
0x00007ffbac210000 - 0x00007ffbac219000 	C:\Users\Jose Maria\.vscode\extensions\redhat.java-1.11.0-win32-x64\jre\17.0.4.1-win32-x86_64\bin\management.dll
0x00007ffbaa740000 - 0x00007ffbaa74b000 	C:\Users\Jose Maria\.vscode\extensions\redhat.java-1.11.0-win32-x64\jre\17.0.4.1-win32-x86_64\bin\management_ext.dll
0x00007ffbaa970000 - 0x00007ffbaa987000 	C:\WINDOWS\system32\napinsp.dll
0x00007ffbaa840000 - 0x00007ffbaa85b000 	C:\WINDOWS\system32\pnrpnsp.dll
0x00007ffbade20000 - 0x00007ffbade35000 	C:\WINDOWS\system32\wshbth.dll
0x00007ffbabfc0000 - 0x00007ffbabfdd000 	C:\WINDOWS\system32\NLAapi.dll
0x00007ffbb1ef0000 - 0x00007ffbb1f2b000 	C:\WINDOWS\SYSTEM32\IPHLPAPI.DLL
0x00007ffbb1f30000 - 0x00007ffbb1ffa000 	C:\WINDOWS\SYSTEM32\DNSAPI.dll
0x00007ffbb3e30000 - 0x00007ffbb3e38000 	C:\WINDOWS\System32\NSI.dll
0x00007ffbaa890000 - 0x00007ffbaa8a2000 	C:\WINDOWS\System32\winrnr.dll
0x00007ffbaa880000 - 0x00007ffbaa88a000 	C:\Windows\System32\rasadhlp.dll
0x00007ffbaa4e0000 - 0x00007ffbaa560000 	C:\WINDOWS\System32\fwpuclnt.dll
0x00007ffbb2f20000 - 0x00007ffbb2f47000 	C:\WINDOWS\System32\bcrypt.dll
0x00007ffbb23f0000 - 0x00007ffbb2408000 	C:\WINDOWS\SYSTEM32\CRYPTSP.dll
0x00007ffbb1b20000 - 0x00007ffbb1b54000 	C:\WINDOWS\system32\rsaenh.dll
0x00007ffbb29e0000 - 0x00007ffbb2a0e000 	C:\WINDOWS\SYSTEM32\USERENV.dll
0x00007ffbb2410000 - 0x00007ffbb241c000 	C:\WINDOWS\SYSTEM32\CRYPTBASE.dll
0x00007ffbaa8f0000 - 0x00007ffbaa907000 	C:\WINDOWS\SYSTEM32\dhcpcsvc6.DLL
0x00007ffbaabb0000 - 0x00007ffbaabcd000 	C:\WINDOWS\SYSTEM32\dhcpcsvc.DLL

dbghelp: loaded successfully - version: 4.0.5 - missing functions: none
symbol engine: initialized successfully - sym options: 0x614 - pdb path: .;c:\Users\Jose Maria\.vscode\extensions\redhat.java-1.11.0-win32-x64\jre\17.0.4.1-win32-x86_64\bin;C:\WINDOWS\SYSTEM32;C:\WINDOWS\WinSxS\amd64_microsoft.windows.common-controls_6595b64144ccf1df_6.0.19041.1110_none_60b5254171f9507e;c:\Users\Jose Maria\.vscode\extensions\redhat.java-1.11.0-win32-x64\jre\17.0.4.1-win32-x86_64\bin\server

VM Arguments:
jvm_args: -Dsts.lsp.client=vscode -Dsts.log.file=/dev/null -XX:TieredStopAtLevel=1 -Xlog:jni+resolve=off -Dspring.config.location=file:c:\Users\Jose Maria\.vscode\extensions\pivotal.vscode-spring-boot-1.39.0\language-server\BOOT-INF\classes\application.properties 
java_command: org.springframework.ide.vscode.boot.app.BootLanguageServerBootApp
java_class_path (initial): c:\Users\Jose Maria\.vscode\extensions\pivotal.vscode-spring-boot-1.39.0\language-server\BOOT-INF\classes;c:\Users\Jose Maria\.vscode\extensions\pivotal.vscode-spring-boot-1.39.0\language-server\BOOT-INF\lib\annotations-23.0.0.jar;c:\Users\Jose Maria\.vscode\extensions\pivotal.vscode-spring-boot-1.39.0\language-server\BOOT-INF\lib\antlr-runtime-3.5.2.jar;c:\Users\Jose Maria\.vscode\extensions\pivotal.vscode-spring-boot-1.39.0\language-server\BOOT-INF\lib\antlr4-4.9.3.jar;c:\Users\Jose Maria\.vscode\extensions\pivotal.vscode-spring-boot-1.39.0\language-server\BOOT-INF\lib\antlr4-runtime-4.9.3.jar;c:\Users\Jose Maria\.vscode\extensions\pivotal.vscode-spring-boot-1.39.0\language-server\BOOT-INF\lib\asm-9.3.jar;c:\Users\Jose Maria\.vscode\extensions\pivotal.vscode-spring-boot-1.39.0\language-server\BOOT-INF\lib\asm-analysis-9.3.jar;c:\Users\Jose Maria\.vscode\extensions\pivotal.vscode-spring-boot-1.39.0\language-server\BOOT-INF\lib\asm-tree-9.3.jar;c:\Users\Jose Maria\.vscode\extensions\pivotal.vscode-spring-boot-1.39.0\language-server\BOOT-INF\lib\asm-util-9.3.jar;c:\Users\Jose Maria\.vscode\extensions\pivotal.vscode-spring-boot-1.39.0\language-server\BOOT-INF\lib\byte-buddy-1.12.13.jar;c:\Users\Jose Maria\.vscode\extensions\pivotal.vscode-spring-boot-1.39.0\language-server\BOOT-INF\lib\caffeine-2.9.3.jar;c:\Users\Jose Maria\.vscode\extensions\pivotal.vscode-spring-boot-1.39.0\language-server\BOOT-INF\lib\checker-qual-3.12.0.jar;c:\Users\Jose Maria\.vscode\extensions\pivotal.vscode-spring-boot-1.39.0\language-server\BOOT-INF\lib\classgraph-4.8.149.jar;c:\Users\Jose Maria\.vscode\extensions\pivotal.vscode-spring-boot-1.39.0\language-server\BOOT-INF\lib\commons-codec-1.15.jar;c:\Users\Jose Maria\.vscode\extensions\pivotal.vscode-spring-boot-1.39.0\language-server\BOOT-INF\lib\commons-compress-1.21.jar;c:\Users\Jose Maria\.vscode\extensions\pivotal.vscode-spring-boot-1.39.0\language-server\BOOT-INF\lib\commons-exec-1.3.jar;c:\Users\Jose Maria\
Launcher Type: SUN_STANDARD

[Global flags]
     intx CICompilerCount                          = 4                                         {product} {ergonomic}
     uint ConcGCThreads                            = 3                                         {product} {ergonomic}
     uint G1ConcRefinementThreads                  = 10                                        {product} {ergonomic}
   size_t G1HeapRegionSize                         = 2097152                                   {product} {ergonomic}
    uintx GCDrainStackTargetSize                   = 64                                        {product} {ergonomic}
   size_t InitialHeapSize                          = 268435456                                 {product} {ergonomic}
   size_t MarkStackSize                            = 4194304                                   {product} {ergonomic}
   size_t MaxHeapSize                              = 4263510016                                {product} {ergonomic}
   size_t MaxNewSize                               = 2556428288                                {product} {ergonomic}
   size_t MinHeapDeltaBytes                        = 2097152                                   {product} {ergonomic}
   size_t MinHeapSize                              = 8388608                                   {product} {ergonomic}
    uintx NonProfiledCodeHeapSize                  = 0                                      {pd product} {ergonomic}
     bool ProfileInterpreter                       = false                                  {pd product} {command line}
    uintx ProfiledCodeHeapSize                     = 0                                      {pd product} {ergonomic}
   size_t SoftMaxHeapSize                          = 4263510016                             {manageable} {ergonomic}
     intx TieredStopAtLevel                        = 1                                         {product} {command line}
     bool UseCompressedClassPointers               = true                           {product lp64_product} {ergonomic}
     bool UseCompressedOops                        = true                           {product lp64_product} {ergonomic}
     bool UseG1GC                                  = true                                      {product} {ergonomic}
     bool UseLargePagesIndividualAllocation        = false                                  {pd product} {ergonomic}

Logging:
Log output configuration:
 #0: stdout all=warning,jni+resolve=off uptime,level,tags
 #1: stderr all=off uptime,level,tags

Environment Variables:
JAVA_HOME=C:\Program Files\Java\jdk-16.0.2
PATH=C:\gurobi950\win64\bin;C:\Program Files\Common Files\Oracle\Java\javapath;C:\Program Files (x86)\Common Files\Oracle\Java\javapath;C:\WINDOWS\system32;C:\WINDOWS;C:\WINDOWS\System32\Wbem;C:\WINDOWS\System32\WindowsPowerShell\v1.0\;C:\WINDOWS\System32\OpenSSH\;C:\Program Files (x86)\Calibre2\;C:\Program Files\Calibre2\;C:\Program Files\AutoFirma\AutoFirma;C:\Program Files\Csound6_x64\bin;C:\Program Files (x86)\NVIDIA Corporation\PhysX\Common;C:\WINDOWS\system32;C:\WINDOWS;C:\WINDOWS\System32\Wbem;C:\WINDOWS\System32\WindowsPowerShell\v1.0\;C:\WINDOWS\System32\OpenSSH\;C:\Program Files\AutoFirmaJA\AutoFirmaJA;C:\Program Files\nodejs\;C:\Program Files\Git\cmd;C:\Users\Jose Maria\AppData\Local\Programs\Python\Python38-32\Scripts\;C:\Users\Jose Maria\AppData\Local\Programs\Python\Python38-32\;C:\Users\Jose Maria\AppData\Local\Microsoft\WindowsApps;C:\Users\Jose Maria\AppData\Roaming\npm;C:\Users\Jose Maria\AppData\Local\Programs\Microsoft VS Code\bin;F:\2 Ing. Soft\Web crawler\SeleniumWebDrivers;C:\Program Files\nodejs;F:\3 Ing. Soft\Diseo y pruebas 1\Prcticas\SW\apache-maven-3.8.6-bin\bin;
USERNAME=Jose Maria
OS=Windows_NT
PROCESSOR_IDENTIFIER=Intel64 Family 6 Model 158 Stepping 10, GenuineIntel
TMP=C:\Users\Jose Maria\AppData\Roaming\Local\Temp
TEMP=C:\Users\Jose Maria\AppData\Roaming\Local\Temp



---------------  S Y S T E M  ---------------

OS:
 Windows 10 , 64 bit Build 19041 (10.0.19041.1889)
OS uptime: 0 days 4:00 hours

CPU: total 12 (initial active 12) (6 cores per cpu, 2 threads per core) family 6 model 158 stepping 10 microcode 0xb4, cx8, cmov, fxsr, ht, mmx, 3dnowpref, sse, sse2, sse3, ssse3, sse4.1, sse4.2, popcnt, lzcnt, tsc, tscinvbit, avx, avx2, aes, erms, clmul, bmi1, bmi2, adx, fma, vzeroupper, clflush, clflushopt

Memory: 4k page, system-wide physical 16257M (4860M free)
TotalPageFile size 16257M (AvailPageFile size 111M)
current process WorkingSet (physical memory assigned to process): 833M, peak: 833M
current process commit charge ("private bytes"): 857M, peak: 1575M

vm_info: OpenJDK 64-Bit Server VM (17.0.4.1+1) for windows-amd64 JRE (17.0.4.1+1), built on Aug 17 2022 07:42:43 by "temurin" with MS VC++ 16.7 (VS2019)

END.
